<?xml version="1.0" encoding="UTF-8" ?>
<testsuite errors="2" skipped="0" tests="2" time="0" failures="0" name="com.hp.sdf.ngp.TestBaseConfigure">
  <properties>
    <property value="Sun Microsystems Inc." name="java.vendor"/>
    <property value="C:\Documents and Settings\wli12\.m2\repository" name="localRepository"/>
    <property value="c:\Program Files\Microsoft Visual Studio 9.0\Common7\Tools\" name="env.VS90COMNTOOLS"/>
    <property value="SUN_STANDARD" name="sun.java.launcher"/>
    <property value="HotSpot Client Compiler" name="sun.management.compiler"/>
    <property value="$P$G" name="env.PROMPT"/>
    <property value="Windows XP" name="os.name"/>
    <property value="NO" name="env.FP_NO_HOST_CHECK"/>
    <property value="C:\Program Files\Java\jdk1.5.0_18\jre\lib\rt.jar;C:\Program Files\Java\jdk1.5.0_18\jre\lib\i18n.jar;C:\Program Files\Java\jdk1.5.0_18\jre\lib\sunrsasign.jar;C:\Program Files\Java\jdk1.5.0_18\jre\lib\jsse.jar;C:\Program Files\Java\jdk1.5.0_18\jre\lib\jce.jar;C:\Program Files\Java\jdk1.5.0_18\jre\lib\charsets.jar;C:\Program Files\Java\jdk1.5.0_18\jre\classes" name="sun.boot.class.path"/>
    <property value="WLI54" name="env.COMPUTERNAME"/>
    <property value="C:\Documents and Settings\All Users" name="env.ALLUSERSPROFILE"/>
    <property value="windows" name="sun.desktop"/>
    <property value="Sun Microsystems Inc." name="java.vm.specification.vendor"/>
    <property value="1.5.0_18-b02" name="java.runtime.version"/>
    <property value="C:\Program Files\SQLXML 4.0\bin\" name="env.lib"/>
    <property value="\Documents and Settings\wli12" name="env.HOMEPATH"/>
    <property value="8080" name="http.proxyPort"/>
    <property value="wli12" name="user.name"/>
    <property value="en" name="user.language"/>
    <property value="C:\Program Files\Java\jdk1.5.0_18\jre\bin" name="sun.boot.library.path"/>
    <property value="C:\levi\develop\workspace\ngp-new\.metadata\.plugins\org.maven.ide.eclipse\launches\m2conf7735386631262876380.tmp" name="classworlds.conf"/>
    <property value="1.5.0_18" name="java.version"/>
    <property value="x86 Family 6 Model 15 Stepping 13, GenuineIntel" name="env.PROCESSOR_IDENTIFIER"/>
    <property value="Asia/Shanghai" name="user.timezone"/>
    <property value="Console" name="env.CLIENTNAME"/>
    <property value="C:\DOCUME~1\wli12\LOCALS~1\Temp" name="env.TEMP"/>
    <property value="32" name="sun.arch.data.model"/>
    <property value="C:\Program Files\Java\jdk1.5.0_18\jre\lib\endorsed" name="java.endorsed.dirs"/>
    <property value="pentium_pro+mmx pentium_pro pentium+mmx pentium i486 i386 i86" name="sun.cpu.isalist"/>
    <property value="C:" name="env.HOMEDRIVE"/>
    <property value="GBK" name="sun.jnu.encoding"/>
    <property value="sun.io" name="file.encoding.pkg"/>
    <property value="\" name="file.separator"/>
    <property value="Java Platform API Specification" name="java.specification.name"/>
    <property value="49.0" name="java.class.version"/>
    <property value="US" name="user.country"/>
    <property value="C:\Program Files\Java\jdk1.5.0_18\jre" name="java.home"/>
    <property value="C:\Documents and Settings\wli12\Application Data" name="env.APPDATA"/>
    <property value="mixed mode, sharing" name="java.vm.info"/>
    <property value="c:\tomcat" name="env.CATALINA_HOME"/>
    <property value="C:\WINDOWS\system32\cmd.exe" name="env.ComSpec"/>
    <property value="Windows_NT" name="env.OS"/>
    <property value="C:\Program Files\Common Files" name="env.CommonProgramFiles"/>
    <property value="5.1" name="os.version"/>
    <property value=";" name="path.separator"/>
    <property value="1.5.0_18-b02" name="java.vm.version"/>
    <property value="C:\Program\PHP\" name="env.PHPRC"/>
    <property value="C:\Documents and Settings\wli12" name="env.USERPROFILE"/>
    <property value="" name="user.variant"/>
    <property value="C:\Program Files\Java\jdk1.6.0_16" name="env.JAVA_HOME"/>
    <property value="sun.awt.windows.WPrinterJob" name="java.awt.printerjob"/>
    <property value="C:\DOCUME~1\wli12\LOCALS~1\Temp" name="env.TMP"/>
    <property value="UnicodeLittle" name="sun.io.unicode.encoding"/>
    <property value="sun.awt.windows.WToolkit" name="awt.toolkit"/>
    <property value="C:\Documents and Settings\wli12" name="user.home"/>
    <property value="Console" name="env.SESSIONNAME"/>
    <property value="Sun Microsystems Inc." name="java.specification.vendor"/>
    <property value="C:\levi\lib\apache-ant-1.7.0\lib\ant.jar" name="env.CLASSPATH"/>
    <property value="2" name="env.NUMBER_OF_PROCESSORS"/>
    <property value="C:\Program Files\Java\jdk1.5.0_18\bin;.;C:\WINDOWS\system32;C:\WINDOWS;C:\Ruby186\bin;C:\Program\PHP\;C:\WINDOWS\system32;C:\WINDOWS;C:\WINDOWS\System32\Wbem;C:\Program Files\ActivIdentity\ActivClient\;C:\Program Files\Microsoft SQL Server\80\Tools\Binn\;C:\Program Files\Microsoft SQL Server\90\Tools\binn\;C:\Program Files\TortoiseSVN\bin;C:\Program Files\Microsoft SQL Server\90\DTS\Binn\;C:\Program Files\Microsoft SQL Server\90\Tools\Binn\VSShell\Common7\IDE\;C:\Program Files\Microsoft Visual Studio 8\Common7\IDE\PrivateAssemblies\;C:\Program Files\IDM Computer Solutions\UltraEdit\;C:\Program Files\IDM Computer Solutions\UltraCompare\;C:\runnable\jadnt158" name="java.library.path"/>
    <property value="http://java.sun.com/" name="java.vendor.url"/>
    <property value="ASIAPACIFIC.CPQCORP.NET" name="env.USERDNSDOMAIN"/>
    <property value="Sun Microsystems Inc." name="java.vm.vendor"/>
    <property value="EMBEDDED" name="maven.home"/>
    <property value="Java(TM) 2 Runtime Environment, Standard Edition" name="java.runtime.name"/>
    <property value="/C:/levi/develop/eclipse/eclipse-SDK-3.4.1-win32-SVN-Maven/eclipse/plugins/org.maven.ide.components.maven_embedder_2.1.0.20080530-2300/jars/plexus-classworlds-1.2-alpha-12.jar" name="java.class.path"/>
    <property value="Java Virtual Machine Specification" name="java.vm.specification.name"/>
    <property value="\\G3W0042" name="env.LOGONSERVER"/>
    <property value="C:\WINDOWS" name="env.windir"/>
    <property value="null" name="7"/>
    <property value="1.0" name="java.vm.specification.version"/>
    <property value="x86" name="env.PROCESSOR_ARCHITECTURE"/>
    <property value="C:\levi\develop\workspace\ngp-new\.metadata\.plugins\org.maven.ide.eclipse\workspacestate.properties" name="m2eclipse.workspace.state"/>
    <property value="Service Pack 3" name="sun.os.patch.level"/>
    <property value="little" name="sun.cpu.endian"/>
    <property value="C:\Program Files" name="env.ProgramFiles"/>
    <property value="C:\levi\develop\workspace\ngp-new\hpsdf-ngp-custom-sbm-core\target\test-classes;C:\levi\develop\workspace\ngp-new\hpsdf-ngp-custom-sbm-core\target\classes;C:\Documents and Settings\wli12\.m2\repository\org\springframework\spring-core\3.0.0.RELEASE\spring-core-3.0.0.RELEASE.jar;C:\Documents and Settings\wli12\.m2\repository\org\springframework\spring-asm\3.0.0.RELEASE\spring-asm-3.0.0.RELEASE.jar;C:\Documents and Settings\wli12\.m2\repository\commons-logging\commons-logging\1.1\commons-logging-1.1.jar;C:\Documents and Settings\wli12\.m2\repository\org\springframework\spring-expression\3.0.0.RELEASE\spring-expression-3.0.0.RELEASE.jar;C:\Documents and Settings\wli12\.m2\repository\org\springframework\spring-beans\3.0.0.RELEASE\spring-beans-3.0.0.RELEASE.jar;C:\Documents and Settings\wli12\.m2\repository\org\springframework\spring-aop\3.0.0.RELEASE\spring-aop-3.0.0.RELEASE.jar;C:\Documents and Settings\wli12\.m2\repository\aopalliance\aopalliance\1.0\aopalliance-1.0.jar;C:\Documents and Settings\wli12\.m2\repository\org\springframework\spring-context\3.0.0.RELEASE\spring-context-3.0.0.RELEASE.jar;C:\Documents and Settings\wli12\.m2\repository\org\springframework\spring-context-support\3.0.0.RELEASE\spring-context-support-3.0.0.RELEASE.jar;C:\Documents and Settings\wli12\.m2\repository\org\springframework\spring-tx\3.0.0.RELEASE\spring-tx-3.0.0.RELEASE.jar;C:\Documents and Settings\wli12\.m2\repository\org\springframework\spring-jdbc\3.0.0.RELEASE\spring-jdbc-3.0.0.RELEASE.jar;C:\Documents and Settings\wli12\.m2\repository\org\springframework\spring-orm\3.0.0.RELEASE\spring-orm-3.0.0.RELEASE.jar;C:\Documents and Settings\wli12\.m2\repository\org\springframework\spring-oxm\3.0.0.RELEASE\spring-oxm-3.0.0.RELEASE.jar;C:\Documents and Settings\wli12\.m2\repository\org\springframework\spring-web\3.0.0.RELEASE\spring-web-3.0.0.RELEASE.jar;C:\Documents and Settings\wli12\.m2\repository\org\springframework\spring-webmvc\3.0.0.RELEASE\spring-webmvc-3.0.0.RELEASE.jar;C:\Documents and Settings\wli12\.m2\repository\stax\stax\1.2.0\stax-1.2.0.jar;C:\Documents and Settings\wli12\.m2\repository\stax\stax-api\1.0.1\stax-api-1.0.1.jar;C:\Documents and Settings\wli12\.m2\repository\org\springframework\spring-webmvc-portlet\3.0.0.RELEASE\spring-webmvc-portlet-3.0.0.RELEASE.jar;C:\Documents and Settings\wli12\.m2\repository\org\springframework\spring-test\3.0.0.RELEASE\spring-test-3.0.0.RELEASE.jar;C:\Documents and Settings\wli12\.m2\repository\commons-lang\commons-lang\2.2\commons-lang-2.2.jar;C:\Documents and Settings\wli12\.m2\repository\commons-beanutils\commons-beanutils\1.7.0\commons-beanutils-1.7.0.jar;C:\Documents and Settings\wli12\.m2\repository\javax\annotation\jsr250-api\1.0\jsr250-api-1.0.jar;C:\Documents and Settings\wli12\.m2\repository\junit\junit\4.6\junit-4.6.jar;C:\Documents and Settings\wli12\.m2\repository\org\jmock\jmock-junit4\2.4.0\jmock-junit4-2.4.0.jar;C:\Documents and Settings\wli12\.m2\repository\org\jmock\jmock\2.4.0\jmock-2.4.0.jar;C:\Documents and Settings\wli12\.m2\repository\org\hamcrest\hamcrest-core\1.1\hamcrest-core-1.1.jar;C:\Documents and Settings\wli12\.m2\repository\org\hamcrest\hamcrest-library\1.1\hamcrest-library-1.1.jar;C:\Documents and Settings\wli12\.m2\repository\junit\junit-dep\4.4\junit-dep-4.4.jar;C:\Documents and Settings\wli12\.m2\repository\org\dbunit\dbunit\2.4.4\dbunit-2.4.4.jar;C:\Documents and Settings\wli12\.m2\repository\org\slf4j\slf4j-api\1.5.2\slf4j-api-1.5.2.jar;C:\Documents and Settings\wli12\.m2\repository\commons-collections\commons-collections\3.2.1\commons-collections-3.2.1.jar;C:\Documents and Settings\wli12\.m2\repository\org\slf4j\slf4j-log4j12\1.5.2\slf4j-log4j12-1.5.2.jar;C:\Documents and Settings\wli12\.m2\repository\log4j\log4j\1.2.13\log4j-1.2.13.jar;C:\Documents and Settings\wli12\.m2\repository\org\slf4j\jcl-over-slf4j\1.5.2\jcl-over-slf4j-1.5.2.jar;C:\Documents and Settings\wli12\.m2\repository\hsqldb\hsqldb\1.8.0.7\hsqldb-1.8.0.7.jar;C:\Documents and Settings\wli12\.m2\repository\javax\persistence\persistence-api\1.0\persistence-api-1.0.jar;C:\Documents and Settings\wli12\.m2\repository\org\hibernate\hibernate\3.2.6.ga\hibernate-3.2.6.ga.jar;C:\Documents and Settings\wli12\.m2\repository\net\sf\ehcache\ehcache\1.2.3\ehcache-1.2.3.jar;C:\Documents and Settings\wli12\.m2\repository\javax\transaction\jta\1.0.1B\jta-1.0.1B.jar;C:\Documents and Settings\wli12\.m2\repository\asm\asm-attrs\1.5.3\asm-attrs-1.5.3.jar;C:\Documents and Settings\wli12\.m2\repository\dom4j\dom4j\1.6.1\dom4j-1.6.1.jar;C:\Documents and Settings\wli12\.m2\repository\antlr\antlr\2.7.6\antlr-2.7.6.jar;C:\Documents and Settings\wli12\.m2\repository\cglib\cglib\2.1_3\cglib-2.1_3.jar;C:\Documents and Settings\wli12\.m2\repository\asm\asm\1.5.3\asm-1.5.3.jar;C:\Documents and Settings\wli12\.m2\repository\org\hibernate\hibernate-annotations\3.2.1.ga\hibernate-annotations-3.2.1.ga.jar;C:\Documents and Settings\wli12\.m2\repository\org\hibernate\hibernate-entitymanager\3.2.1.ga\hibernate-entitymanager-3.2.1.ga.jar;C:\Documents and Settings\wli12\.m2\repository\jboss\javassist\3.3.ga\javassist-3.3.ga.jar;C:\Documents and Settings\wli12\.m2\repository\jboss\jboss-archive-browsing\5.0.0alpha-200607201-119\jboss-archive-browsing-5.0.0alpha-200607201-119.jar;C:\Documents and Settings\wli12\.m2\repository\jboss\jboss-system\4.2.2.GA\jboss-system-4.2.2.GA.jar;C:\Documents and Settings\wli12\.m2\repository\javax\mail\mail\1.4.1\mail-1.4.1.jar;C:\Documents and Settings\wli12\.m2\repository\javax\activation\activation\1.1\activation-1.1.jar;C:\Documents and Settings\wli12\.m2\repository\jboss\jbossall-client\4.2.2.GA\jbossall-client-4.2.2.GA.jar;C:\Documents and Settings\wli12\.m2\repository\jboss\jboss-annotations-ejb3\4.2.2.GA\jboss-annotations-ejb3-4.2.2.GA.jar;C:\Documents and Settings\wli12\.m2\repository\jboss\jboss-ejb3x\4.2.2.GA\jboss-ejb3x-4.2.2.GA.jar;C:\Documents and Settings\wli12\.m2\repository\org\apache\xmlbeans\xmlbeans\2.4.0\xmlbeans-2.4.0.jar;C:\levi\develop\workspace\ngp-new\hpsdf-ngp-custom-sbm-api\target\classes;C:\levi\develop\workspace\ngp-new\hpsdf-ngp-module-core\target\classes;C:\Documents and Settings\wli12\.m2\repository\commons-net\commons-net\20030805.205232\commons-net-20030805.205232.jar;C:\Documents and Settings\wli12\.m2\repository\javax\xml\bind\jaxb-api\2.0\jaxb-api-2.0.jar;C:\Documents and Settings\wli12\.m2\repository\javax\xml\bind\jsr173_api\1.0\jsr173_api-1.0.jar;C:\Documents and Settings\wli12\.m2\repository\com\sun\xml\bind\jaxb-impl\2.0\jaxb-impl-2.0.jar;C:\Documents and Settings\wli12\.m2\repository\com\thoughtworks\xstream\xstream\1.3.1\xstream-1.3.1.jar;C:\Documents and Settings\wli12\.m2\repository\xpp3\xpp3_min\1.1.4c\xpp3_min-1.1.4c.jar;C:\Documents and Settings\wli12\.m2\repository\mysql-connector-java\mysql-connector-java\5.0.8\mysql-connector-java-5.0.8.jar;C:\Documents and Settings\wli12\.m2\repository\axis\axis\1.4\axis-1.4.jar;C:\Documents and Settings\wli12\.m2\repository\org\apache\axis\axis-jaxrpc\1.4\axis-jaxrpc-1.4.jar;C:\Documents and Settings\wli12\.m2\repository\org\apache\axis\axis-saaj\1.4\axis-saaj-1.4.jar;C:\Documents and Settings\wli12\.m2\repository\axis\axis-wsdl4j\1.5.1\axis-wsdl4j-1.5.1.jar;C:\Documents and Settings\wli12\.m2\repository\commons-discovery\commons-discovery\0.2\commons-discovery-0.2.jar;C:\Documents and Settings\wli12\.m2\repository\org\opensymphony\quartz\quartz\1.6.1\quartz-1.6.1.jar;C:\Documents and Settings\wli12\.m2\repository\org\apache\axis2\axis2-kernel\1.4.1\axis2-kernel-1.4.1.jar;C:\Documents and Settings\wli12\.m2\repository\org\apache\ws\commons\axiom\axiom-api\1.2.7\axiom-api-1.2.7.jar;C:\Documents and Settings\wli12\.m2\repository\org\apache\geronimo\specs\geronimo-activation_1.1_spec\1.0.1\geronimo-activation_1.1_spec-1.0.1.jar;C:\Documents and Settings\wli12\.m2\repository\org\apache\geronimo\specs\geronimo-javamail_1.4_spec\1.2\geronimo-javamail_1.4_spec-1.2.jar;C:\Documents and Settings\wli12\.m2\repository\jaxen\jaxen\1.1.1\jaxen-1.1.1.jar;C:\Documents and Settings\wli12\.m2\repository\xml-apis\xml-apis\1.3.04\xml-apis-1.3.04.jar;C:\Documents and Settings\wli12\.m2\repository\xerces\xercesImpl\2.8.1\xercesImpl-2.8.1.jar;C:\Documents and Settings\wli12\.m2\repository\org\apache\geronimo\specs\geronimo-stax-api_1.0_spec\1.0.1\geronimo-stax-api_1.0_spec-1.0.1.jar;C:\Documents and Settings\wli12\.m2\repository\org\apache\ws\commons\axiom\axiom-impl\1.2.7\axiom-impl-1.2.7.jar;C:\Documents and Settings\wli12\.m2\repository\org\codehaus\woodstox\wstx-asl\3.2.4\wstx-asl-3.2.4.jar;C:\Documents and Settings\wli12\.m2\repository\org\apache\ws\commons\axiom\axiom-dom\1.2.7\axiom-dom-1.2.7.jar;C:\Documents and Settings\wli12\.m2\repository\xalan\xalan\2.7.0\xalan-2.7.0.jar;C:\Documents and Settings\wli12\.m2\repository\commons-io\commons-io\1.4\commons-io-1.4.jar;C:\Documents and Settings\wli12\.m2\repository\commons-httpclient\commons-httpclient\3.1\commons-httpclient-3.1.jar;C:\Documents and Settings\wli12\.m2\repository\commons-fileupload\commons-fileupload\1.2\commons-fileupload-1.2.jar;C:\Documents and Settings\wli12\.m2\repository\org\apache\httpcomponents\httpcore\4.0-beta1\httpcore-4.0-beta1.jar;C:\Documents and Settings\wli12\.m2\repository\org\apache\httpcomponents\httpcore-nio\4.0-beta1\httpcore-nio-4.0-beta1.jar;C:\Documents and Settings\wli12\.m2\repository\wsdl4j\wsdl4j\1.6.2\wsdl4j-1.6.2.jar;C:\Documents and Settings\wli12\.m2\repository\backport-util-concurrent\backport-util-concurrent\3.1\backport-util-concurrent-3.1.jar;C:\Documents and Settings\wli12\.m2\repository\org\apache\ws\commons\schema\XmlSchema\1.4.2\XmlSchema-1.4.2.jar;C:\Documents and Settings\wli12\.m2\repository\org\apache\neethi\neethi\2.0.4\neethi-2.0.4.jar;C:\Documents and Settings\wli12\.m2\repository\org\apache\woden\woden-api\1.0M8\woden-api-1.0M8.jar;C:\Documents and Settings\wli12\.m2\repository\org\apache\ant\ant\1.7.0\ant-1.7.0.jar;C:\Documents and Settings\wli12\.m2\repository\org\apache\ant\ant-launcher\1.7.0\ant-launcher-1.7.0.jar;C:\Documents and Settings\wli12\.m2\repository\xerces\xmlParserAPIs\2.6.0\xmlParserAPIs-2.6.0.jar;C:\Documents and Settings\wli12\.m2\repository\org\apache\woden\woden-impl-dom\1.0M8\woden-impl-dom-1.0M8.jar;C:\Documents and Settings\wli12\.m2\repository\annogen\annogen\0.1.0\annogen-0.1.0.jar;C:\Documents and Settings\wli12\.m2\repository\org\apache\geronimo\specs\geronimo-jms_1.1_spec\1.1\geronimo-jms_1.1_spec-1.1.jar;C:\Documents and Settings\wli12\.m2\repository\org\apache\axis2\axis2-adb\1.4.1\axis2-adb-1.4.1.jar;C:\levi\develop\workspace\ngp-new\hpsdf-ngp-module-api\target\classes;C:\Documents and Settings\wli12\.m2\repository\org\apache\wicket\wicket\1.4.2\wicket-1.4.2.jar;C:\Documents and Settings\wli12\.m2\repository\commons-codec\commons-codec\1.3\commons-codec-1.3.jar;C:\Documents and Settings\wli12\.m2\repository\org\jbpm\jbpm4\jbpm-jpdl\4.3\jbpm-jpdl-4.3.jar;C:\Documents and Settings\wli12\.m2\repository\org\jbpm\jbpm4\jbpm-pvm\4.3\jbpm-pvm-4.3.jar;C:\Documents and Settings\wli12\.m2\repository\org\jbpm\jbpm4\jbpm-api\4.3\jbpm-api-4.3.jar;C:\Documents and Settings\wli12\.m2\repository\jboss\jboss-j2ee\4.2.3.GA\jboss-j2ee-4.2.3.GA.jar;C:\Documents and Settings\wli12\.m2\repository\org\jbpm\jbpm4\jbpm-log\4.3\jbpm-log-4.3.jar;C:\Documents and Settings\wli12\.m2\repository\org\jbpm\jbpm4\jbpm-test-base\4.3\jbpm-test-base-4.3.jar;C:\Documents and Settings\wli12\.m2\repository\org\hibernate\hibernate-core\3.3.1.GA\hibernate-core-3.3.1.GA.jar;C:\Documents and Settings\wli12\.m2\repository\org\slf4j\slf4j-jdk14\1.5.2\slf4j-jdk14-1.5.2.jar;C:\Documents and Settings\wli12\.m2\repository\com\mockrunner\mockrunner\0.4.1\mockrunner-0.4.1.jar;C:\Documents and Settings\wli12\.m2\repository\org\mockejb\mockejb\0.6-beta2\mockejb-0.6-beta2.jar;C:\Documents and Settings\wli12\.m2\repository\oro\oro\2.0.8\oro-2.0.8.jar;C:\Documents and Settings\wli12\.m2\repository\cglib\cglib-full\2.0.2\cglib-full-2.0.2.jar;C:\Documents and Settings\wli12\.m2\repository\cglib\cglib-nodep\2.1_3\cglib-nodep-2.1_3.jar;C:\Documents and Settings\wli12\.m2\repository\juel\juel\2.1.0\juel-2.1.0.jar;C:\Documents and Settings\wli12\.m2\repository\juel\juel-impl\2.1.0\juel-impl-2.1.0.jar;C:\Documents and Settings\wli12\.m2\repository\juel\juel-engine\2.1.0\juel-engine-2.1.0.jar;C:\Documents and Settings\wli12\.m2\repository\org\beanshell\bsh\2.0b5\bsh-2.0b5.jar;C:\Documents and Settings\wli12\.m2\repository\org\codehaus\groovy\groovy-all\1.5.6\groovy-all-1.5.6.jar;C:\Documents and Settings\wli12\.m2\repository\jline\jline\0.9.94\jline-0.9.94.jar;C:\Documents and Settings\wli12\.m2\repository\org\jboss\identity\idm\idm-core\1.0.0.Beta1\idm-core-1.0.0.Beta1.jar;C:\Documents and Settings\wli12\.m2\repository\org\jboss\identity\idm\idm-common\1.0.0.Beta1\idm-common-1.0.0.Beta1.jar;C:\Documents and Settings\wli12\.m2\repository\org\jboss\identity\idm\idm-api\1.0.0.Beta1\idm-api-1.0.0.Beta1.jar;C:\Documents and Settings\wli12\.m2\repository\org\jboss\identity\idm\idm-spi\1.0.0.Beta1\idm-spi-1.0.0.Beta1.jar;C:\Documents and Settings\wli12\.m2\repository\org\drools\drools-core\5.0.1\drools-core-5.0.1.jar;C:\Documents and Settings\wli12\.m2\repository\org\mvel\mvel2\2.0.10\mvel2-2.0.10.jar;C:\Documents and Settings\wli12\.m2\repository\org\drools\drools-api\5.0.1\drools-api-5.0.1.jar;C:\Documents and Settings\wli12\.m2\repository\joda-time\joda-time\1.6\joda-time-1.6.jar;C:\Documents and Settings\wli12\.m2\repository\org\jboss\identity\idm\idm-hibernate\1.0.0.Beta1\idm-hibernate-1.0.0.Beta1.jar;C:\Documents and Settings\wli12\.m2\repository\javassist\javassist\3.4.GA\javassist-3.4.GA.jar;C:\Documents and Settings\wli12\.m2\repository\org\hibernate\hibernate-cglib-repack\2.1_3\hibernate-cglib-repack-2.1_3.jar;C:\Documents and Settings\wli12\.m2\repository\org\livetribe\livetribe-jsr223\2.0.5\livetribe-jsr223-2.0.5.jar;C:\Documents and Settings\wli12\.m2\repository\com\oracle\ojdbc14\10.2.0.3.0\ojdbc14-10.2.0.3.0.jar;C:\Documents and Settings\wli12\.m2\repository\mysql\mysql-connector-java\5.1.4\mysql-connector-java-5.1.4.jar;C:\Documents and Settings\wli12\.m2\repository\org\jboss\portal\identity\identity-identity\1.1.1\identity-identity-1.1.1.jar;C:\Documents and Settings\wli12\.m2\repository\org\jboss\portal\common\common-common\1.2.5\common-common-1.2.5.jar;C:\Documents and Settings\wli12\.m2\repository\org\jboss\jboss-vfs\2.1.0.GA\jboss-vfs-2.1.0.GA.jar;C:\Documents and Settings\wli12\.m2\repository\org\jboss\jboss-common-core\2.2.3.GA\jboss-common-core-2.2.3.GA.jar;C:\Documents and Settings\wli12\.m2\repository\org\jboss\logging\jboss-logging-spi\2.0.5.GA\jboss-logging-spi-2.0.5.GA.jar;C:\Documents and Settings\wli12\.m2\repository\jboss\jboss-jmx\4.2.3.GA\jboss-jmx-4.2.3.GA.jar;C:\Documents and Settings\wli12\.m2\repository\org\apache\ant\ant-junit\1.7.0\ant-junit-1.7.0.jar;C:\Documents and Settings\wli12\.m2\repository\org\codehaus\cargo\cargo-core-uberjar\0.8\cargo-core-uberjar-0.8.jar;C:\Documents and Settings\wli12\.m2\repository\org\apache\ant\ant-nodeps\1.7.0\ant-nodeps-1.7.0.jar;C:\Documents and Settings\wli12\.m2\repository\apache-tomcat\catalina\5.5.12\catalina-5.5.12.jar;C:\Documents and Settings\wli12\.m2\repository\hibernate\hibernate3\3.2.3.GA\hibernate3-3.2.3.GA.jar;C:\Documents and Settings\wli12\.m2\repository\org\jboss\microcontainer\jboss-kernel\2.0.0.Beta9\jboss-kernel-2.0.0.Beta9.jar;C:\Documents and Settings\wli12\.m2\repository\org\jboss\microcontainer\jboss-container\2.0.0.Beta9\jboss-container-2.0.0.Beta9.jar;C:\Documents and Settings\wli12\.m2\repository\org\jboss\javassist\3.6.0.GA\javassist-3.6.0.GA.jar;C:\Documents and Settings\wli12\.m2\repository\org\jboss\jbossxb\2.0.0.CR4\jbossxb-2.0.0.CR4.jar;C:\Documents and Settings\wli12\.m2\repository\apache-xerces\xercesImpl\2.7.1\xercesImpl-2.7.1.jar;C:\Documents and Settings\wli12\.m2\repository\wutka-dtdparser\dtdparser121\1.2.1\dtdparser121-1.2.1.jar;C:\Documents and Settings\wli12\.m2\repository\apache-xerces\xml-apis\2.7.1\xml-apis-2.7.1.jar;C:\Documents and Settings\wli12\.m2\repository\org\jboss\microcontainer\jboss-dependency\2.0.0.Beta9\jboss-dependency-2.0.0.Beta9.jar;C:\Documents and Settings\wli12\.m2\repository\org\jboss\microcontainer\jboss-managed\2.0.0.Beta9\jboss-managed-2.0.0.Beta9.jar;C:\Documents and Settings\wli12\.m2\repository\org\jboss\aop\jboss-aop\2.0.0.CR1\jboss-aop-2.0.0.CR1.jar;C:\Documents and Settings\wli12\.m2\repository\ant\ant\1.6.5\ant-1.6.5.jar;C:\Documents and Settings\wli12\.m2\repository\jboss\jboss-common-logging-spi\2.0.4.GA\jboss-common-logging-spi-2.0.4.GA.jar;C:\Documents and Settings\wli12\.m2\repository\qdox\qdox\1.6\qdox-1.6.jar;C:\Documents and Settings\wli12\.m2\repository\trove\trove\2.1.1\trove-2.1.1.jar;C:\Documents and Settings\wli12\.m2\repository\org\jboss\microcontainer\jboss-metatype\2.0.0.Beta9\jboss-metatype-2.0.0.Beta9.jar;C:\Documents and Settings\wli12\.m2\repository\apache-httpclient\commons-httpclient\2.0.2\commons-httpclient-2.0.2.jar;C:\Documents and Settings\wli12\.m2\repository\apache-slide\webdavlib\2.0\webdavlib-2.0.jar;C:\Documents and Settings\wli12\.m2\repository\org\jboss\jboss-test\1.0.4.GA\jboss-test-1.0.4.GA.jar;C:\Documents and Settings\wli12\.m2\repository\ant\ant-junit\1.6.5\ant-junit-1.6.5.jar;C:\Documents and Settings\wli12\.m2\repository\jboss\jboss-common-logging-log4j\2.0.4.GA\jboss-common-logging-log4j-2.0.4.GA.jar;C:\Documents and Settings\wli12\.m2\repository\jboss\profiler\jvmti\jboss-profiler-jvmti\1.0.0.CR5\jboss-profiler-jvmti-1.0.0.CR5.jar;C:\Documents and Settings\wli12\.m2\repository\jboss\jbossas\core-libs\jbosssx\4.0.4.GA\jbosssx-4.0.4.GA.jar;C:\Documents and Settings\wli12\.m2\repository\org\jboss\portal\cms\cms-jackrabbit\1.2.6\cms-jackrabbit-1.2.6.jar;C:\Documents and Settings\wli12\.m2\repository\javax\jcr\jcr\1.0\jcr-1.0.jar;C:\Documents and Settings\wli12\.m2\repository\org\apache\jackrabbit\jackrabbit-core\1.4.5\jackrabbit-core-1.4.5.jar;C:\Documents and Settings\wli12\.m2\repository\concurrent\concurrent\1.3.4\concurrent-1.3.4.jar;C:\Documents and Settings\wli12\.m2\repository\org\apache\jackrabbit\jackrabbit-api\1.4\jackrabbit-api-1.4.jar;C:\Documents and Settings\wli12\.m2\repository\org\apache\jackrabbit\jackrabbit-jcr-commons\1.4\jackrabbit-jcr-commons-1.4.jar;C:\Documents and Settings\wli12\.m2\repository\org\apache\jackrabbit\jackrabbit-spi-commons\1.4\jackrabbit-spi-commons-1.4.jar;C:\Documents and Settings\wli12\.m2\repository\org\apache\jackrabbit\jackrabbit-spi\1.4\jackrabbit-spi-1.4.jar;C:\Documents and Settings\wli12\.m2\repository\org\apache\jackrabbit\jackrabbit-text-extractors\1.4\jackrabbit-text-extractors-1.4.jar;C:\Documents and Settings\wli12\.m2\repository\poi\poi\2.5.1-final-20040804\poi-2.5.1-final-20040804.jar;C:\Documents and Settings\wli12\.m2\repository\pdfbox\pdfbox\0.6.4\pdfbox-0.6.4.jar;C:\Documents and Settings\wli12\.m2\repository\org\textmining\tm-extractors\0.4\tm-extractors-0.4.jar;C:\Documents and Settings\wli12\.m2\repository\nekohtml\nekohtml\0.9.4\nekohtml-0.9.4.jar;C:\Documents and Settings\wli12\.m2\repository\org\apache\lucene\lucene-core\2.2.0\lucene-core-2.2.0.jar;C:\Documents and Settings\wli12\.m2\repository\org\apache\derby\derby\10.2.1.6\derby-10.2.1.6.jar;C:\Documents and Settings\wli12\.m2\repository\org\jboss\cache\jbosscache-core\1.4.1.SP3\jbosscache-core-1.4.1.SP3.jar;C:\Documents and Settings\wli12\.m2\repository\jgroups\jgroups\2.4.4.GA-brew\jgroups-2.4.4.GA-brew.jar;C:\Documents and Settings\wli12\.m2\repository\org\jboss\portal\core\core\2.7.1.GA\core-2.7.1.GA.jar;C:\Documents and Settings\wli12\.m2\repository\org\jboss\portal\core\security\2.7.1.GA\security-2.7.1.GA.jar;C:\Documents and Settings\wli12\.m2\repository\org\jboss\portal\core\search\2.7.1.GA\search-2.7.1.GA.jar;C:\Documents and Settings\wli12\.m2\repository\org\jboss\portal\core\jems\2.7.1.GA\jems-2.7.1.GA.jar;C:\Documents and Settings\wli12\.m2\repository\org\jboss\portal\core\workflow\2.7.1.GA\workflow-2.7.1.GA.jar;C:\Documents and Settings\wli12\.m2\repository\org\jboss\portal\core\server\2.7.1.GA\server-2.7.1.GA.jar;C:\Documents and Settings\wli12\.m2\repository\org\jbpm\jbpm-jpdl\3.2.2\jbpm-jpdl-3.2.2.jar;C:\Documents and Settings\wli12\.m2\repository\jboss\jbossha\4.2.2.GA\jbossha-4.2.2.GA.jar;C:\Documents and Settings\wli12\.m2\repository\jboss\jboss\4.2.2.GA\jboss-4.2.2.GA.jar;" name="surefire.test.class.path"/>
    <property value="C:\DOCUME~1\wli12\LOCALS~1\Temp\" name="java.io.tmpdir"/>
    <property value="0f0d" name="env.PROCESSOR_REVISION"/>
    <property value="null" name="1"/>
    <property value="http://java.sun.com/cgi-bin/bugreport.cgi" name="java.vendor.url.bug"/>
    <property value="C:\WINDOWS" name="env.SystemRoot"/>
    <property value="web-proxy.sgp.hp.com" name="http.proxyHost"/>
    <property value="null" name="13"/>
    <property value="sun.awt.Win32GraphicsEnvironment" name="java.awt.graphicsenv"/>
    <property value="x86" name="os.arch"/>
    <property value="C:\Program Files\Java\jdk1.5.0_18\jre\lib\ext" name="java.ext.dirs"/>
    <property value="C:\levi\develop\workspace\ngp-new\hpsdf-ngp-custom-sbm-core" name="user.dir"/>
    <property value="
" name="line.separator"/>
    <property value="Java HotSpot(TM) Client VM" name="java.vm.name"/>
    <property value=".COM;.EXE;.BAT;.CMD;.VBS;.VBE;.JS;.JSE;.WSF;.WSH;.RB;.RBW" name="env.PATHEXT"/>
    <property value="C:\Ruby186\bin;C:\Program\PHP\;C:\WINDOWS\system32;C:\WINDOWS;C:\WINDOWS\System32\Wbem;C:\Program Files\ActivIdentity\ActivClient\;C:\Program Files\Microsoft SQL Server\80\Tools\Binn\;C:\Program Files\Microsoft SQL Server\90\Tools\binn\;C:\Program Files\TortoiseSVN\bin;C:\Program Files\Microsoft SQL Server\90\DTS\Binn\;C:\Program Files\Microsoft SQL Server\90\Tools\Binn\VSShell\Common7\IDE\;C:\Program Files\Microsoft Visual Studio 8\Common7\IDE\PrivateAssemblies\;C:\Program Files\IDM Computer Solutions\UltraEdit\;C:\Program Files\IDM Computer Solutions\UltraCompare\;C:\runnable\jadnt158" name="env.Path"/>
    <property value="C:\levi\develop\workspace\ngp-new\hpsdf-ngp-custom-sbm-core" name="basedir"/>
    <property value="C:\Program Files\VisualSVN Server\" name="env.VISUALSVN_SERVER"/>
    <property value="true" name="maven.mode.standalone"/>
    <property value="wli12" name="env.USERNAME"/>
    <property value="C:" name="env.SystemDrive"/>
    <property value="Cp1252" name="file.encoding"/>
    <property value="ASIAPACIFIC" name="env.USERDOMAIN"/>
    <property value="1.5" name="java.specification.version"/>
    <property value="C:\Program Files\Common Files\Sonic Shared\Sonic Central\" name="env.SonicCentral"/>
    <property value="6" name="env.PROCESSOR_LEVEL"/>
  </properties>
  <testcase classname="com.hp.sdf.ngp.TestBaseConfigure" time="0" name="initializationError">
    <error type="java.lang.Exception" message="Test class should have exactly one public constructor">java.lang.Exception: Test class should have exactly one public constructor
	at org.junit.runners.BlockJUnit4ClassRunner.validateOnlyOneConstructor(BlockJUnit4ClassRunner.java:120)
	at org.junit.runners.BlockJUnit4ClassRunner.validateConstructor(BlockJUnit4ClassRunner.java:113)
	at org.junit.runners.BlockJUnit4ClassRunner.collectInitializationErrors(BlockJUnit4ClassRunner.java:108)
	at org.junit.runners.ParentRunner.validate(ParentRunner.java:253)
	at org.junit.runners.ParentRunner.&lt;init&gt;(ParentRunner.java:55)
	at org.junit.runners.BlockJUnit4ClassRunner.&lt;init&gt;(BlockJUnit4ClassRunner.java:53)
	at org.junit.internal.builders.JUnit4Builder.runnerForClass(JUnit4Builder.java:13)
	at org.junit.runners.model.RunnerBuilder.safeRunnerForClass(RunnerBuilder.java:57)
	at org.junit.internal.builders.AllDefaultPossibilitiesBuilder.runnerForClass(AllDefaultPossibilitiesBuilder.java:29)
	at org.junit.runners.model.RunnerBuilder.safeRunnerForClass(RunnerBuilder.java:57)
	at org.junit.internal.requests.ClassRequest.getRunner(ClassRequest.java:24)
	at org.apache.maven.surefire.junit4.JUnit4TestSet.&lt;init&gt;(JUnit4TestSet.java:45)
	at org.apache.maven.surefire.junit4.JUnit4DirectoryTestSuite.createTestSet(JUnit4DirectoryTestSuite.java:56)
	at org.apache.maven.surefire.suite.AbstractDirectoryTestSuite.locateTestSets(AbstractDirectoryTestSuite.java:96)
	at org.apache.maven.surefire.Surefire.createSuiteFromDefinition(Surefire.java:209)
	at org.apache.maven.surefire.Surefire.run(Surefire.java:156)
	at sun.reflect.NativeMethodAccessorImpl.invoke0(Native Method)
	at sun.reflect.NativeMethodAccessorImpl.invoke(NativeMethodAccessorImpl.java:39)
	at sun.reflect.DelegatingMethodAccessorImpl.invoke(DelegatingMethodAccessorImpl.java:25)
	at java.lang.reflect.Method.invoke(Method.java:585)
	at org.apache.maven.surefire.booter.SurefireBooter.runSuitesInProcess(SurefireBooter.java:338)
	at org.apache.maven.surefire.booter.SurefireBooter.main(SurefireBooter.java:997)
</error>
  </testcase>
  <testcase classname="com.hp.sdf.ngp.TestBaseConfigure" time="0" name="initializationError">
    <error type="java.lang.Exception" message="No runnable methods">java.lang.Exception: No runnable methods
	at org.junit.runners.BlockJUnit4ClassRunner.validateInstanceMethods(BlockJUnit4ClassRunner.java:151)
	at org.junit.runners.BlockJUnit4ClassRunner.collectInitializationErrors(BlockJUnit4ClassRunner.java:109)
	at org.junit.runners.ParentRunner.validate(ParentRunner.java:253)
	at org.junit.runners.ParentRunner.&lt;init&gt;(ParentRunner.java:55)
	at org.junit.runners.BlockJUnit4ClassRunner.&lt;init&gt;(BlockJUnit4ClassRunner.java:53)
	at org.junit.internal.builders.JUnit4Builder.runnerForClass(JUnit4Builder.java:13)
	at org.junit.runners.model.RunnerBuilder.safeRunnerForClass(RunnerBuilder.java:57)
	at org.junit.internal.builders.AllDefaultPossibilitiesBuilder.runnerForClass(AllDefaultPossibilitiesBuilder.java:29)
	at org.junit.runners.model.RunnerBuilder.safeRunnerForClass(RunnerBuilder.java:57)
	at org.junit.internal.requests.ClassRequest.getRunner(ClassRequest.java:24)
	at org.apache.maven.surefire.junit4.JUnit4TestSet.&lt;init&gt;(JUnit4TestSet.java:45)
	at org.apache.maven.surefire.junit4.JUnit4DirectoryTestSuite.createTestSet(JUnit4DirectoryTestSuite.java:56)
	at org.apache.maven.surefire.suite.AbstractDirectoryTestSuite.locateTestSets(AbstractDirectoryTestSuite.java:96)
	at org.apache.maven.surefire.Surefire.createSuiteFromDefinition(Surefire.java:209)
	at org.apache.maven.surefire.Surefire.run(Surefire.java:156)
	at sun.reflect.NativeMethodAccessorImpl.invoke0(Native Method)
	at sun.reflect.NativeMethodAccessorImpl.invoke(NativeMethodAccessorImpl.java:39)
	at sun.reflect.DelegatingMethodAccessorImpl.invoke(DelegatingMethodAccessorImpl.java:25)
	at java.lang.reflect.Method.invoke(Method.java:585)
	at org.apache.maven.surefire.booter.SurefireBooter.runSuitesInProcess(SurefireBooter.java:338)
	at org.apache.maven.surefire.booter.SurefireBooter.main(SurefireBooter.java:997)
</error>
  </testcase>
</testsuite>