<?xml version="1.0" encoding="UTF-8" ?>
<testsuite errors="0" skipped="0" tests="1" time="5.219" failures="1" name="com.hp.sdf.ngp.search.TestSearchEngineClassInvoke">
  <properties>
    <property value="Sun Microsystems Inc." name="java.vendor"/>
    <property value="C:\Documents and Settings\wli12\.m2\repository" name="localRepository"/>
    <property value="c:\Program Files\Microsoft Visual Studio 9.0\Common7\Tools\" name="env.VS90COMNTOOLS"/>
    <property value="SUN_STANDARD" name="sun.java.launcher"/>
    <property value="HotSpot Client Compiler" name="sun.management.compiler"/>
    <property value="$P$G" name="env.PROMPT"/>
    <property value="Windows XP" name="os.name"/>
    <property value="NO" name="env.FP_NO_HOST_CHECK"/>
    <property value="C:\Program Files\Java\jdk1.5.0_18\jre\lib\rt.jar;C:\Program Files\Java\jdk1.5.0_18\jre\lib\i18n.jar;C:\Program Files\Java\jdk1.5.0_18\jre\lib\sunrsasign.jar;C:\Program Files\Java\jdk1.5.0_18\jre\lib\jsse.jar;C:\Program Files\Java\jdk1.5.0_18\jre\lib\jce.jar;C:\Program Files\Java\jdk1.5.0_18\jre\lib\charsets.jar;C:\Program Files\Java\jdk1.5.0_18\jre\classes" name="sun.boot.class.path"/>
    <property value="WLI54" name="env.COMPUTERNAME"/>
    <property value="C:\Documents and Settings\All Users" name="env.ALLUSERSPROFILE"/>
    <property value="windows" name="sun.desktop"/>
    <property value="Sun Microsystems Inc." name="java.vm.specification.vendor"/>
    <property value="1.5.0_18-b02" name="java.runtime.version"/>
    <property value="C:\Program Files\SQLXML 4.0\bin\" name="env.lib"/>
    <property value="\Documents and Settings\wli12" name="env.HOMEPATH"/>
    <property value="8080" name="http.proxyPort"/>
    <property value="wli12" name="user.name"/>
    <property value="en" name="user.language"/>
    <property value="C:\Program Files\Java\jdk1.5.0_18\jre\bin" name="sun.boot.library.path"/>
    <property value="C:\levi\develop\workspace\ngp-new\.metadata\.plugins\org.maven.ide.eclipse\launches\m2conf7735386631262876380.tmp" name="classworlds.conf"/>
    <property value="1.5.0_18" name="java.version"/>
    <property value="x86 Family 6 Model 15 Stepping 13, GenuineIntel" name="env.PROCESSOR_IDENTIFIER"/>
    <property value="Asia/Shanghai" name="user.timezone"/>
    <property value="Console" name="env.CLIENTNAME"/>
    <property value="C:\DOCUME~1\wli12\LOCALS~1\Temp" name="env.TEMP"/>
    <property value="32" name="sun.arch.data.model"/>
    <property value="C:\Program Files\Java\jdk1.5.0_18\jre\lib\endorsed" name="java.endorsed.dirs"/>
    <property value="pentium_pro+mmx pentium_pro pentium+mmx pentium i486 i386 i86" name="sun.cpu.isalist"/>
    <property value="C:" name="env.HOMEDRIVE"/>
    <property value="GBK" name="sun.jnu.encoding"/>
    <property value="sun.io" name="file.encoding.pkg"/>
    <property value="\" name="file.separator"/>
    <property value="Java Platform API Specification" name="java.specification.name"/>
    <property value="49.0" name="java.class.version"/>
    <property value="US" name="user.country"/>
    <property value="C:\Program Files\Java\jdk1.5.0_18\jre" name="java.home"/>
    <property value="C:\Documents and Settings\wli12\Application Data" name="env.APPDATA"/>
    <property value="mixed mode, sharing" name="java.vm.info"/>
    <property value="c:\tomcat" name="env.CATALINA_HOME"/>
    <property value="C:\WINDOWS\system32\cmd.exe" name="env.ComSpec"/>
    <property value="Windows_NT" name="env.OS"/>
    <property value="C:\Program Files\Common Files" name="env.CommonProgramFiles"/>
    <property value="5.1" name="os.version"/>
    <property value=";" name="path.separator"/>
    <property value="1.5.0_18-b02" name="java.vm.version"/>
    <property value="C:\Program\PHP\" name="env.PHPRC"/>
    <property value="C:\Documents and Settings\wli12" name="env.USERPROFILE"/>
    <property value="" name="user.variant"/>
    <property value="C:\Program Files\Java\jdk1.6.0_16" name="env.JAVA_HOME"/>
    <property value="sun.awt.windows.WPrinterJob" name="java.awt.printerjob"/>
    <property value="C:\DOCUME~1\wli12\LOCALS~1\Temp" name="env.TMP"/>
    <property value="UnicodeLittle" name="sun.io.unicode.encoding"/>
    <property value="sun.awt.windows.WToolkit" name="awt.toolkit"/>
    <property value="C:\Documents and Settings\wli12" name="user.home"/>
    <property value="Console" name="env.SESSIONNAME"/>
    <property value="Sun Microsystems Inc." name="java.specification.vendor"/>
    <property value="C:\levi\lib\apache-ant-1.7.0\lib\ant.jar" name="env.CLASSPATH"/>
    <property value="2" name="env.NUMBER_OF_PROCESSORS"/>
    <property value="C:\Program Files\Java\jdk1.5.0_18\bin;.;C:\WINDOWS\system32;C:\WINDOWS;C:\Ruby186\bin;C:\Program\PHP\;C:\WINDOWS\system32;C:\WINDOWS;C:\WINDOWS\System32\Wbem;C:\Program Files\ActivIdentity\ActivClient\;C:\Program Files\Microsoft SQL Server\80\Tools\Binn\;C:\Program Files\Microsoft SQL Server\90\Tools\binn\;C:\Program Files\TortoiseSVN\bin;C:\Program Files\Microsoft SQL Server\90\DTS\Binn\;C:\Program Files\Microsoft SQL Server\90\Tools\Binn\VSShell\Common7\IDE\;C:\Program Files\Microsoft Visual Studio 8\Common7\IDE\PrivateAssemblies\;C:\Program Files\IDM Computer Solutions\UltraEdit\;C:\Program Files\IDM Computer Solutions\UltraCompare\;C:\runnable\jadnt158" name="java.library.path"/>
    <property value="http://java.sun.com/" name="java.vendor.url"/>
    <property value="ASIAPACIFIC.CPQCORP.NET" name="env.USERDNSDOMAIN"/>
    <property value="Sun Microsystems Inc." name="java.vm.vendor"/>
    <property value="EMBEDDED" name="maven.home"/>
    <property value="Java(TM) 2 Runtime Environment, Standard Edition" name="java.runtime.name"/>
    <property value="/C:/levi/develop/eclipse/eclipse-SDK-3.4.1-win32-SVN-Maven/eclipse/plugins/org.maven.ide.components.maven_embedder_2.1.0.20080530-2300/jars/plexus-classworlds-1.2-alpha-12.jar" name="java.class.path"/>
    <property value="Java Virtual Machine Specification" name="java.vm.specification.name"/>
    <property value="\\G3W0042" name="env.LOGONSERVER"/>
    <property value="C:\WINDOWS" name="env.windir"/>
    <property value="null" name="7"/>
    <property value="1.0" name="java.vm.specification.version"/>
    <property value="x86" name="env.PROCESSOR_ARCHITECTURE"/>
    <property value="C:\levi\develop\workspace\ngp-new\.metadata\.plugins\org.maven.ide.eclipse\workspacestate.properties" name="m2eclipse.workspace.state"/>
    <property value="Service Pack 3" name="sun.os.patch.level"/>
    <property value="little" name="sun.cpu.endian"/>
    <property value="C:\Program Files" name="env.ProgramFiles"/>
    <property value="C:\levi\develop\workspace\ngp-new\hpsdf-ngp-custom-sbm-core\target\test-classes;C:\levi\develop\workspace\ngp-new\hpsdf-ngp-custom-sbm-core\target\classes;C:\Documents and Settings\wli12\.m2\repository\org\springframework\spring-core\3.0.0.RELEASE\spring-core-3.0.0.RELEASE.jar;C:\Documents and Settings\wli12\.m2\repository\org\springframework\spring-asm\3.0.0.RELEASE\spring-asm-3.0.0.RELEASE.jar;C:\Documents and Settings\wli12\.m2\repository\commons-logging\commons-logging\1.1\commons-logging-1.1.jar;C:\Documents and Settings\wli12\.m2\repository\org\springframework\spring-expression\3.0.0.RELEASE\spring-expression-3.0.0.RELEASE.jar;C:\Documents and Settings\wli12\.m2\repository\org\springframework\spring-beans\3.0.0.RELEASE\spring-beans-3.0.0.RELEASE.jar;C:\Documents and Settings\wli12\.m2\repository\org\springframework\spring-aop\3.0.0.RELEASE\spring-aop-3.0.0.RELEASE.jar;C:\Documents and Settings\wli12\.m2\repository\aopalliance\aopalliance\1.0\aopalliance-1.0.jar;C:\Documents and Settings\wli12\.m2\repository\org\springframework\spring-context\3.0.0.RELEASE\spring-context-3.0.0.RELEASE.jar;C:\Documents and Settings\wli12\.m2\repository\org\springframework\spring-context-support\3.0.0.RELEASE\spring-context-support-3.0.0.RELEASE.jar;C:\Documents and Settings\wli12\.m2\repository\org\springframework\spring-tx\3.0.0.RELEASE\spring-tx-3.0.0.RELEASE.jar;C:\Documents and Settings\wli12\.m2\repository\org\springframework\spring-jdbc\3.0.0.RELEASE\spring-jdbc-3.0.0.RELEASE.jar;C:\Documents and Settings\wli12\.m2\repository\org\springframework\spring-orm\3.0.0.RELEASE\spring-orm-3.0.0.RELEASE.jar;C:\Documents and Settings\wli12\.m2\repository\org\springframework\spring-oxm\3.0.0.RELEASE\spring-oxm-3.0.0.RELEASE.jar;C:\Documents and Settings\wli12\.m2\repository\org\springframework\spring-web\3.0.0.RELEASE\spring-web-3.0.0.RELEASE.jar;C:\Documents and Settings\wli12\.m2\repository\org\springframework\spring-webmvc\3.0.0.RELEASE\spring-webmvc-3.0.0.RELEASE.jar;C:\Documents and Settings\wli12\.m2\repository\stax\stax\1.2.0\stax-1.2.0.jar;C:\Documents and Settings\wli12\.m2\repository\stax\stax-api\1.0.1\stax-api-1.0.1.jar;C:\Documents and Settings\wli12\.m2\repository\org\springframework\spring-webmvc-portlet\3.0.0.RELEASE\spring-webmvc-portlet-3.0.0.RELEASE.jar;C:\Documents and Settings\wli12\.m2\repository\org\springframework\spring-test\3.0.0.RELEASE\spring-test-3.0.0.RELEASE.jar;C:\Documents and Settings\wli12\.m2\repository\commons-lang\commons-lang\2.2\commons-lang-2.2.jar;C:\Documents and Settings\wli12\.m2\repository\commons-beanutils\commons-beanutils\1.7.0\commons-beanutils-1.7.0.jar;C:\Documents and Settings\wli12\.m2\repository\javax\annotation\jsr250-api\1.0\jsr250-api-1.0.jar;C:\Documents and Settings\wli12\.m2\repository\junit\junit\4.6\junit-4.6.jar;C:\Documents and Settings\wli12\.m2\repository\org\jmock\jmock-junit4\2.4.0\jmock-junit4-2.4.0.jar;C:\Documents and Settings\wli12\.m2\repository\org\jmock\jmock\2.4.0\jmock-2.4.0.jar;C:\Documents and Settings\wli12\.m2\repository\org\hamcrest\hamcrest-core\1.1\hamcrest-core-1.1.jar;C:\Documents and Settings\wli12\.m2\repository\org\hamcrest\hamcrest-library\1.1\hamcrest-library-1.1.jar;C:\Documents and Settings\wli12\.m2\repository\junit\junit-dep\4.4\junit-dep-4.4.jar;C:\Documents and Settings\wli12\.m2\repository\org\dbunit\dbunit\2.4.4\dbunit-2.4.4.jar;C:\Documents and Settings\wli12\.m2\repository\org\slf4j\slf4j-api\1.5.2\slf4j-api-1.5.2.jar;C:\Documents and Settings\wli12\.m2\repository\commons-collections\commons-collections\3.2.1\commons-collections-3.2.1.jar;C:\Documents and Settings\wli12\.m2\repository\org\slf4j\slf4j-log4j12\1.5.2\slf4j-log4j12-1.5.2.jar;C:\Documents and Settings\wli12\.m2\repository\log4j\log4j\1.2.13\log4j-1.2.13.jar;C:\Documents and Settings\wli12\.m2\repository\org\slf4j\jcl-over-slf4j\1.5.2\jcl-over-slf4j-1.5.2.jar;C:\Documents and Settings\wli12\.m2\repository\hsqldb\hsqldb\1.8.0.7\hsqldb-1.8.0.7.jar;C:\Documents and Settings\wli12\.m2\repository\javax\persistence\persistence-api\1.0\persistence-api-1.0.jar;C:\Documents and Settings\wli12\.m2\repository\org\hibernate\hibernate\3.2.6.ga\hibernate-3.2.6.ga.jar;C:\Documents and Settings\wli12\.m2\repository\net\sf\ehcache\ehcache\1.2.3\ehcache-1.2.3.jar;C:\Documents and Settings\wli12\.m2\repository\javax\transaction\jta\1.0.1B\jta-1.0.1B.jar;C:\Documents and Settings\wli12\.m2\repository\asm\asm-attrs\1.5.3\asm-attrs-1.5.3.jar;C:\Documents and Settings\wli12\.m2\repository\dom4j\dom4j\1.6.1\dom4j-1.6.1.jar;C:\Documents and Settings\wli12\.m2\repository\antlr\antlr\2.7.6\antlr-2.7.6.jar;C:\Documents and Settings\wli12\.m2\repository\cglib\cglib\2.1_3\cglib-2.1_3.jar;C:\Documents and Settings\wli12\.m2\repository\asm\asm\1.5.3\asm-1.5.3.jar;C:\Documents and Settings\wli12\.m2\repository\org\hibernate\hibernate-annotations\3.2.1.ga\hibernate-annotations-3.2.1.ga.jar;C:\Documents and Settings\wli12\.m2\repository\org\hibernate\hibernate-entitymanager\3.2.1.ga\hibernate-entitymanager-3.2.1.ga.jar;C:\Documents and Settings\wli12\.m2\repository\jboss\javassist\3.3.ga\javassist-3.3.ga.jar;C:\Documents and Settings\wli12\.m2\repository\jboss\jboss-archive-browsing\5.0.0alpha-200607201-119\jboss-archive-browsing-5.0.0alpha-200607201-119.jar;C:\Documents and Settings\wli12\.m2\repository\jboss\jboss-system\4.2.2.GA\jboss-system-4.2.2.GA.jar;C:\Documents and Settings\wli12\.m2\repository\javax\mail\mail\1.4.1\mail-1.4.1.jar;C:\Documents and Settings\wli12\.m2\repository\javax\activation\activation\1.1\activation-1.1.jar;C:\Documents and Settings\wli12\.m2\repository\jboss\jbossall-client\4.2.2.GA\jbossall-client-4.2.2.GA.jar;C:\Documents and Settings\wli12\.m2\repository\jboss\jboss-annotations-ejb3\4.2.2.GA\jboss-annotations-ejb3-4.2.2.GA.jar;C:\Documents and Settings\wli12\.m2\repository\jboss\jboss-ejb3x\4.2.2.GA\jboss-ejb3x-4.2.2.GA.jar;C:\Documents and Settings\wli12\.m2\repository\org\apache\xmlbeans\xmlbeans\2.4.0\xmlbeans-2.4.0.jar;C:\levi\develop\workspace\ngp-new\hpsdf-ngp-custom-sbm-api\target\classes;C:\levi\develop\workspace\ngp-new\hpsdf-ngp-module-core\target\classes;C:\Documents and Settings\wli12\.m2\repository\commons-net\commons-net\20030805.205232\commons-net-20030805.205232.jar;C:\Documents and Settings\wli12\.m2\repository\javax\xml\bind\jaxb-api\2.0\jaxb-api-2.0.jar;C:\Documents and Settings\wli12\.m2\repository\javax\xml\bind\jsr173_api\1.0\jsr173_api-1.0.jar;C:\Documents and Settings\wli12\.m2\repository\com\sun\xml\bind\jaxb-impl\2.0\jaxb-impl-2.0.jar;C:\Documents and Settings\wli12\.m2\repository\com\thoughtworks\xstream\xstream\1.3.1\xstream-1.3.1.jar;C:\Documents and Settings\wli12\.m2\repository\xpp3\xpp3_min\1.1.4c\xpp3_min-1.1.4c.jar;C:\Documents and Settings\wli12\.m2\repository\mysql-connector-java\mysql-connector-java\5.0.8\mysql-connector-java-5.0.8.jar;C:\Documents and Settings\wli12\.m2\repository\axis\axis\1.4\axis-1.4.jar;C:\Documents and Settings\wli12\.m2\repository\org\apache\axis\axis-jaxrpc\1.4\axis-jaxrpc-1.4.jar;C:\Documents and Settings\wli12\.m2\repository\org\apache\axis\axis-saaj\1.4\axis-saaj-1.4.jar;C:\Documents and Settings\wli12\.m2\repository\axis\axis-wsdl4j\1.5.1\axis-wsdl4j-1.5.1.jar;C:\Documents and Settings\wli12\.m2\repository\commons-discovery\commons-discovery\0.2\commons-discovery-0.2.jar;C:\Documents and Settings\wli12\.m2\repository\org\opensymphony\quartz\quartz\1.6.1\quartz-1.6.1.jar;C:\Documents and Settings\wli12\.m2\repository\org\apache\axis2\axis2-kernel\1.4.1\axis2-kernel-1.4.1.jar;C:\Documents and Settings\wli12\.m2\repository\org\apache\ws\commons\axiom\axiom-api\1.2.7\axiom-api-1.2.7.jar;C:\Documents and Settings\wli12\.m2\repository\org\apache\geronimo\specs\geronimo-activation_1.1_spec\1.0.1\geronimo-activation_1.1_spec-1.0.1.jar;C:\Documents and Settings\wli12\.m2\repository\org\apache\geronimo\specs\geronimo-javamail_1.4_spec\1.2\geronimo-javamail_1.4_spec-1.2.jar;C:\Documents and Settings\wli12\.m2\repository\jaxen\jaxen\1.1.1\jaxen-1.1.1.jar;C:\Documents and Settings\wli12\.m2\repository\xml-apis\xml-apis\1.3.04\xml-apis-1.3.04.jar;C:\Documents and Settings\wli12\.m2\repository\xerces\xercesImpl\2.8.1\xercesImpl-2.8.1.jar;C:\Documents and Settings\wli12\.m2\repository\org\apache\geronimo\specs\geronimo-stax-api_1.0_spec\1.0.1\geronimo-stax-api_1.0_spec-1.0.1.jar;C:\Documents and Settings\wli12\.m2\repository\org\apache\ws\commons\axiom\axiom-impl\1.2.7\axiom-impl-1.2.7.jar;C:\Documents and Settings\wli12\.m2\repository\org\codehaus\woodstox\wstx-asl\3.2.4\wstx-asl-3.2.4.jar;C:\Documents and Settings\wli12\.m2\repository\org\apache\ws\commons\axiom\axiom-dom\1.2.7\axiom-dom-1.2.7.jar;C:\Documents and Settings\wli12\.m2\repository\xalan\xalan\2.7.0\xalan-2.7.0.jar;C:\Documents and Settings\wli12\.m2\repository\commons-io\commons-io\1.4\commons-io-1.4.jar;C:\Documents and Settings\wli12\.m2\repository\commons-httpclient\commons-httpclient\3.1\commons-httpclient-3.1.jar;C:\Documents and Settings\wli12\.m2\repository\commons-fileupload\commons-fileupload\1.2\commons-fileupload-1.2.jar;C:\Documents and Settings\wli12\.m2\repository\org\apache\httpcomponents\httpcore\4.0-beta1\httpcore-4.0-beta1.jar;C:\Documents and Settings\wli12\.m2\repository\org\apache\httpcomponents\httpcore-nio\4.0-beta1\httpcore-nio-4.0-beta1.jar;C:\Documents and Settings\wli12\.m2\repository\wsdl4j\wsdl4j\1.6.2\wsdl4j-1.6.2.jar;C:\Documents and Settings\wli12\.m2\repository\backport-util-concurrent\backport-util-concurrent\3.1\backport-util-concurrent-3.1.jar;C:\Documents and Settings\wli12\.m2\repository\org\apache\ws\commons\schema\XmlSchema\1.4.2\XmlSchema-1.4.2.jar;C:\Documents and Settings\wli12\.m2\repository\org\apache\neethi\neethi\2.0.4\neethi-2.0.4.jar;C:\Documents and Settings\wli12\.m2\repository\org\apache\woden\woden-api\1.0M8\woden-api-1.0M8.jar;C:\Documents and Settings\wli12\.m2\repository\org\apache\ant\ant\1.7.0\ant-1.7.0.jar;C:\Documents and Settings\wli12\.m2\repository\org\apache\ant\ant-launcher\1.7.0\ant-launcher-1.7.0.jar;C:\Documents and Settings\wli12\.m2\repository\xerces\xmlParserAPIs\2.6.0\xmlParserAPIs-2.6.0.jar;C:\Documents and Settings\wli12\.m2\repository\org\apache\woden\woden-impl-dom\1.0M8\woden-impl-dom-1.0M8.jar;C:\Documents and Settings\wli12\.m2\repository\annogen\annogen\0.1.0\annogen-0.1.0.jar;C:\Documents and Settings\wli12\.m2\repository\org\apache\geronimo\specs\geronimo-jms_1.1_spec\1.1\geronimo-jms_1.1_spec-1.1.jar;C:\Documents and Settings\wli12\.m2\repository\org\apache\axis2\axis2-adb\1.4.1\axis2-adb-1.4.1.jar;C:\levi\develop\workspace\ngp-new\hpsdf-ngp-module-api\target\classes;C:\Documents and Settings\wli12\.m2\repository\org\apache\wicket\wicket\1.4.2\wicket-1.4.2.jar;C:\Documents and Settings\wli12\.m2\repository\commons-codec\commons-codec\1.3\commons-codec-1.3.jar;C:\Documents and Settings\wli12\.m2\repository\org\jbpm\jbpm4\jbpm-jpdl\4.3\jbpm-jpdl-4.3.jar;C:\Documents and Settings\wli12\.m2\repository\org\jbpm\jbpm4\jbpm-pvm\4.3\jbpm-pvm-4.3.jar;C:\Documents and Settings\wli12\.m2\repository\org\jbpm\jbpm4\jbpm-api\4.3\jbpm-api-4.3.jar;C:\Documents and Settings\wli12\.m2\repository\jboss\jboss-j2ee\4.2.3.GA\jboss-j2ee-4.2.3.GA.jar;C:\Documents and Settings\wli12\.m2\repository\org\jbpm\jbpm4\jbpm-log\4.3\jbpm-log-4.3.jar;C:\Documents and Settings\wli12\.m2\repository\org\jbpm\jbpm4\jbpm-test-base\4.3\jbpm-test-base-4.3.jar;C:\Documents and Settings\wli12\.m2\repository\org\hibernate\hibernate-core\3.3.1.GA\hibernate-core-3.3.1.GA.jar;C:\Documents and Settings\wli12\.m2\repository\org\slf4j\slf4j-jdk14\1.5.2\slf4j-jdk14-1.5.2.jar;C:\Documents and Settings\wli12\.m2\repository\com\mockrunner\mockrunner\0.4.1\mockrunner-0.4.1.jar;C:\Documents and Settings\wli12\.m2\repository\org\mockejb\mockejb\0.6-beta2\mockejb-0.6-beta2.jar;C:\Documents and Settings\wli12\.m2\repository\oro\oro\2.0.8\oro-2.0.8.jar;C:\Documents and Settings\wli12\.m2\repository\cglib\cglib-full\2.0.2\cglib-full-2.0.2.jar;C:\Documents and Settings\wli12\.m2\repository\cglib\cglib-nodep\2.1_3\cglib-nodep-2.1_3.jar;C:\Documents and Settings\wli12\.m2\repository\juel\juel\2.1.0\juel-2.1.0.jar;C:\Documents and Settings\wli12\.m2\repository\juel\juel-impl\2.1.0\juel-impl-2.1.0.jar;C:\Documents and Settings\wli12\.m2\repository\juel\juel-engine\2.1.0\juel-engine-2.1.0.jar;C:\Documents and Settings\wli12\.m2\repository\org\beanshell\bsh\2.0b5\bsh-2.0b5.jar;C:\Documents and Settings\wli12\.m2\repository\org\codehaus\groovy\groovy-all\1.5.6\groovy-all-1.5.6.jar;C:\Documents and Settings\wli12\.m2\repository\jline\jline\0.9.94\jline-0.9.94.jar;C:\Documents and Settings\wli12\.m2\repository\org\jboss\identity\idm\idm-core\1.0.0.Beta1\idm-core-1.0.0.Beta1.jar;C:\Documents and Settings\wli12\.m2\repository\org\jboss\identity\idm\idm-common\1.0.0.Beta1\idm-common-1.0.0.Beta1.jar;C:\Documents and Settings\wli12\.m2\repository\org\jboss\identity\idm\idm-api\1.0.0.Beta1\idm-api-1.0.0.Beta1.jar;C:\Documents and Settings\wli12\.m2\repository\org\jboss\identity\idm\idm-spi\1.0.0.Beta1\idm-spi-1.0.0.Beta1.jar;C:\Documents and Settings\wli12\.m2\repository\org\drools\drools-core\5.0.1\drools-core-5.0.1.jar;C:\Documents and Settings\wli12\.m2\repository\org\mvel\mvel2\2.0.10\mvel2-2.0.10.jar;C:\Documents and Settings\wli12\.m2\repository\org\drools\drools-api\5.0.1\drools-api-5.0.1.jar;C:\Documents and Settings\wli12\.m2\repository\joda-time\joda-time\1.6\joda-time-1.6.jar;C:\Documents and Settings\wli12\.m2\repository\org\jboss\identity\idm\idm-hibernate\1.0.0.Beta1\idm-hibernate-1.0.0.Beta1.jar;C:\Documents and Settings\wli12\.m2\repository\javassist\javassist\3.4.GA\javassist-3.4.GA.jar;C:\Documents and Settings\wli12\.m2\repository\org\hibernate\hibernate-cglib-repack\2.1_3\hibernate-cglib-repack-2.1_3.jar;C:\Documents and Settings\wli12\.m2\repository\org\livetribe\livetribe-jsr223\2.0.5\livetribe-jsr223-2.0.5.jar;C:\Documents and Settings\wli12\.m2\repository\com\oracle\ojdbc14\10.2.0.3.0\ojdbc14-10.2.0.3.0.jar;C:\Documents and Settings\wli12\.m2\repository\mysql\mysql-connector-java\5.1.4\mysql-connector-java-5.1.4.jar;C:\Documents and Settings\wli12\.m2\repository\org\jboss\portal\identity\identity-identity\1.1.1\identity-identity-1.1.1.jar;C:\Documents and Settings\wli12\.m2\repository\org\jboss\portal\common\common-common\1.2.5\common-common-1.2.5.jar;C:\Documents and Settings\wli12\.m2\repository\org\jboss\jboss-vfs\2.1.0.GA\jboss-vfs-2.1.0.GA.jar;C:\Documents and Settings\wli12\.m2\repository\org\jboss\jboss-common-core\2.2.3.GA\jboss-common-core-2.2.3.GA.jar;C:\Documents and Settings\wli12\.m2\repository\org\jboss\logging\jboss-logging-spi\2.0.5.GA\jboss-logging-spi-2.0.5.GA.jar;C:\Documents and Settings\wli12\.m2\repository\jboss\jboss-jmx\4.2.3.GA\jboss-jmx-4.2.3.GA.jar;C:\Documents and Settings\wli12\.m2\repository\org\apache\ant\ant-junit\1.7.0\ant-junit-1.7.0.jar;C:\Documents and Settings\wli12\.m2\repository\org\codehaus\cargo\cargo-core-uberjar\0.8\cargo-core-uberjar-0.8.jar;C:\Documents and Settings\wli12\.m2\repository\org\apache\ant\ant-nodeps\1.7.0\ant-nodeps-1.7.0.jar;C:\Documents and Settings\wli12\.m2\repository\apache-tomcat\catalina\5.5.12\catalina-5.5.12.jar;C:\Documents and Settings\wli12\.m2\repository\hibernate\hibernate3\3.2.3.GA\hibernate3-3.2.3.GA.jar;C:\Documents and Settings\wli12\.m2\repository\org\jboss\microcontainer\jboss-kernel\2.0.0.Beta9\jboss-kernel-2.0.0.Beta9.jar;C:\Documents and Settings\wli12\.m2\repository\org\jboss\microcontainer\jboss-container\2.0.0.Beta9\jboss-container-2.0.0.Beta9.jar;C:\Documents and Settings\wli12\.m2\repository\org\jboss\javassist\3.6.0.GA\javassist-3.6.0.GA.jar;C:\Documents and Settings\wli12\.m2\repository\org\jboss\jbossxb\2.0.0.CR4\jbossxb-2.0.0.CR4.jar;C:\Documents and Settings\wli12\.m2\repository\apache-xerces\xercesImpl\2.7.1\xercesImpl-2.7.1.jar;C:\Documents and Settings\wli12\.m2\repository\wutka-dtdparser\dtdparser121\1.2.1\dtdparser121-1.2.1.jar;C:\Documents and Settings\wli12\.m2\repository\apache-xerces\xml-apis\2.7.1\xml-apis-2.7.1.jar;C:\Documents and Settings\wli12\.m2\repository\org\jboss\microcontainer\jboss-dependency\2.0.0.Beta9\jboss-dependency-2.0.0.Beta9.jar;C:\Documents and Settings\wli12\.m2\repository\org\jboss\microcontainer\jboss-managed\2.0.0.Beta9\jboss-managed-2.0.0.Beta9.jar;C:\Documents and Settings\wli12\.m2\repository\org\jboss\aop\jboss-aop\2.0.0.CR1\jboss-aop-2.0.0.CR1.jar;C:\Documents and Settings\wli12\.m2\repository\ant\ant\1.6.5\ant-1.6.5.jar;C:\Documents and Settings\wli12\.m2\repository\jboss\jboss-common-logging-spi\2.0.4.GA\jboss-common-logging-spi-2.0.4.GA.jar;C:\Documents and Settings\wli12\.m2\repository\qdox\qdox\1.6\qdox-1.6.jar;C:\Documents and Settings\wli12\.m2\repository\trove\trove\2.1.1\trove-2.1.1.jar;C:\Documents and Settings\wli12\.m2\repository\org\jboss\microcontainer\jboss-metatype\2.0.0.Beta9\jboss-metatype-2.0.0.Beta9.jar;C:\Documents and Settings\wli12\.m2\repository\apache-httpclient\commons-httpclient\2.0.2\commons-httpclient-2.0.2.jar;C:\Documents and Settings\wli12\.m2\repository\apache-slide\webdavlib\2.0\webdavlib-2.0.jar;C:\Documents and Settings\wli12\.m2\repository\org\jboss\jboss-test\1.0.4.GA\jboss-test-1.0.4.GA.jar;C:\Documents and Settings\wli12\.m2\repository\ant\ant-junit\1.6.5\ant-junit-1.6.5.jar;C:\Documents and Settings\wli12\.m2\repository\jboss\jboss-common-logging-log4j\2.0.4.GA\jboss-common-logging-log4j-2.0.4.GA.jar;C:\Documents and Settings\wli12\.m2\repository\jboss\profiler\jvmti\jboss-profiler-jvmti\1.0.0.CR5\jboss-profiler-jvmti-1.0.0.CR5.jar;C:\Documents and Settings\wli12\.m2\repository\jboss\jbossas\core-libs\jbosssx\4.0.4.GA\jbosssx-4.0.4.GA.jar;C:\Documents and Settings\wli12\.m2\repository\org\jboss\portal\cms\cms-jackrabbit\1.2.6\cms-jackrabbit-1.2.6.jar;C:\Documents and Settings\wli12\.m2\repository\javax\jcr\jcr\1.0\jcr-1.0.jar;C:\Documents and Settings\wli12\.m2\repository\org\apache\jackrabbit\jackrabbit-core\1.4.5\jackrabbit-core-1.4.5.jar;C:\Documents and Settings\wli12\.m2\repository\concurrent\concurrent\1.3.4\concurrent-1.3.4.jar;C:\Documents and Settings\wli12\.m2\repository\org\apache\jackrabbit\jackrabbit-api\1.4\jackrabbit-api-1.4.jar;C:\Documents and Settings\wli12\.m2\repository\org\apache\jackrabbit\jackrabbit-jcr-commons\1.4\jackrabbit-jcr-commons-1.4.jar;C:\Documents and Settings\wli12\.m2\repository\org\apache\jackrabbit\jackrabbit-spi-commons\1.4\jackrabbit-spi-commons-1.4.jar;C:\Documents and Settings\wli12\.m2\repository\org\apache\jackrabbit\jackrabbit-spi\1.4\jackrabbit-spi-1.4.jar;C:\Documents and Settings\wli12\.m2\repository\org\apache\jackrabbit\jackrabbit-text-extractors\1.4\jackrabbit-text-extractors-1.4.jar;C:\Documents and Settings\wli12\.m2\repository\poi\poi\2.5.1-final-20040804\poi-2.5.1-final-20040804.jar;C:\Documents and Settings\wli12\.m2\repository\pdfbox\pdfbox\0.6.4\pdfbox-0.6.4.jar;C:\Documents and Settings\wli12\.m2\repository\org\textmining\tm-extractors\0.4\tm-extractors-0.4.jar;C:\Documents and Settings\wli12\.m2\repository\nekohtml\nekohtml\0.9.4\nekohtml-0.9.4.jar;C:\Documents and Settings\wli12\.m2\repository\org\apache\lucene\lucene-core\2.2.0\lucene-core-2.2.0.jar;C:\Documents and Settings\wli12\.m2\repository\org\apache\derby\derby\10.2.1.6\derby-10.2.1.6.jar;C:\Documents and Settings\wli12\.m2\repository\org\jboss\cache\jbosscache-core\1.4.1.SP3\jbosscache-core-1.4.1.SP3.jar;C:\Documents and Settings\wli12\.m2\repository\jgroups\jgroups\2.4.4.GA-brew\jgroups-2.4.4.GA-brew.jar;C:\Documents and Settings\wli12\.m2\repository\org\jboss\portal\core\core\2.7.1.GA\core-2.7.1.GA.jar;C:\Documents and Settings\wli12\.m2\repository\org\jboss\portal\core\security\2.7.1.GA\security-2.7.1.GA.jar;C:\Documents and Settings\wli12\.m2\repository\org\jboss\portal\core\search\2.7.1.GA\search-2.7.1.GA.jar;C:\Documents and Settings\wli12\.m2\repository\org\jboss\portal\core\jems\2.7.1.GA\jems-2.7.1.GA.jar;C:\Documents and Settings\wli12\.m2\repository\org\jboss\portal\core\workflow\2.7.1.GA\workflow-2.7.1.GA.jar;C:\Documents and Settings\wli12\.m2\repository\org\jboss\portal\core\server\2.7.1.GA\server-2.7.1.GA.jar;C:\Documents and Settings\wli12\.m2\repository\org\jbpm\jbpm-jpdl\3.2.2\jbpm-jpdl-3.2.2.jar;C:\Documents and Settings\wli12\.m2\repository\jboss\jbossha\4.2.2.GA\jbossha-4.2.2.GA.jar;C:\Documents and Settings\wli12\.m2\repository\jboss\jboss\4.2.2.GA\jboss-4.2.2.GA.jar;" name="surefire.test.class.path"/>
    <property value="C:\DOCUME~1\wli12\LOCALS~1\Temp\" name="java.io.tmpdir"/>
    <property value="0f0d" name="env.PROCESSOR_REVISION"/>
    <property value="null" name="1"/>
    <property value="http://java.sun.com/cgi-bin/bugreport.cgi" name="java.vendor.url.bug"/>
    <property value="C:\WINDOWS" name="env.SystemRoot"/>
    <property value="web-proxy.sgp.hp.com" name="http.proxyHost"/>
    <property value="null" name="13"/>
    <property value="sun.awt.Win32GraphicsEnvironment" name="java.awt.graphicsenv"/>
    <property value="x86" name="os.arch"/>
    <property value="C:\Program Files\Java\jdk1.5.0_18\jre\lib\ext" name="java.ext.dirs"/>
    <property value="C:\levi\develop\workspace\ngp-new\hpsdf-ngp-custom-sbm-core" name="user.dir"/>
    <property value="
" name="line.separator"/>
    <property value="Java HotSpot(TM) Client VM" name="java.vm.name"/>
    <property value=".COM;.EXE;.BAT;.CMD;.VBS;.VBE;.JS;.JSE;.WSF;.WSH;.RB;.RBW" name="env.PATHEXT"/>
    <property value="C:\Ruby186\bin;C:\Program\PHP\;C:\WINDOWS\system32;C:\WINDOWS;C:\WINDOWS\System32\Wbem;C:\Program Files\ActivIdentity\ActivClient\;C:\Program Files\Microsoft SQL Server\80\Tools\Binn\;C:\Program Files\Microsoft SQL Server\90\Tools\binn\;C:\Program Files\TortoiseSVN\bin;C:\Program Files\Microsoft SQL Server\90\DTS\Binn\;C:\Program Files\Microsoft SQL Server\90\Tools\Binn\VSShell\Common7\IDE\;C:\Program Files\Microsoft Visual Studio 8\Common7\IDE\PrivateAssemblies\;C:\Program Files\IDM Computer Solutions\UltraEdit\;C:\Program Files\IDM Computer Solutions\UltraCompare\;C:\runnable\jadnt158" name="env.Path"/>
    <property value="C:\levi\develop\workspace\ngp-new\hpsdf-ngp-custom-sbm-core" name="basedir"/>
    <property value="C:\Program Files\VisualSVN Server\" name="env.VISUALSVN_SERVER"/>
    <property value="true" name="maven.mode.standalone"/>
    <property value="wli12" name="env.USERNAME"/>
    <property value="C:" name="env.SystemDrive"/>
    <property value="Cp1252" name="file.encoding"/>
    <property value="ASIAPACIFIC" name="env.USERDOMAIN"/>
    <property value="1.5" name="java.specification.version"/>
    <property value="C:\Program Files\Common Files\Sonic Shared\Sonic Central\" name="env.SonicCentral"/>
    <property value="6" name="env.PROCESSOR_LEVEL"/>
  </properties>
  <testcase classname="com.hp.sdf.ngp.search.TestSearchEngineClassInvoke" time="5.203" name="testSearchEngineConditionClassInvoke">
    <failure type="java.lang.AssertionError" message="">java.lang.AssertionError: 
	at org.junit.Assert.fail(Assert.java:92)
	at org.junit.Assert.assertTrue(Assert.java:44)
	at org.junit.Assert.assertFalse(Assert.java:69)
	at org.junit.Assert.assertFalse(Assert.java:80)
	at com.hp.sdf.ngp.search.TestSearchEngineClassInvoke.testSearchEngineConditionClassInvoke(TestSearchEngineClassInvoke.java:150)
	at sun.reflect.NativeMethodAccessorImpl.invoke0(Native Method)
	at sun.reflect.NativeMethodAccessorImpl.invoke(NativeMethodAccessorImpl.java:39)
	at sun.reflect.DelegatingMethodAccessorImpl.invoke(DelegatingMethodAccessorImpl.java:25)
	at java.lang.reflect.Method.invoke(Method.java:585)
	at org.junit.runners.model.FrameworkMethod$1.runReflectiveCall(FrameworkMethod.java:44)
	at org.junit.internal.runners.model.ReflectiveCallable.run(ReflectiveCallable.java:15)
	at org.junit.runners.model.FrameworkMethod.invokeExplosively(FrameworkMethod.java:41)
	at org.junit.internal.runners.statements.InvokeMethod.evaluate(InvokeMethod.java:20)
	at org.junit.internal.runners.statements.RunBefores.evaluate(RunBefores.java:28)
	at org.springframework.test.context.junit4.statements.RunBeforeTestMethodCallbacks.evaluate(RunBeforeTestMethodCallbacks.java:74)
	at org.junit.internal.runners.statements.RunAfters.evaluate(RunAfters.java:31)
	at org.springframework.test.context.junit4.statements.RunAfterTestMethodCallbacks.evaluate(RunAfterTestMethodCallbacks.java:82)
	at org.springframework.test.context.junit4.statements.SpringRepeat.evaluate(SpringRepeat.java:72)
	at org.springframework.test.context.junit4.SpringJUnit4ClassRunner.runChild(SpringJUnit4ClassRunner.java:240)
	at org.junit.runners.BlockJUnit4ClassRunner.runChild(BlockJUnit4ClassRunner.java:44)
	at org.junit.runners.ParentRunner.runChildren(ParentRunner.java:180)
	at org.junit.runners.ParentRunner.access$000(ParentRunner.java:41)
	at org.junit.runners.ParentRunner$1.evaluate(ParentRunner.java:173)
	at org.junit.internal.runners.statements.RunBefores.evaluate(RunBefores.java:28)
	at org.springframework.test.context.junit4.statements.RunBeforeTestClassCallbacks.evaluate(RunBeforeTestClassCallbacks.java:61)
	at org.junit.internal.runners.statements.RunAfters.evaluate(RunAfters.java:31)
	at org.springframework.test.context.junit4.statements.RunAfterTestClassCallbacks.evaluate(RunAfterTestClassCallbacks.java:70)
	at org.junit.runners.ParentRunner.run(ParentRunner.java:220)
	at org.springframework.test.context.junit4.SpringJUnit4ClassRunner.run(SpringJUnit4ClassRunner.java:180)
	at org.apache.maven.surefire.junit4.JUnit4TestSet.execute(JUnit4TestSet.java:62)
	at org.apache.maven.surefire.suite.AbstractDirectoryTestSuite.executeTestSet(AbstractDirectoryTestSuite.java:140)
	at org.apache.maven.surefire.suite.AbstractDirectoryTestSuite.execute(AbstractDirectoryTestSuite.java:127)
	at org.apache.maven.surefire.Surefire.run(Surefire.java:177)
	at sun.reflect.NativeMethodAccessorImpl.invoke0(Native Method)
	at sun.reflect.NativeMethodAccessorImpl.invoke(NativeMethodAccessorImpl.java:39)
	at sun.reflect.DelegatingMethodAccessorImpl.invoke(DelegatingMethodAccessorImpl.java:25)
	at java.lang.reflect.Method.invoke(Method.java:585)
	at org.apache.maven.surefire.booter.SurefireBooter.runSuitesInProcess(SurefireBooter.java:338)
	at org.apache.maven.surefire.booter.SurefireBooter.main(SurefireBooter.java:997)
</failure>
    <system-out>public com.hp.sdf.ngp.api.search.condition.asset.AssetAssetCategoryIdConditionDescriptor(java.lang.Long,com.hp.sdf.ngp.api.search.Condition$NumberComparer)
argument: 100
public com.hp.sdf.ngp.api.search.condition.asset.AssetAssetPriceAmountConditionDescriptor(java.math.BigDecimal,com.hp.sdf.ngp.api.search.Condition$NumberComparer)
argument: 10
public com.hp.sdf.ngp.api.search.condition.asset.AssetAverageUserRatingConditionDescriptor(java.lang.Double,com.hp.sdf.ngp.api.search.Condition$NumberComparer)
argument: 1.11
public com.hp.sdf.ngp.api.search.condition.asset.AssetCurrentVersionIdConditionDescriptor(java.lang.Long,com.hp.sdf.ngp.api.search.Condition$NumberComparer)
argument: 100
public com.hp.sdf.ngp.api.search.condition.asset.AssetDownloadCountConditionDescriptor(java.lang.Long,com.hp.sdf.ngp.api.search.Condition$NumberComparer)
argument: 100
public com.hp.sdf.ngp.api.search.condition.asset.AssetIdConditionDescriptor(java.lang.Long,com.hp.sdf.ngp.api.search.Condition$NumberComparer)
argument: 100
public com.hp.sdf.ngp.api.search.condition.asset.AssetParentIdConditionDescriptor(java.lang.Long,com.hp.sdf.ngp.api.search.Condition$NumberComparer)
argument: 100
public com.hp.sdf.ngp.api.search.condition.asset.AssetPlatformIdConditionDescriptor(java.lang.Long,com.hp.sdf.ngp.api.search.Condition$NumberComparer)
argument: 100
public com.hp.sdf.ngp.api.search.condition.asset.AssetProviderIdConditionDescriptor(java.lang.Long,com.hp.sdf.ngp.api.search.Condition$NumberComparer)
argument: 100
public com.hp.sdf.ngp.api.search.condition.asset.AssetStatusIdConditionDescriptor(java.lang.Long,com.hp.sdf.ngp.api.search.Condition$NumberComparer)
argument: 100
public com.hp.sdf.ngp.api.search.condition.asset.AssetTagIdConditionDescriptor(java.lang.Long,com.hp.sdf.ngp.api.search.Condition$NumberComparer)
argument: 100
public com.hp.sdf.ngp.api.search.condition.assetbinaryversion.AssetBinaryVersionAssetIdConditionDescriptor(java.lang.Long,com.hp.sdf.ngp.api.search.Condition$NumberComparer)
argument: 100
public com.hp.sdf.ngp.api.search.condition.assetbinaryversion.AssetBinaryVersionAssetPriceAmountConditionDescriptor(java.math.BigDecimal,com.hp.sdf.ngp.api.search.Condition$NumberComparer)
argument: 10
public com.hp.sdf.ngp.api.search.condition.assetbinaryversion.AssetBinaryVersionAssetProviderIdConditionDescriptor(java.lang.Long,com.hp.sdf.ngp.api.search.Condition$NumberComparer)
argument: 100
public com.hp.sdf.ngp.api.search.condition.assetbinaryversion.AssetBinaryVersionIdConditionDescriptor(java.lang.Long,com.hp.sdf.ngp.api.search.Condition$NumberComparer)
argument: 100
public com.hp.sdf.ngp.api.search.condition.assetbinaryversion.AssetBinaryVersionOwnerAssetParentIdConditionDescriptor(java.lang.Long,com.hp.sdf.ngp.api.search.Condition$NumberComparer)
argument: 100
public com.hp.sdf.ngp.api.search.condition.assetbinaryversion.AssetBinaryVersionProviderCommissionRateConditionDescriptor(java.lang.Double,com.hp.sdf.ngp.api.search.Condition$NumberComparer)
argument: 1.11
public com.hp.sdf.ngp.api.search.condition.assetbinaryversion.AssetBinaryVersionStatusIdConditionDescriptor(java.lang.Long,com.hp.sdf.ngp.api.search.Condition$NumberComparer)
argument: 100
public com.hp.sdf.ngp.api.search.condition.assetlifecycleactionhistory.AssetLifecycleActionHistoryAssetBinaryVersionIdConditionDescriptor(java.lang.Long,com.hp.sdf.ngp.api.search.Condition$NumberComparer)
argument: 100
public com.hp.sdf.ngp.api.search.condition.assetlifecycleactionhistory.AssetLifecycleActionHistoryAssetIdConditionDescriptor(java.lang.Long,com.hp.sdf.ngp.api.search.Condition$NumberComparer)
argument: 100
public com.hp.sdf.ngp.api.search.condition.comments.CommentsAssetIdConditionDescriptor(java.lang.Long,com.hp.sdf.ngp.api.search.Condition$NumberComparer)
argument: 100
public com.hp.sdf.ngp.api.search.condition.contentprovideroperator.ContentProviderOperatorAssetProviderIdConditionDescriptor(java.lang.Long,com.hp.sdf.ngp.api.search.Condition$NumberComparer)
argument: 100
public com.hp.sdf.ngp.api.search.condition.provider.ProviderIdConditionDescriptor(java.lang.Long,com.hp.sdf.ngp.api.search.Condition$NumberComparer)
argument: 100
public com.hp.sdf.ngp.custom.sbm.api.search.condition.contentitem.ContentItemAssetBinaryVersionIdConditionDescriptor(java.lang.Long,com.hp.sdf.ngp.api.search.Condition$NumberComparer)
argument: 100
public com.hp.sdf.ngp.custom.sbm.api.search.condition.contentitem.ContentItemAssetIdConditionDescriptor(java.lang.Long,com.hp.sdf.ngp.api.search.Condition$NumberComparer)
argument: 100
public com.hp.sdf.ngp.custom.sbm.api.search.condition.handsetdevice.HandSetDeviceResolutionFilterConditionDescriptor(java.lang.Long,com.hp.sdf.ngp.api.search.Condition$NumberComparer)
argument: 100
public com.hp.sdf.ngp.custom.sbm.api.search.condition.parentassetversionsummary.ParentAssetVersionSummaryAssetCategoryIdConditionDescriptor(java.lang.Long,com.hp.sdf.ngp.api.search.Condition$NumberComparer)
argument: 100
public com.hp.sdf.ngp.custom.sbm.api.search.condition.parentassetversionsummary.ParentAssetVersionSummaryAssetProviderIdConditionDescriptor(java.lang.Long,com.hp.sdf.ngp.api.search.Condition$NumberComparer)
argument: 100
public com.hp.sdf.ngp.custom.sbm.api.search.condition.parentassetversionsummary.ParentAssetVersionSummaryLowestPriceConditionDescriptor(java.lang.Double,com.hp.sdf.ngp.api.search.Condition$NumberComparer)
argument: 1.11
public com.hp.sdf.ngp.custom.sbm.api.search.condition.parentassetversionsummary.ParentAssetVersionSummaryNewArrivalFlagConditionDescriptor(java.lang.Long,com.hp.sdf.ngp.api.search.Condition$NumberComparer)
argument: 100
public com.hp.sdf.ngp.custom.sbm.api.search.condition.parentassetversionsummary.ParentAssetVersionSummaryParentAssetIdConditionDescriptor(java.lang.Long,com.hp.sdf.ngp.api.search.Condition$NumberComparer)
argument: 100
public com.hp.sdf.ngp.custom.sbm.api.search.condition.parentassetversionsummary.ParentAssetVersionSummaryRecommendFlagConditionDescriptor(java.lang.Long,com.hp.sdf.ngp.api.search.Condition$NumberComparer)
argument: 100
public com.hp.sdf.ngp.custom.sbm.api.search.condition.parentassetversionsummary.ParentAssetVersionSummarySaleFlagConditionDescriptor(java.lang.Long,com.hp.sdf.ngp.api.search.Condition$NumberComparer)
argument: 100
public com.hp.sdf.ngp.custom.sbm.api.search.condition.parentassetversionsummary.ParentAssetVersionSummarySampleFlagConditionDescriptor(java.lang.Long,com.hp.sdf.ngp.api.search.Condition$NumberComparer)
argument: 100
public com.hp.sdf.ngp.custom.sbm.api.search.condition.purchasehistoryextend.PurchaseHistoryExtendAssetIdConditionDescriptor(java.lang.Long,com.hp.sdf.ngp.api.search.Condition$NumberComparer)
argument: 100
public com.hp.sdf.ngp.custom.sbm.api.search.condition.purchasehistoryextend.PurchaseHistoryExtendItemIdConditionDescriptor(java.lang.Long,com.hp.sdf.ngp.api.search.Condition$NumberComparer)
argument: 100
####Pass:com.hp.sdf.ngp.api.search.condition.asset.AssetAssetCategoryIdConditionDescriptor invoke and construct com.hp.sdf.ngp.search.condition.asset.AssetAssetCategoryIdCondition
####Pass:com.hp.sdf.ngp.api.search.condition.asset.AssetAssetCategoryNameConditionDescriptor invoke and construct com.hp.sdf.ngp.search.condition.asset.AssetAssetCategoryNameCondition
####Pass:com.hp.sdf.ngp.api.search.condition.asset.AssetAssetPriceAmountConditionDescriptor invoke and construct com.hp.sdf.ngp.search.condition.asset.AssetAssetPriceAmountCondition
####Pass:com.hp.sdf.ngp.api.search.condition.asset.AssetAuthoridConditionDescriptor invoke and construct com.hp.sdf.ngp.search.condition.asset.AssetAuthoridCondition
####Pass:com.hp.sdf.ngp.api.search.condition.asset.AssetAverageUserRatingConditionDescriptor invoke and construct com.hp.sdf.ngp.search.condition.asset.AssetAverageUserRatingCondition
####Pass:com.hp.sdf.ngp.api.search.condition.asset.AssetBriefConditionDescriptor invoke and construct com.hp.sdf.ngp.search.condition.asset.AssetBriefCondition
####Pass:com.hp.sdf.ngp.api.search.condition.asset.AssetCreateDateConditionDescriptor invoke and construct com.hp.sdf.ngp.search.condition.asset.AssetCreateDateCondition
####Pass:com.hp.sdf.ngp.api.search.condition.asset.AssetCurrentVersionIdConditionDescriptor invoke and construct com.hp.sdf.ngp.search.condition.asset.AssetCurrentVersionIdCondition
####Pass:com.hp.sdf.ngp.api.search.condition.asset.AssetDescriptionConditionDescriptor invoke and construct com.hp.sdf.ngp.search.condition.asset.AssetDescriptionCondition
####Pass:com.hp.sdf.ngp.api.search.condition.asset.AssetDownloadCountConditionDescriptor invoke and construct com.hp.sdf.ngp.search.condition.asset.AssetDownloadCountCondition
####Pass:com.hp.sdf.ngp.api.search.condition.asset.AssetExternalIdConditionDescriptor invoke and construct com.hp.sdf.ngp.search.condition.asset.AssetExternalIdCondition
####Pass:com.hp.sdf.ngp.api.search.condition.asset.AssetIdConditionDescriptor invoke and construct com.hp.sdf.ngp.search.condition.asset.AssetIdCondition
####Pass:com.hp.sdf.ngp.api.search.condition.asset.AssetLatestVersionConditionDescriptor invoke and construct com.hp.sdf.ngp.search.condition.asset.AssetLatestVersionCondition
####Pass:com.hp.sdf.ngp.api.search.condition.asset.AssetNameConditionDescriptor invoke and construct com.hp.sdf.ngp.search.condition.asset.AssetNameCondition
####Pass:com.hp.sdf.ngp.api.search.condition.asset.AssetParentIdConditionDescriptor invoke and construct com.hp.sdf.ngp.search.condition.asset.AssetParentIdCondition
####Pass:com.hp.sdf.ngp.api.search.condition.asset.AssetParentOnlyConditionDescriptor invoke and construct com.hp.sdf.ngp.search.condition.asset.AssetParentOnlyCondition
####Pass:com.hp.sdf.ngp.api.search.condition.asset.AssetPlatformDescriptionConditionDescriptor invoke and construct com.hp.sdf.ngp.search.condition.asset.AssetPlatformDescriptionCondition
####Pass:com.hp.sdf.ngp.api.search.condition.asset.AssetPlatformIdConditionDescriptor invoke and construct com.hp.sdf.ngp.search.condition.asset.AssetPlatformIdCondition
####Pass:com.hp.sdf.ngp.api.search.condition.asset.AssetPlatformNameConditionDescriptor invoke and construct com.hp.sdf.ngp.search.condition.asset.AssetPlatformNameCondition
####Pass:com.hp.sdf.ngp.api.search.condition.asset.AssetProviderIdConditionDescriptor invoke and construct com.hp.sdf.ngp.search.condition.asset.AssetProviderIdCondition
####Pass:com.hp.sdf.ngp.api.search.condition.asset.AssetSourceConditionDescriptor invoke and construct com.hp.sdf.ngp.search.condition.asset.AssetSourceCondition
####Pass:com.hp.sdf.ngp.api.search.condition.asset.AssetStatusIdConditionDescriptor invoke and construct com.hp.sdf.ngp.search.condition.asset.AssetStatusIdCondition
####Pass:com.hp.sdf.ngp.api.search.condition.asset.AssetStatusNameConditionDescriptor invoke and construct com.hp.sdf.ngp.search.condition.asset.AssetStatusNameCondition
####Pass:com.hp.sdf.ngp.api.search.condition.asset.AssetTagIdConditionDescriptor invoke and construct com.hp.sdf.ngp.search.condition.asset.AssetTagIdCondition
####Pass:com.hp.sdf.ngp.api.search.condition.asset.AssetTagNameConditionDescriptor invoke and construct com.hp.sdf.ngp.search.condition.asset.AssetTagNameCondition
####Pass:com.hp.sdf.ngp.api.search.condition.asset.AssetUpdateDateConditionDescriptor invoke and construct com.hp.sdf.ngp.search.condition.asset.AssetUpdateDateCondition
####Pass:com.hp.sdf.ngp.api.search.condition.assetbinaryversion.AssetBinaryVersionAssetIdConditionDescriptor invoke and construct com.hp.sdf.ngp.search.condition.assetbinaryversion.AssetBinaryVersionAssetIdCondition
####Pass:com.hp.sdf.ngp.api.search.condition.assetbinaryversion.AssetBinaryVersionAssetNameConditionDescriptor invoke and construct com.hp.sdf.ngp.search.condition.assetbinaryversion.AssetBinaryVersionAssetNameCondition
####Pass:com.hp.sdf.ngp.api.search.condition.assetbinaryversion.AssetBinaryVersionAssetPriceAmountConditionDescriptor invoke and construct com.hp.sdf.ngp.search.condition.assetbinaryversion.AssetBinaryVersionAssetPriceAmountCondition
####Pass:com.hp.sdf.ngp.api.search.condition.assetbinaryversion.AssetBinaryVersionAssetPriceCurrencyConditionDescriptor invoke and construct com.hp.sdf.ngp.search.condition.assetbinaryversion.AssetBinaryVersionAssetPriceCurrencyCondition
####Pass:com.hp.sdf.ngp.api.search.condition.assetbinaryversion.AssetBinaryVersionAssetProviderExternalIdConditionDescriptor invoke and construct com.hp.sdf.ngp.search.condition.assetbinaryversion.AssetBinaryVersionAssetProviderExternalIdCondition
####Pass:com.hp.sdf.ngp.api.search.condition.assetbinaryversion.AssetBinaryVersionAssetProviderIdConditionDescriptor invoke and construct com.hp.sdf.ngp.search.condition.assetbinaryversion.AssetBinaryVersionAssetProviderIdCondition
####Pass:com.hp.sdf.ngp.api.search.condition.assetbinaryversion.AssetBinaryVersionCategoryNameConditionDescriptor invoke and construct com.hp.sdf.ngp.search.condition.assetbinaryversion.AssetBinaryVersionCategoryNameCondition
####Pass:com.hp.sdf.ngp.api.search.condition.assetbinaryversion.AssetBinaryVersionCurrentVersionConditionDescriptor invoke and construct com.hp.sdf.ngp.search.condition.assetbinaryversion.AssetBinaryVersionCurrentVersionCondition
####Pass:com.hp.sdf.ngp.api.search.condition.assetbinaryversion.AssetBinaryVersionExpireDateConditionDescriptor invoke and construct com.hp.sdf.ngp.search.condition.assetbinaryversion.AssetBinaryVersionExpireDateCondition
####Pass:com.hp.sdf.ngp.api.search.condition.assetbinaryversion.AssetBinaryVersionExternalIdConditionDescriptor invoke and construct com.hp.sdf.ngp.search.condition.assetbinaryversion.AssetBinaryVersionExternalIdCondition
####Pass:com.hp.sdf.ngp.api.search.condition.assetbinaryversion.AssetBinaryVersionIdConditionDescriptor invoke and construct com.hp.sdf.ngp.search.condition.assetbinaryversion.AssetBinaryVersionIdCondition
####Pass:com.hp.sdf.ngp.api.search.condition.assetbinaryversion.AssetBinaryVersionNewArrivalDueDateConditionDescriptor invoke and construct com.hp.sdf.ngp.search.condition.assetbinaryversion.AssetBinaryVersionNewArrivalDueDateCondition
####Pass:com.hp.sdf.ngp.api.search.condition.assetbinaryversion.AssetBinaryVersionNotCurrentVersionConditionDescriptor invoke and construct com.hp.sdf.ngp.search.condition.assetbinaryversion.AssetBinaryVersionNotCurrentVersionCondition
####Pass:com.hp.sdf.ngp.api.search.condition.assetbinaryversion.AssetBinaryVersionOwnerAssetParentIdConditionDescriptor invoke and construct com.hp.sdf.ngp.search.condition.assetbinaryversion.AssetBinaryVersionOwnerAssetParentIdCondition
####Pass:com.hp.sdf.ngp.api.search.condition.assetbinaryversion.AssetBinaryVersionParentOnlyConditionDescriptor invoke and construct com.hp.sdf.ngp.search.condition.assetbinaryversion.AssetBinaryVersionParentOnlyCondition
####Pass:com.hp.sdf.ngp.api.search.condition.assetbinaryversion.AssetBinaryVersionProviderCommissionRateConditionDescriptor invoke and construct com.hp.sdf.ngp.search.condition.assetbinaryversion.AssetBinaryVersionProviderCommissionRateCondition
####Pass:com.hp.sdf.ngp.api.search.condition.assetbinaryversion.AssetBinaryVersionProviderNameConditionDescriptor invoke and construct com.hp.sdf.ngp.search.condition.assetbinaryversion.AssetBinaryVersionProviderNameCondition
####Pass:com.hp.sdf.ngp.api.search.condition.assetbinaryversion.AssetBinaryVersionPublishDateConditionDescriptor invoke and construct com.hp.sdf.ngp.search.condition.assetbinaryversion.AssetBinaryVersionPublishDateCondition
####Pass:com.hp.sdf.ngp.api.search.condition.assetbinaryversion.AssetBinaryVersionRecommendDueDateConditionDescriptor invoke and construct com.hp.sdf.ngp.search.condition.assetbinaryversion.AssetBinaryVersionRecommendDueDateCondition
####Pass:com.hp.sdf.ngp.api.search.condition.assetbinaryversion.AssetBinaryVersionRecommendStartDateConditionDescriptor invoke and construct com.hp.sdf.ngp.search.condition.assetbinaryversion.AssetBinaryVersionRecommendStartDateCondition
####Pass:com.hp.sdf.ngp.api.search.condition.assetbinaryversion.AssetBinaryVersionSourceConditionDescriptor invoke and construct com.hp.sdf.ngp.search.condition.assetbinaryversion.AssetBinaryVersionSourceCondition
####Pass:com.hp.sdf.ngp.api.search.condition.assetbinaryversion.AssetBinaryVersionStatusIdConditionDescriptor invoke and construct com.hp.sdf.ngp.search.condition.assetbinaryversion.AssetBinaryVersionStatusIdCondition
####Pass:com.hp.sdf.ngp.api.search.condition.assetbinaryversion.AssetBinaryVersionStatusNameConditionDescriptor invoke and construct com.hp.sdf.ngp.search.condition.assetbinaryversion.AssetBinaryVersionStatusNameCondition
####Pass:com.hp.sdf.ngp.api.search.condition.assetbinaryversion.AssetBinaryVersionTagNameConditionDescriptor invoke and construct com.hp.sdf.ngp.search.condition.assetbinaryversion.AssetBinaryVersionTagNameCondition
####Pass:com.hp.sdf.ngp.api.search.condition.assetbinaryversion.AssetBinaryVersionVersionNameConditionDescriptor invoke and construct com.hp.sdf.ngp.search.condition.assetbinaryversion.AssetBinaryVersionVersionNameCondition
####Pass:com.hp.sdf.ngp.api.search.condition.assetlifecycleactionhistory.AssetLifecycleActionHistoryAssetBinaryVersionIdConditionDescriptor invoke and construct com.hp.sdf.ngp.search.condition.assetlifecycleactionhistory.AssetLifecycleActionHistoryAssetBinaryVersionIdCondition
####Pass:com.hp.sdf.ngp.api.search.condition.assetlifecycleactionhistory.AssetLifecycleActionHistoryAssetIdConditionDescriptor invoke and construct com.hp.sdf.ngp.search.condition.assetlifecycleactionhistory.AssetLifecycleActionHistoryAssetIdCondition
####Pass:com.hp.sdf.ngp.api.search.condition.assetlifecycleactionhistory.AssetLifecycleActionHistoryCompleteDateConditionDescriptor invoke and construct com.hp.sdf.ngp.search.condition.assetlifecycleactionhistory.AssetLifecycleActionHistoryCompleteDateCondition
####Pass:com.hp.sdf.ngp.api.search.condition.assetlifecycleactionhistory.AssetLifecycleActionHistoryEventConditionDescriptor invoke and construct com.hp.sdf.ngp.search.condition.assetlifecycleactionhistory.AssetLifecycleActionHistoryEventCondition
####Pass:com.hp.sdf.ngp.api.search.condition.assetlifecycleactionhistory.AssetLifecycleActionHistoryExternalIdConditionDescriptor invoke and construct com.hp.sdf.ngp.search.condition.assetlifecycleactionhistory.AssetLifecycleActionHistoryExternalIdCondition
####Pass:com.hp.sdf.ngp.api.search.condition.assetlifecycleactionhistory.AssetLifecycleActionHistoryNotificationDateConditionDescriptor invoke and construct com.hp.sdf.ngp.search.condition.assetlifecycleactionhistory.AssetLifecycleActionHistoryNotificationDateCondition
####Pass:com.hp.sdf.ngp.api.search.condition.assetlifecycleactionhistory.AssetLifecycleActionHistoryPostStatusConditionDescriptor invoke and construct com.hp.sdf.ngp.search.condition.assetlifecycleactionhistory.AssetLifecycleActionHistoryPostStatusCondition
####Pass:com.hp.sdf.ngp.api.search.condition.assetlifecycleactionhistory.AssetLifecycleActionHistoryPreStatusConditionDescriptor invoke and construct com.hp.sdf.ngp.search.condition.assetlifecycleactionhistory.AssetLifecycleActionHistoryPreStatusCondition
####Pass:com.hp.sdf.ngp.api.search.condition.assetlifecycleactionhistory.AssetLifecycleActionHistoryProcessStatusConditionDescriptor invoke and construct com.hp.sdf.ngp.search.condition.assetlifecycleactionhistory.AssetLifecycleActionHistoryProcessStatusCondition
####Pass:com.hp.sdf.ngp.api.search.condition.assetlifecycleactionhistory.AssetLifecycleActionHistoryResultConditionDescriptor invoke and construct com.hp.sdf.ngp.search.condition.assetlifecycleactionhistory.AssetLifecycleActionHistoryResultCondition
####Pass:com.hp.sdf.ngp.api.search.condition.assetlifecycleactionhistory.AssetLifecycleActionHistorySourceConditionDescriptor invoke and construct com.hp.sdf.ngp.search.condition.assetlifecycleactionhistory.AssetLifecycleActionHistorySourceCondition
@@@@Found abstract class, discard :com.hp.sdf.ngp.api.search.condition.basecondition.DateConditionDescriptor
@@@@Found abstract class, discard :com.hp.sdf.ngp.api.search.condition.basecondition.EavConditionDescriptor
@@@@Found abstract class, discard :com.hp.sdf.ngp.api.search.condition.basecondition.NumberConditionDescriptor
@@@@Found abstract class, discard :com.hp.sdf.ngp.api.search.condition.basecondition.StringConditionDescriptor
####Pass:com.hp.sdf.ngp.api.search.condition.category.CategoryExternalIdConditionDescriptor invoke and construct com.hp.sdf.ngp.search.condition.category.CategoryExternalIdCondition
####Pass:com.hp.sdf.ngp.api.search.condition.category.CategoryNameConditionDescriptor invoke and construct com.hp.sdf.ngp.search.condition.category.CategoryNameCondition
####Pass:com.hp.sdf.ngp.api.search.condition.comments.CommentsAssetIdConditionDescriptor invoke and construct com.hp.sdf.ngp.search.condition.comments.CommentsAssetIdCondition
####Pass:com.hp.sdf.ngp.api.search.condition.comments.CommentsAssetSourceConditionDescriptor invoke and construct com.hp.sdf.ngp.search.condition.comments.CommentsAssetSourceCondition
####Pass:com.hp.sdf.ngp.api.search.condition.comments.CommentsUpdateDateConditionDescriptor invoke and construct com.hp.sdf.ngp.search.condition.comments.CommentsUpdateDateCondition
####Pass:com.hp.sdf.ngp.api.search.condition.contentprovideroperator.ContentProviderOperatorAssetProviderIdConditionDescriptor invoke and construct com.hp.sdf.ngp.search.condition.contentprovideroperator.ContentProviderOperatorAssetProviderIdCondition
####Pass:com.hp.sdf.ngp.api.search.condition.contentprovideroperator.ContentProviderOperatorUseridConditionDescriptor invoke and construct com.hp.sdf.ngp.search.condition.contentprovideroperator.ContentProviderOperatorUseridCondition
####Pass:com.hp.sdf.ngp.api.search.condition.eav.EavDateConditionDescriptor invoke and construct com.hp.sdf.ngp.search.condition.eav.EavDateCondition
####Pass:com.hp.sdf.ngp.api.search.condition.eav.EavNumberConditionDescriptor invoke and construct com.hp.sdf.ngp.search.engine.model.SqlCondition
####Pass:com.hp.sdf.ngp.api.search.condition.eav.EavStringConditionDescriptor invoke and construct com.hp.sdf.ngp.search.condition.eav.EavStringCondition
####Pass:com.hp.sdf.ngp.api.search.condition.provider.ProviderExternalIdConditionDescriptor invoke and construct com.hp.sdf.ngp.search.condition.provider.ProviderExternalIdCondition
####Pass:com.hp.sdf.ngp.api.search.condition.provider.ProviderIdConditionDescriptor invoke and construct com.hp.sdf.ngp.search.condition.provider.ProviderIdCondition
####Pass:com.hp.sdf.ngp.api.search.condition.provider.ProviderSourceConditionDescriptor invoke and construct com.hp.sdf.ngp.search.condition.provider.ProviderSourceCondition
####Pass:com.hp.sdf.ngp.api.search.condition.subscriberprofile.SubscriberProfileDisplayNameConditionDescriptor invoke and construct com.hp.sdf.ngp.search.condition.subscriberprofile.SubscriberProfileDisplayNameCondition
####Pass:com.hp.sdf.ngp.api.search.condition.subscriberprofile.SubscriberProfileMsisdnConditionDescriptor invoke and construct com.hp.sdf.ngp.search.condition.subscriberprofile.SubscriberProfileMsisdnCondition
####Pass:com.hp.sdf.ngp.api.search.condition.systemconfig.SystemConfigConfigKeyConditionDescriptor invoke and construct com.hp.sdf.ngp.search.condition.systemconfig.SystemConfigConfigKeyCondition
####Pass:com.hp.sdf.ngp.api.search.condition.systemconfig.SystemConfigValueConditionDescriptor invoke and construct com.hp.sdf.ngp.search.condition.systemconfig.SystemConfigValueCondition
####Pass:com.hp.sdf.ngp.custom.sbm.api.search.condition.clientapplication.ClientApplicationClientNameConditionDescriptor invoke and construct com.hp.sdf.ngp.search.condition.clientapplication.ClientApplicationClientNameCondition
####Pass:com.hp.sdf.ngp.custom.sbm.api.search.condition.clientapplication.ClientApplicationVersionConditionDescriptor invoke and construct com.hp.sdf.ngp.search.condition.clientapplication.ClientApplicationVersionCondition
####Pass:com.hp.sdf.ngp.custom.sbm.api.search.condition.contentitem.ContentItemAssetBinaryVersionIdConditionDescriptor invoke and construct com.hp.sdf.ngp.search.condition.contentitem.ContentItemAssetBinaryVersionIdCondition
####Pass:com.hp.sdf.ngp.custom.sbm.api.search.condition.contentitem.ContentItemAssetExternalIdConditionDescriptor invoke and construct com.hp.sdf.ngp.search.condition.contentitem.ContentItemAssetExternalIdCondition
####Pass:com.hp.sdf.ngp.custom.sbm.api.search.condition.contentitem.ContentItemAssetIdConditionDescriptor invoke and construct com.hp.sdf.ngp.search.condition.contentitem.ContentItemAssetIdCondition
!!!!Fail:com.hp.sdf.ngp.custom.sbm.api.search.condition.contentitem.ContentItemAssetVersionConditionDescriptor can not invoke and construct null
####Pass:com.hp.sdf.ngp.custom.sbm.api.search.condition.contentitem.ContentItemItemIdConditionDescriptor invoke and construct com.hp.sdf.ngp.search.condition.contentitem.ContentItemItemIdCondition
####Pass:com.hp.sdf.ngp.custom.sbm.api.search.condition.contentitem.ContentItemSynchronizeFlagConditionDescriptor invoke and construct com.hp.sdf.ngp.search.condition.contentitem.ContentItemSynchronizeFlagCondition
####Pass:com.hp.sdf.ngp.custom.sbm.api.search.condition.handsetdevice.HandSetDeviceDeviceNameConditionDescriptor invoke and construct com.hp.sdf.ngp.search.condition.handsetdevice.HandSetDeviceDeviceNameCondition
####Pass:com.hp.sdf.ngp.custom.sbm.api.search.condition.handsetdevice.HandSetDeviceFunctionFilterConditionDescriptor invoke and construct com.hp.sdf.ngp.search.condition.handsetdevice.HandSetDeviceFunctionFilterCondition
####Pass:com.hp.sdf.ngp.custom.sbm.api.search.condition.handsetdevice.HandSetDeviceResolutionFilterConditionDescriptor invoke and construct com.hp.sdf.ngp.search.condition.handsetdevice.HandSetDeviceResolutionFilterCondition
####Pass:com.hp.sdf.ngp.custom.sbm.api.search.condition.parentassetversionsummary.ParentAssetVersionSummaryAssetBinaryVersionNameConditionDescriptor invoke and construct com.hp.sdf.ngp.search.condition.parentassetversionsummary.ParentAssetVersionSummaryAssetBinaryVersionNameCondition
####Pass:com.hp.sdf.ngp.custom.sbm.api.search.condition.parentassetversionsummary.ParentAssetVersionSummaryAssetCategoryIdConditionDescriptor invoke and construct com.hp.sdf.ngp.search.condition.parentassetversionsummary.ParentAssetVersionSummaryAssetCategoryIdCondition
####Pass:com.hp.sdf.ngp.custom.sbm.api.search.condition.parentassetversionsummary.ParentAssetVersionSummaryAssetProviderIdConditionDescriptor invoke and construct com.hp.sdf.ngp.search.condition.parentassetversionsummary.ParentAssetVersionSummaryAssetProviderIdCondition
####Pass:com.hp.sdf.ngp.custom.sbm.api.search.condition.parentassetversionsummary.ParentAssetVersionSummaryBinaryVersionStatusNameConditionDescriptor invoke and construct com.hp.sdf.ngp.search.condition.parentassetversionsummary.ParentAssetVersionSummaryBinaryVersionStatusNameCondition
####Pass:com.hp.sdf.ngp.custom.sbm.api.search.condition.parentassetversionsummary.ParentAssetVersionSummaryLowestPriceConditionDescriptor invoke and construct com.hp.sdf.ngp.search.condition.parentassetversionsummary.ParentAssetVersionSummaryLowestPriceCondition
####Pass:com.hp.sdf.ngp.custom.sbm.api.search.condition.parentassetversionsummary.ParentAssetVersionSummaryNewArrivalFlagConditionDescriptor invoke and construct com.hp.sdf.ngp.search.condition.parentassetversionsummary.ParentAssetVersionSummaryNewArrivalFlagCondition
####Pass:com.hp.sdf.ngp.custom.sbm.api.search.condition.parentassetversionsummary.ParentAssetVersionSummaryParentAssetIdConditionDescriptor invoke and construct com.hp.sdf.ngp.search.condition.parentassetversionsummary.ParentAssetVersionSummaryParentAssetIdCondition
####Pass:com.hp.sdf.ngp.custom.sbm.api.search.condition.parentassetversionsummary.ParentAssetVersionSummaryPublishFlagConditionDescriptor invoke and construct com.hp.sdf.ngp.search.condition.parentassetversionsummary.ParentAssetVersionSummaryPublishFlagCondition
####Pass:com.hp.sdf.ngp.custom.sbm.api.search.condition.parentassetversionsummary.ParentAssetVersionSummaryRecommendFlagConditionDescriptor invoke and construct com.hp.sdf.ngp.search.condition.parentassetversionsummary.ParentAssetVersionSummaryRecommendFlagCondition
####Pass:com.hp.sdf.ngp.custom.sbm.api.search.condition.parentassetversionsummary.ParentAssetVersionSummarySaleEndDateConditionDescriptor invoke and construct com.hp.sdf.ngp.search.condition.parentassetversionsummary.ParentAssetVersionSummarySaleEndDateCondition
####Pass:com.hp.sdf.ngp.custom.sbm.api.search.condition.parentassetversionsummary.ParentAssetVersionSummarySaleFlagConditionDescriptor invoke and construct com.hp.sdf.ngp.search.condition.parentassetversionsummary.ParentAssetVersionSummarySaleFlagCondition
####Pass:com.hp.sdf.ngp.custom.sbm.api.search.condition.parentassetversionsummary.ParentAssetVersionSummarySaleStartDateConditionDescriptor invoke and construct com.hp.sdf.ngp.search.condition.parentassetversionsummary.ParentAssetVersionSummarySaleStartDateCondition
####Pass:com.hp.sdf.ngp.custom.sbm.api.search.condition.parentassetversionsummary.ParentAssetVersionSummarySampleFlagConditionDescriptor invoke and construct com.hp.sdf.ngp.search.condition.parentassetversionsummary.ParentAssetVersionSummarySampleFlagCondition
####Pass:com.hp.sdf.ngp.custom.sbm.api.search.condition.parentassetversionsummary.ParentAssetVersionSummaryTagNameConditionDescriptor invoke and construct com.hp.sdf.ngp.search.condition.parentassetversionsummary.ParentAssetVersionSummaryTagNameCondition
####Pass:com.hp.sdf.ngp.custom.sbm.api.search.condition.purchasehistoryextend.PurchaseHistoryExtendAssetIdConditionDescriptor invoke and construct com.hp.sdf.ngp.search.condition.purchasehistoryextend.PurchaseHistoryExtendAssetIdCondition
####Pass:com.hp.sdf.ngp.custom.sbm.api.search.condition.purchasehistoryextend.PurchaseHistoryExtendEventIdConditionDescriptor invoke and construct com.hp.sdf.ngp.search.condition.purchasehistoryextend.PurchaseHistoryExtendEventIdCondition
####Pass:com.hp.sdf.ngp.custom.sbm.api.search.condition.purchasehistoryextend.PurchaseHistoryExtendItemIdConditionDescriptor invoke and construct com.hp.sdf.ngp.search.condition.purchasehistoryextend.PurchaseHistoryExtendItemIdCondition
####Pass:com.hp.sdf.ngp.custom.sbm.api.search.condition.purchasehistoryextend.PurchaseHistoryExtendReqConfirmDateConditionDescriptor invoke and construct com.hp.sdf.ngp.search.condition.purchasehistoryextend.PurchaseHistoryExtendReqConfirmDateCondition
####Pass:com.hp.sdf.ngp.custom.sbm.api.search.condition.purchasehistoryextend.PurchaseHistoryExtendStatusConditionDescriptor invoke and construct com.hp.sdf.ngp.search.condition.purchasehistoryextend.PurchaseHistoryExtendStatusCondition
####Pass:com.hp.sdf.ngp.custom.sbm.api.search.condition.purchasehistoryextend.PurchaseHistoryExtendTempPaidDateConditionDescriptor invoke and construct com.hp.sdf.ngp.search.condition.purchasehistoryextend.PurchaseHistoryExtendTempPaidDateCondition
####Pass:com.hp.sdf.ngp.custom.sbm.api.search.condition.purchasehistoryextend.PurchaseHistoryExtendUserIdConditionDescriptor invoke and construct com.hp.sdf.ngp.search.condition.purchasehistoryextend.PurchaseHistoryExtendUserIdCondition
####Pass:com.hp.sdf.ngp.custom.sbm.api.search.condition.securitytoken.SecurityTokenExpireDateCondtionDescriptor invoke and construct com.hp.sdf.ngp.search.condition.securitytoken.SecurityTokenExpireDateCondtion
####Pass:com.hp.sdf.ngp.custom.sbm.api.search.condition.securitytoken.SecurityTokenImsiConditionDescriptor invoke and construct com.hp.sdf.ngp.search.condition.securitytoken.SecurityTokenImsiCondition
Total count: 113(112 passed. 1 failed.)
</system-out>
    <system-err>java.lang.ClassNotFoundException: com.hp.sdf.ngp.search.condition.contentitem.ContentItemAssetVersionCondition
	at java.net.URLClassLoader$1.run(URLClassLoader.java:200)
	at java.security.AccessController.doPrivileged(Native Method)
	at java.net.URLClassLoader.findClass(URLClassLoader.java:188)
	at java.lang.ClassLoader.loadClass(ClassLoader.java:306)
	at sun.misc.Launcher$AppClassLoader.loadClass(Launcher.java:268)
	at java.lang.ClassLoader.loadClass(ClassLoader.java:251)
	at java.lang.ClassLoader.loadClassInternal(ClassLoader.java:319)
	at java.lang.Class.forName0(Native Method)
	at java.lang.Class.forName(Class.java:164)
	at com.hp.sdf.ngp.api.impl.search.SearchEngineImpl.createCondition(SearchEngineImpl.java:53)
	at com.hp.sdf.ngp.search.TestSearchEngineClassInvoke.testSearchEngineConditionClassInvoke(TestSearchEngineClassInvoke.java:128)
	at sun.reflect.NativeMethodAccessorImpl.invoke0(Native Method)
	at sun.reflect.NativeMethodAccessorImpl.invoke(NativeMethodAccessorImpl.java:39)
	at sun.reflect.DelegatingMethodAccessorImpl.invoke(DelegatingMethodAccessorImpl.java:25)
	at java.lang.reflect.Method.invoke(Method.java:585)
	at org.junit.runners.model.FrameworkMethod$1.runReflectiveCall(FrameworkMethod.java:44)
	at org.junit.internal.runners.model.ReflectiveCallable.run(ReflectiveCallable.java:15)
	at org.junit.runners.model.FrameworkMethod.invokeExplosively(FrameworkMethod.java:41)
	at org.junit.internal.runners.statements.InvokeMethod.evaluate(InvokeMethod.java:20)
	at org.junit.internal.runners.statements.RunBefores.evaluate(RunBefores.java:28)
	at org.springframework.test.context.junit4.statements.RunBeforeTestMethodCallbacks.evaluate(RunBeforeTestMethodCallbacks.java:74)
	at org.junit.internal.runners.statements.RunAfters.evaluate(RunAfters.java:31)
	at org.springframework.test.context.junit4.statements.RunAfterTestMethodCallbacks.evaluate(RunAfterTestMethodCallbacks.java:82)
	at org.springframework.test.context.junit4.statements.SpringRepeat.evaluate(SpringRepeat.java:72)
	at org.springframework.test.context.junit4.SpringJUnit4ClassRunner.runChild(SpringJUnit4ClassRunner.java:240)
	at org.junit.runners.BlockJUnit4ClassRunner.runChild(BlockJUnit4ClassRunner.java:44)
	at org.junit.runners.ParentRunner.runChildren(ParentRunner.java:180)
	at org.junit.runners.ParentRunner.access$000(ParentRunner.java:41)
	at org.junit.runners.ParentRunner$1.evaluate(ParentRunner.java:173)
	at org.junit.internal.runners.statements.RunBefores.evaluate(RunBefores.java:28)
	at org.springframework.test.context.junit4.statements.RunBeforeTestClassCallbacks.evaluate(RunBeforeTestClassCallbacks.java:61)
	at org.junit.internal.runners.statements.RunAfters.evaluate(RunAfters.java:31)
	at org.springframework.test.context.junit4.statements.RunAfterTestClassCallbacks.evaluate(RunAfterTestClassCallbacks.java:70)
	at org.junit.runners.ParentRunner.run(ParentRunner.java:220)
	at org.springframework.test.context.junit4.SpringJUnit4ClassRunner.run(SpringJUnit4ClassRunner.java:180)
	at org.apache.maven.surefire.junit4.JUnit4TestSet.execute(JUnit4TestSet.java:62)
	at org.apache.maven.surefire.suite.AbstractDirectoryTestSuite.executeTestSet(AbstractDirectoryTestSuite.java:140)
	at org.apache.maven.surefire.suite.AbstractDirectoryTestSuite.execute(AbstractDirectoryTestSuite.java:127)
	at org.apache.maven.surefire.Surefire.run(Surefire.java:177)
	at sun.reflect.NativeMethodAccessorImpl.invoke0(Native Method)
	at sun.reflect.NativeMethodAccessorImpl.invoke(NativeMethodAccessorImpl.java:39)
	at sun.reflect.DelegatingMethodAccessorImpl.invoke(DelegatingMethodAccessorImpl.java:25)
	at java.lang.reflect.Method.invoke(Method.java:585)
	at org.apache.maven.surefire.booter.SurefireBooter.runSuitesInProcess(SurefireBooter.java:338)
	at org.apache.maven.surefire.booter.SurefireBooter.main(SurefireBooter.java:997)
</system-err>
  </testcase>
</testsuite>