<?xml version="1.0" encoding="UTF-8" ?>
<testsuite errors="1" skipped="1" tests="50" time="212.797" failures="0" name="com.hp.sdf.ngp.sbm.storeclient.TestClientContentService">
  <properties>
    <property value="Sun Microsystems Inc." name="java.vendor"/>
    <property value="C:\Documents and Settings\wli12\.m2\repository" name="localRepository"/>
    <property value="c:\Program Files\Microsoft Visual Studio 9.0\Common7\Tools\" name="env.VS90COMNTOOLS"/>
    <property value="SUN_STANDARD" name="sun.java.launcher"/>
    <property value="HotSpot Client Compiler" name="sun.management.compiler"/>
    <property value="$P$G" name="env.PROMPT"/>
    <property value="Windows XP" name="os.name"/>
    <property value="NO" name="env.FP_NO_HOST_CHECK"/>
    <property value="C:\Program Files\Java\jdk1.5.0_18\jre\lib\rt.jar;C:\Program Files\Java\jdk1.5.0_18\jre\lib\i18n.jar;C:\Program Files\Java\jdk1.5.0_18\jre\lib\sunrsasign.jar;C:\Program Files\Java\jdk1.5.0_18\jre\lib\jsse.jar;C:\Program Files\Java\jdk1.5.0_18\jre\lib\jce.jar;C:\Program Files\Java\jdk1.5.0_18\jre\lib\charsets.jar;C:\Program Files\Java\jdk1.5.0_18\jre\classes" name="sun.boot.class.path"/>
    <property value="WLI54" name="env.COMPUTERNAME"/>
    <property value="C:\Documents and Settings\All Users" name="env.ALLUSERSPROFILE"/>
    <property value="windows" name="sun.desktop"/>
    <property value="Sun Microsystems Inc." name="java.vm.specification.vendor"/>
    <property value="1.5.0_18-b02" name="java.runtime.version"/>
    <property value="C:\Program Files\SQLXML 4.0\bin\" name="env.lib"/>
    <property value="\Documents and Settings\wli12" name="env.HOMEPATH"/>
    <property value="8080" name="http.proxyPort"/>
    <property value="wli12" name="user.name"/>
    <property value="en" name="user.language"/>
    <property value="C:\Program Files\Java\jdk1.5.0_18\jre\bin" name="sun.boot.library.path"/>
    <property value="C:\levi\develop\workspace\ngp-new\.metadata\.plugins\org.maven.ide.eclipse\launches\m2conf7735386631262876380.tmp" name="classworlds.conf"/>
    <property value="1.5.0_18" name="java.version"/>
    <property value="x86 Family 6 Model 15 Stepping 13, GenuineIntel" name="env.PROCESSOR_IDENTIFIER"/>
    <property value="Asia/Shanghai" name="user.timezone"/>
    <property value="Console" name="env.CLIENTNAME"/>
    <property value="C:\DOCUME~1\wli12\LOCALS~1\Temp" name="env.TEMP"/>
    <property value="32" name="sun.arch.data.model"/>
    <property value="C:\Program Files\Java\jdk1.5.0_18\jre\lib\endorsed" name="java.endorsed.dirs"/>
    <property value="pentium_pro+mmx pentium_pro pentium+mmx pentium i486 i386 i86" name="sun.cpu.isalist"/>
    <property value="C:" name="env.HOMEDRIVE"/>
    <property value="GBK" name="sun.jnu.encoding"/>
    <property value="sun.io" name="file.encoding.pkg"/>
    <property value="\" name="file.separator"/>
    <property value="Java Platform API Specification" name="java.specification.name"/>
    <property value="49.0" name="java.class.version"/>
    <property value="US" name="user.country"/>
    <property value="C:\Program Files\Java\jdk1.5.0_18\jre" name="java.home"/>
    <property value="C:\Documents and Settings\wli12\Application Data" name="env.APPDATA"/>
    <property value="mixed mode, sharing" name="java.vm.info"/>
    <property value="c:\tomcat" name="env.CATALINA_HOME"/>
    <property value="C:\WINDOWS\system32\cmd.exe" name="env.ComSpec"/>
    <property value="Windows_NT" name="env.OS"/>
    <property value="C:\Program Files\Common Files" name="env.CommonProgramFiles"/>
    <property value="5.1" name="os.version"/>
    <property value=";" name="path.separator"/>
    <property value="1.5.0_18-b02" name="java.vm.version"/>
    <property value="C:\Program\PHP\" name="env.PHPRC"/>
    <property value="C:\Documents and Settings\wli12" name="env.USERPROFILE"/>
    <property value="" name="user.variant"/>
    <property value="C:\Program Files\Java\jdk1.6.0_16" name="env.JAVA_HOME"/>
    <property value="sun.awt.windows.WPrinterJob" name="java.awt.printerjob"/>
    <property value="C:\DOCUME~1\wli12\LOCALS~1\Temp" name="env.TMP"/>
    <property value="UnicodeLittle" name="sun.io.unicode.encoding"/>
    <property value="sun.awt.windows.WToolkit" name="awt.toolkit"/>
    <property value="C:\Documents and Settings\wli12" name="user.home"/>
    <property value="Console" name="env.SESSIONNAME"/>
    <property value="Sun Microsystems Inc." name="java.specification.vendor"/>
    <property value="C:\levi\lib\apache-ant-1.7.0\lib\ant.jar" name="env.CLASSPATH"/>
    <property value="2" name="env.NUMBER_OF_PROCESSORS"/>
    <property value="C:\Program Files\Java\jdk1.5.0_18\bin;.;C:\WINDOWS\system32;C:\WINDOWS;C:\Ruby186\bin;C:\Program\PHP\;C:\WINDOWS\system32;C:\WINDOWS;C:\WINDOWS\System32\Wbem;C:\Program Files\ActivIdentity\ActivClient\;C:\Program Files\Microsoft SQL Server\80\Tools\Binn\;C:\Program Files\Microsoft SQL Server\90\Tools\binn\;C:\Program Files\TortoiseSVN\bin;C:\Program Files\Microsoft SQL Server\90\DTS\Binn\;C:\Program Files\Microsoft SQL Server\90\Tools\Binn\VSShell\Common7\IDE\;C:\Program Files\Microsoft Visual Studio 8\Common7\IDE\PrivateAssemblies\;C:\Program Files\IDM Computer Solutions\UltraEdit\;C:\Program Files\IDM Computer Solutions\UltraCompare\;C:\runnable\jadnt158" name="java.library.path"/>
    <property value="http://java.sun.com/" name="java.vendor.url"/>
    <property value="ASIAPACIFIC.CPQCORP.NET" name="env.USERDNSDOMAIN"/>
    <property value="Sun Microsystems Inc." name="java.vm.vendor"/>
    <property value="EMBEDDED" name="maven.home"/>
    <property value="Java(TM) 2 Runtime Environment, Standard Edition" name="java.runtime.name"/>
    <property value="/C:/levi/develop/eclipse/eclipse-SDK-3.4.1-win32-SVN-Maven/eclipse/plugins/org.maven.ide.components.maven_embedder_2.1.0.20080530-2300/jars/plexus-classworlds-1.2-alpha-12.jar" name="java.class.path"/>
    <property value="Java Virtual Machine Specification" name="java.vm.specification.name"/>
    <property value="\\G3W0042" name="env.LOGONSERVER"/>
    <property value="C:\WINDOWS" name="env.windir"/>
    <property value="null" name="7"/>
    <property value="1.0" name="java.vm.specification.version"/>
    <property value="x86" name="env.PROCESSOR_ARCHITECTURE"/>
    <property value="C:\levi\develop\workspace\ngp-new\.metadata\.plugins\org.maven.ide.eclipse\workspacestate.properties" name="m2eclipse.workspace.state"/>
    <property value="Service Pack 3" name="sun.os.patch.level"/>
    <property value="little" name="sun.cpu.endian"/>
    <property value="C:\Program Files" name="env.ProgramFiles"/>
    <property value="C:\levi\develop\workspace\ngp-new\hpsdf-ngp-custom-sbm-core\target\test-classes;C:\levi\develop\workspace\ngp-new\hpsdf-ngp-custom-sbm-core\target\classes;C:\Documents and Settings\wli12\.m2\repository\org\springframework\spring-core\3.0.0.RELEASE\spring-core-3.0.0.RELEASE.jar;C:\Documents and Settings\wli12\.m2\repository\org\springframework\spring-asm\3.0.0.RELEASE\spring-asm-3.0.0.RELEASE.jar;C:\Documents and Settings\wli12\.m2\repository\commons-logging\commons-logging\1.1\commons-logging-1.1.jar;C:\Documents and Settings\wli12\.m2\repository\org\springframework\spring-expression\3.0.0.RELEASE\spring-expression-3.0.0.RELEASE.jar;C:\Documents and Settings\wli12\.m2\repository\org\springframework\spring-beans\3.0.0.RELEASE\spring-beans-3.0.0.RELEASE.jar;C:\Documents and Settings\wli12\.m2\repository\org\springframework\spring-aop\3.0.0.RELEASE\spring-aop-3.0.0.RELEASE.jar;C:\Documents and Settings\wli12\.m2\repository\aopalliance\aopalliance\1.0\aopalliance-1.0.jar;C:\Documents and Settings\wli12\.m2\repository\org\springframework\spring-context\3.0.0.RELEASE\spring-context-3.0.0.RELEASE.jar;C:\Documents and Settings\wli12\.m2\repository\org\springframework\spring-context-support\3.0.0.RELEASE\spring-context-support-3.0.0.RELEASE.jar;C:\Documents and Settings\wli12\.m2\repository\org\springframework\spring-tx\3.0.0.RELEASE\spring-tx-3.0.0.RELEASE.jar;C:\Documents and Settings\wli12\.m2\repository\org\springframework\spring-jdbc\3.0.0.RELEASE\spring-jdbc-3.0.0.RELEASE.jar;C:\Documents and Settings\wli12\.m2\repository\org\springframework\spring-orm\3.0.0.RELEASE\spring-orm-3.0.0.RELEASE.jar;C:\Documents and Settings\wli12\.m2\repository\org\springframework\spring-oxm\3.0.0.RELEASE\spring-oxm-3.0.0.RELEASE.jar;C:\Documents and Settings\wli12\.m2\repository\org\springframework\spring-web\3.0.0.RELEASE\spring-web-3.0.0.RELEASE.jar;C:\Documents and Settings\wli12\.m2\repository\org\springframework\spring-webmvc\3.0.0.RELEASE\spring-webmvc-3.0.0.RELEASE.jar;C:\Documents and Settings\wli12\.m2\repository\stax\stax\1.2.0\stax-1.2.0.jar;C:\Documents and Settings\wli12\.m2\repository\stax\stax-api\1.0.1\stax-api-1.0.1.jar;C:\Documents and Settings\wli12\.m2\repository\org\springframework\spring-webmvc-portlet\3.0.0.RELEASE\spring-webmvc-portlet-3.0.0.RELEASE.jar;C:\Documents and Settings\wli12\.m2\repository\org\springframework\spring-test\3.0.0.RELEASE\spring-test-3.0.0.RELEASE.jar;C:\Documents and Settings\wli12\.m2\repository\commons-lang\commons-lang\2.2\commons-lang-2.2.jar;C:\Documents and Settings\wli12\.m2\repository\commons-beanutils\commons-beanutils\1.7.0\commons-beanutils-1.7.0.jar;C:\Documents and Settings\wli12\.m2\repository\javax\annotation\jsr250-api\1.0\jsr250-api-1.0.jar;C:\Documents and Settings\wli12\.m2\repository\junit\junit\4.6\junit-4.6.jar;C:\Documents and Settings\wli12\.m2\repository\org\jmock\jmock-junit4\2.4.0\jmock-junit4-2.4.0.jar;C:\Documents and Settings\wli12\.m2\repository\org\jmock\jmock\2.4.0\jmock-2.4.0.jar;C:\Documents and Settings\wli12\.m2\repository\org\hamcrest\hamcrest-core\1.1\hamcrest-core-1.1.jar;C:\Documents and Settings\wli12\.m2\repository\org\hamcrest\hamcrest-library\1.1\hamcrest-library-1.1.jar;C:\Documents and Settings\wli12\.m2\repository\junit\junit-dep\4.4\junit-dep-4.4.jar;C:\Documents and Settings\wli12\.m2\repository\org\dbunit\dbunit\2.4.4\dbunit-2.4.4.jar;C:\Documents and Settings\wli12\.m2\repository\org\slf4j\slf4j-api\1.5.2\slf4j-api-1.5.2.jar;C:\Documents and Settings\wli12\.m2\repository\commons-collections\commons-collections\3.2.1\commons-collections-3.2.1.jar;C:\Documents and Settings\wli12\.m2\repository\org\slf4j\slf4j-log4j12\1.5.2\slf4j-log4j12-1.5.2.jar;C:\Documents and Settings\wli12\.m2\repository\log4j\log4j\1.2.13\log4j-1.2.13.jar;C:\Documents and Settings\wli12\.m2\repository\org\slf4j\jcl-over-slf4j\1.5.2\jcl-over-slf4j-1.5.2.jar;C:\Documents and Settings\wli12\.m2\repository\hsqldb\hsqldb\1.8.0.7\hsqldb-1.8.0.7.jar;C:\Documents and Settings\wli12\.m2\repository\javax\persistence\persistence-api\1.0\persistence-api-1.0.jar;C:\Documents and Settings\wli12\.m2\repository\org\hibernate\hibernate\3.2.6.ga\hibernate-3.2.6.ga.jar;C:\Documents and Settings\wli12\.m2\repository\net\sf\ehcache\ehcache\1.2.3\ehcache-1.2.3.jar;C:\Documents and Settings\wli12\.m2\repository\javax\transaction\jta\1.0.1B\jta-1.0.1B.jar;C:\Documents and Settings\wli12\.m2\repository\asm\asm-attrs\1.5.3\asm-attrs-1.5.3.jar;C:\Documents and Settings\wli12\.m2\repository\dom4j\dom4j\1.6.1\dom4j-1.6.1.jar;C:\Documents and Settings\wli12\.m2\repository\antlr\antlr\2.7.6\antlr-2.7.6.jar;C:\Documents and Settings\wli12\.m2\repository\cglib\cglib\2.1_3\cglib-2.1_3.jar;C:\Documents and Settings\wli12\.m2\repository\asm\asm\1.5.3\asm-1.5.3.jar;C:\Documents and Settings\wli12\.m2\repository\org\hibernate\hibernate-annotations\3.2.1.ga\hibernate-annotations-3.2.1.ga.jar;C:\Documents and Settings\wli12\.m2\repository\org\hibernate\hibernate-entitymanager\3.2.1.ga\hibernate-entitymanager-3.2.1.ga.jar;C:\Documents and Settings\wli12\.m2\repository\jboss\javassist\3.3.ga\javassist-3.3.ga.jar;C:\Documents and Settings\wli12\.m2\repository\jboss\jboss-archive-browsing\5.0.0alpha-200607201-119\jboss-archive-browsing-5.0.0alpha-200607201-119.jar;C:\Documents and Settings\wli12\.m2\repository\jboss\jboss-system\4.2.2.GA\jboss-system-4.2.2.GA.jar;C:\Documents and Settings\wli12\.m2\repository\javax\mail\mail\1.4.1\mail-1.4.1.jar;C:\Documents and Settings\wli12\.m2\repository\javax\activation\activation\1.1\activation-1.1.jar;C:\Documents and Settings\wli12\.m2\repository\jboss\jbossall-client\4.2.2.GA\jbossall-client-4.2.2.GA.jar;C:\Documents and Settings\wli12\.m2\repository\jboss\jboss-annotations-ejb3\4.2.2.GA\jboss-annotations-ejb3-4.2.2.GA.jar;C:\Documents and Settings\wli12\.m2\repository\jboss\jboss-ejb3x\4.2.2.GA\jboss-ejb3x-4.2.2.GA.jar;C:\Documents and Settings\wli12\.m2\repository\org\apache\xmlbeans\xmlbeans\2.4.0\xmlbeans-2.4.0.jar;C:\levi\develop\workspace\ngp-new\hpsdf-ngp-custom-sbm-api\target\classes;C:\levi\develop\workspace\ngp-new\hpsdf-ngp-module-core\target\classes;C:\Documents and Settings\wli12\.m2\repository\commons-net\commons-net\20030805.205232\commons-net-20030805.205232.jar;C:\Documents and Settings\wli12\.m2\repository\javax\xml\bind\jaxb-api\2.0\jaxb-api-2.0.jar;C:\Documents and Settings\wli12\.m2\repository\javax\xml\bind\jsr173_api\1.0\jsr173_api-1.0.jar;C:\Documents and Settings\wli12\.m2\repository\com\sun\xml\bind\jaxb-impl\2.0\jaxb-impl-2.0.jar;C:\Documents and Settings\wli12\.m2\repository\com\thoughtworks\xstream\xstream\1.3.1\xstream-1.3.1.jar;C:\Documents and Settings\wli12\.m2\repository\xpp3\xpp3_min\1.1.4c\xpp3_min-1.1.4c.jar;C:\Documents and Settings\wli12\.m2\repository\mysql-connector-java\mysql-connector-java\5.0.8\mysql-connector-java-5.0.8.jar;C:\Documents and Settings\wli12\.m2\repository\axis\axis\1.4\axis-1.4.jar;C:\Documents and Settings\wli12\.m2\repository\org\apache\axis\axis-jaxrpc\1.4\axis-jaxrpc-1.4.jar;C:\Documents and Settings\wli12\.m2\repository\org\apache\axis\axis-saaj\1.4\axis-saaj-1.4.jar;C:\Documents and Settings\wli12\.m2\repository\axis\axis-wsdl4j\1.5.1\axis-wsdl4j-1.5.1.jar;C:\Documents and Settings\wli12\.m2\repository\commons-discovery\commons-discovery\0.2\commons-discovery-0.2.jar;C:\Documents and Settings\wli12\.m2\repository\org\opensymphony\quartz\quartz\1.6.1\quartz-1.6.1.jar;C:\Documents and Settings\wli12\.m2\repository\org\apache\axis2\axis2-kernel\1.4.1\axis2-kernel-1.4.1.jar;C:\Documents and Settings\wli12\.m2\repository\org\apache\ws\commons\axiom\axiom-api\1.2.7\axiom-api-1.2.7.jar;C:\Documents and Settings\wli12\.m2\repository\org\apache\geronimo\specs\geronimo-activation_1.1_spec\1.0.1\geronimo-activation_1.1_spec-1.0.1.jar;C:\Documents and Settings\wli12\.m2\repository\org\apache\geronimo\specs\geronimo-javamail_1.4_spec\1.2\geronimo-javamail_1.4_spec-1.2.jar;C:\Documents and Settings\wli12\.m2\repository\jaxen\jaxen\1.1.1\jaxen-1.1.1.jar;C:\Documents and Settings\wli12\.m2\repository\xml-apis\xml-apis\1.3.04\xml-apis-1.3.04.jar;C:\Documents and Settings\wli12\.m2\repository\xerces\xercesImpl\2.8.1\xercesImpl-2.8.1.jar;C:\Documents and Settings\wli12\.m2\repository\org\apache\geronimo\specs\geronimo-stax-api_1.0_spec\1.0.1\geronimo-stax-api_1.0_spec-1.0.1.jar;C:\Documents and Settings\wli12\.m2\repository\org\apache\ws\commons\axiom\axiom-impl\1.2.7\axiom-impl-1.2.7.jar;C:\Documents and Settings\wli12\.m2\repository\org\codehaus\woodstox\wstx-asl\3.2.4\wstx-asl-3.2.4.jar;C:\Documents and Settings\wli12\.m2\repository\org\apache\ws\commons\axiom\axiom-dom\1.2.7\axiom-dom-1.2.7.jar;C:\Documents and Settings\wli12\.m2\repository\xalan\xalan\2.7.0\xalan-2.7.0.jar;C:\Documents and Settings\wli12\.m2\repository\commons-io\commons-io\1.4\commons-io-1.4.jar;C:\Documents and Settings\wli12\.m2\repository\commons-httpclient\commons-httpclient\3.1\commons-httpclient-3.1.jar;C:\Documents and Settings\wli12\.m2\repository\commons-fileupload\commons-fileupload\1.2\commons-fileupload-1.2.jar;C:\Documents and Settings\wli12\.m2\repository\org\apache\httpcomponents\httpcore\4.0-beta1\httpcore-4.0-beta1.jar;C:\Documents and Settings\wli12\.m2\repository\org\apache\httpcomponents\httpcore-nio\4.0-beta1\httpcore-nio-4.0-beta1.jar;C:\Documents and Settings\wli12\.m2\repository\wsdl4j\wsdl4j\1.6.2\wsdl4j-1.6.2.jar;C:\Documents and Settings\wli12\.m2\repository\backport-util-concurrent\backport-util-concurrent\3.1\backport-util-concurrent-3.1.jar;C:\Documents and Settings\wli12\.m2\repository\org\apache\ws\commons\schema\XmlSchema\1.4.2\XmlSchema-1.4.2.jar;C:\Documents and Settings\wli12\.m2\repository\org\apache\neethi\neethi\2.0.4\neethi-2.0.4.jar;C:\Documents and Settings\wli12\.m2\repository\org\apache\woden\woden-api\1.0M8\woden-api-1.0M8.jar;C:\Documents and Settings\wli12\.m2\repository\org\apache\ant\ant\1.7.0\ant-1.7.0.jar;C:\Documents and Settings\wli12\.m2\repository\org\apache\ant\ant-launcher\1.7.0\ant-launcher-1.7.0.jar;C:\Documents and Settings\wli12\.m2\repository\xerces\xmlParserAPIs\2.6.0\xmlParserAPIs-2.6.0.jar;C:\Documents and Settings\wli12\.m2\repository\org\apache\woden\woden-impl-dom\1.0M8\woden-impl-dom-1.0M8.jar;C:\Documents and Settings\wli12\.m2\repository\annogen\annogen\0.1.0\annogen-0.1.0.jar;C:\Documents and Settings\wli12\.m2\repository\org\apache\geronimo\specs\geronimo-jms_1.1_spec\1.1\geronimo-jms_1.1_spec-1.1.jar;C:\Documents and Settings\wli12\.m2\repository\org\apache\axis2\axis2-adb\1.4.1\axis2-adb-1.4.1.jar;C:\levi\develop\workspace\ngp-new\hpsdf-ngp-module-api\target\classes;C:\Documents and Settings\wli12\.m2\repository\org\apache\wicket\wicket\1.4.2\wicket-1.4.2.jar;C:\Documents and Settings\wli12\.m2\repository\commons-codec\commons-codec\1.3\commons-codec-1.3.jar;C:\Documents and Settings\wli12\.m2\repository\org\jbpm\jbpm4\jbpm-jpdl\4.3\jbpm-jpdl-4.3.jar;C:\Documents and Settings\wli12\.m2\repository\org\jbpm\jbpm4\jbpm-pvm\4.3\jbpm-pvm-4.3.jar;C:\Documents and Settings\wli12\.m2\repository\org\jbpm\jbpm4\jbpm-api\4.3\jbpm-api-4.3.jar;C:\Documents and Settings\wli12\.m2\repository\jboss\jboss-j2ee\4.2.3.GA\jboss-j2ee-4.2.3.GA.jar;C:\Documents and Settings\wli12\.m2\repository\org\jbpm\jbpm4\jbpm-log\4.3\jbpm-log-4.3.jar;C:\Documents and Settings\wli12\.m2\repository\org\jbpm\jbpm4\jbpm-test-base\4.3\jbpm-test-base-4.3.jar;C:\Documents and Settings\wli12\.m2\repository\org\hibernate\hibernate-core\3.3.1.GA\hibernate-core-3.3.1.GA.jar;C:\Documents and Settings\wli12\.m2\repository\org\slf4j\slf4j-jdk14\1.5.2\slf4j-jdk14-1.5.2.jar;C:\Documents and Settings\wli12\.m2\repository\com\mockrunner\mockrunner\0.4.1\mockrunner-0.4.1.jar;C:\Documents and Settings\wli12\.m2\repository\org\mockejb\mockejb\0.6-beta2\mockejb-0.6-beta2.jar;C:\Documents and Settings\wli12\.m2\repository\oro\oro\2.0.8\oro-2.0.8.jar;C:\Documents and Settings\wli12\.m2\repository\cglib\cglib-full\2.0.2\cglib-full-2.0.2.jar;C:\Documents and Settings\wli12\.m2\repository\cglib\cglib-nodep\2.1_3\cglib-nodep-2.1_3.jar;C:\Documents and Settings\wli12\.m2\repository\juel\juel\2.1.0\juel-2.1.0.jar;C:\Documents and Settings\wli12\.m2\repository\juel\juel-impl\2.1.0\juel-impl-2.1.0.jar;C:\Documents and Settings\wli12\.m2\repository\juel\juel-engine\2.1.0\juel-engine-2.1.0.jar;C:\Documents and Settings\wli12\.m2\repository\org\beanshell\bsh\2.0b5\bsh-2.0b5.jar;C:\Documents and Settings\wli12\.m2\repository\org\codehaus\groovy\groovy-all\1.5.6\groovy-all-1.5.6.jar;C:\Documents and Settings\wli12\.m2\repository\jline\jline\0.9.94\jline-0.9.94.jar;C:\Documents and Settings\wli12\.m2\repository\org\jboss\identity\idm\idm-core\1.0.0.Beta1\idm-core-1.0.0.Beta1.jar;C:\Documents and Settings\wli12\.m2\repository\org\jboss\identity\idm\idm-common\1.0.0.Beta1\idm-common-1.0.0.Beta1.jar;C:\Documents and Settings\wli12\.m2\repository\org\jboss\identity\idm\idm-api\1.0.0.Beta1\idm-api-1.0.0.Beta1.jar;C:\Documents and Settings\wli12\.m2\repository\org\jboss\identity\idm\idm-spi\1.0.0.Beta1\idm-spi-1.0.0.Beta1.jar;C:\Documents and Settings\wli12\.m2\repository\org\drools\drools-core\5.0.1\drools-core-5.0.1.jar;C:\Documents and Settings\wli12\.m2\repository\org\mvel\mvel2\2.0.10\mvel2-2.0.10.jar;C:\Documents and Settings\wli12\.m2\repository\org\drools\drools-api\5.0.1\drools-api-5.0.1.jar;C:\Documents and Settings\wli12\.m2\repository\joda-time\joda-time\1.6\joda-time-1.6.jar;C:\Documents and Settings\wli12\.m2\repository\org\jboss\identity\idm\idm-hibernate\1.0.0.Beta1\idm-hibernate-1.0.0.Beta1.jar;C:\Documents and Settings\wli12\.m2\repository\javassist\javassist\3.4.GA\javassist-3.4.GA.jar;C:\Documents and Settings\wli12\.m2\repository\org\hibernate\hibernate-cglib-repack\2.1_3\hibernate-cglib-repack-2.1_3.jar;C:\Documents and Settings\wli12\.m2\repository\org\livetribe\livetribe-jsr223\2.0.5\livetribe-jsr223-2.0.5.jar;C:\Documents and Settings\wli12\.m2\repository\com\oracle\ojdbc14\10.2.0.3.0\ojdbc14-10.2.0.3.0.jar;C:\Documents and Settings\wli12\.m2\repository\mysql\mysql-connector-java\5.1.4\mysql-connector-java-5.1.4.jar;C:\Documents and Settings\wli12\.m2\repository\org\jboss\portal\identity\identity-identity\1.1.1\identity-identity-1.1.1.jar;C:\Documents and Settings\wli12\.m2\repository\org\jboss\portal\common\common-common\1.2.5\common-common-1.2.5.jar;C:\Documents and Settings\wli12\.m2\repository\org\jboss\jboss-vfs\2.1.0.GA\jboss-vfs-2.1.0.GA.jar;C:\Documents and Settings\wli12\.m2\repository\org\jboss\jboss-common-core\2.2.3.GA\jboss-common-core-2.2.3.GA.jar;C:\Documents and Settings\wli12\.m2\repository\org\jboss\logging\jboss-logging-spi\2.0.5.GA\jboss-logging-spi-2.0.5.GA.jar;C:\Documents and Settings\wli12\.m2\repository\jboss\jboss-jmx\4.2.3.GA\jboss-jmx-4.2.3.GA.jar;C:\Documents and Settings\wli12\.m2\repository\org\apache\ant\ant-junit\1.7.0\ant-junit-1.7.0.jar;C:\Documents and Settings\wli12\.m2\repository\org\codehaus\cargo\cargo-core-uberjar\0.8\cargo-core-uberjar-0.8.jar;C:\Documents and Settings\wli12\.m2\repository\org\apache\ant\ant-nodeps\1.7.0\ant-nodeps-1.7.0.jar;C:\Documents and Settings\wli12\.m2\repository\apache-tomcat\catalina\5.5.12\catalina-5.5.12.jar;C:\Documents and Settings\wli12\.m2\repository\hibernate\hibernate3\3.2.3.GA\hibernate3-3.2.3.GA.jar;C:\Documents and Settings\wli12\.m2\repository\org\jboss\microcontainer\jboss-kernel\2.0.0.Beta9\jboss-kernel-2.0.0.Beta9.jar;C:\Documents and Settings\wli12\.m2\repository\org\jboss\microcontainer\jboss-container\2.0.0.Beta9\jboss-container-2.0.0.Beta9.jar;C:\Documents and Settings\wli12\.m2\repository\org\jboss\javassist\3.6.0.GA\javassist-3.6.0.GA.jar;C:\Documents and Settings\wli12\.m2\repository\org\jboss\jbossxb\2.0.0.CR4\jbossxb-2.0.0.CR4.jar;C:\Documents and Settings\wli12\.m2\repository\apache-xerces\xercesImpl\2.7.1\xercesImpl-2.7.1.jar;C:\Documents and Settings\wli12\.m2\repository\wutka-dtdparser\dtdparser121\1.2.1\dtdparser121-1.2.1.jar;C:\Documents and Settings\wli12\.m2\repository\apache-xerces\xml-apis\2.7.1\xml-apis-2.7.1.jar;C:\Documents and Settings\wli12\.m2\repository\org\jboss\microcontainer\jboss-dependency\2.0.0.Beta9\jboss-dependency-2.0.0.Beta9.jar;C:\Documents and Settings\wli12\.m2\repository\org\jboss\microcontainer\jboss-managed\2.0.0.Beta9\jboss-managed-2.0.0.Beta9.jar;C:\Documents and Settings\wli12\.m2\repository\org\jboss\aop\jboss-aop\2.0.0.CR1\jboss-aop-2.0.0.CR1.jar;C:\Documents and Settings\wli12\.m2\repository\ant\ant\1.6.5\ant-1.6.5.jar;C:\Documents and Settings\wli12\.m2\repository\jboss\jboss-common-logging-spi\2.0.4.GA\jboss-common-logging-spi-2.0.4.GA.jar;C:\Documents and Settings\wli12\.m2\repository\qdox\qdox\1.6\qdox-1.6.jar;C:\Documents and Settings\wli12\.m2\repository\trove\trove\2.1.1\trove-2.1.1.jar;C:\Documents and Settings\wli12\.m2\repository\org\jboss\microcontainer\jboss-metatype\2.0.0.Beta9\jboss-metatype-2.0.0.Beta9.jar;C:\Documents and Settings\wli12\.m2\repository\apache-httpclient\commons-httpclient\2.0.2\commons-httpclient-2.0.2.jar;C:\Documents and Settings\wli12\.m2\repository\apache-slide\webdavlib\2.0\webdavlib-2.0.jar;C:\Documents and Settings\wli12\.m2\repository\org\jboss\jboss-test\1.0.4.GA\jboss-test-1.0.4.GA.jar;C:\Documents and Settings\wli12\.m2\repository\ant\ant-junit\1.6.5\ant-junit-1.6.5.jar;C:\Documents and Settings\wli12\.m2\repository\jboss\jboss-common-logging-log4j\2.0.4.GA\jboss-common-logging-log4j-2.0.4.GA.jar;C:\Documents and Settings\wli12\.m2\repository\jboss\profiler\jvmti\jboss-profiler-jvmti\1.0.0.CR5\jboss-profiler-jvmti-1.0.0.CR5.jar;C:\Documents and Settings\wli12\.m2\repository\jboss\jbossas\core-libs\jbosssx\4.0.4.GA\jbosssx-4.0.4.GA.jar;C:\Documents and Settings\wli12\.m2\repository\org\jboss\portal\cms\cms-jackrabbit\1.2.6\cms-jackrabbit-1.2.6.jar;C:\Documents and Settings\wli12\.m2\repository\javax\jcr\jcr\1.0\jcr-1.0.jar;C:\Documents and Settings\wli12\.m2\repository\org\apache\jackrabbit\jackrabbit-core\1.4.5\jackrabbit-core-1.4.5.jar;C:\Documents and Settings\wli12\.m2\repository\concurrent\concurrent\1.3.4\concurrent-1.3.4.jar;C:\Documents and Settings\wli12\.m2\repository\org\apache\jackrabbit\jackrabbit-api\1.4\jackrabbit-api-1.4.jar;C:\Documents and Settings\wli12\.m2\repository\org\apache\jackrabbit\jackrabbit-jcr-commons\1.4\jackrabbit-jcr-commons-1.4.jar;C:\Documents and Settings\wli12\.m2\repository\org\apache\jackrabbit\jackrabbit-spi-commons\1.4\jackrabbit-spi-commons-1.4.jar;C:\Documents and Settings\wli12\.m2\repository\org\apache\jackrabbit\jackrabbit-spi\1.4\jackrabbit-spi-1.4.jar;C:\Documents and Settings\wli12\.m2\repository\org\apache\jackrabbit\jackrabbit-text-extractors\1.4\jackrabbit-text-extractors-1.4.jar;C:\Documents and Settings\wli12\.m2\repository\poi\poi\2.5.1-final-20040804\poi-2.5.1-final-20040804.jar;C:\Documents and Settings\wli12\.m2\repository\pdfbox\pdfbox\0.6.4\pdfbox-0.6.4.jar;C:\Documents and Settings\wli12\.m2\repository\org\textmining\tm-extractors\0.4\tm-extractors-0.4.jar;C:\Documents and Settings\wli12\.m2\repository\nekohtml\nekohtml\0.9.4\nekohtml-0.9.4.jar;C:\Documents and Settings\wli12\.m2\repository\org\apache\lucene\lucene-core\2.2.0\lucene-core-2.2.0.jar;C:\Documents and Settings\wli12\.m2\repository\org\apache\derby\derby\10.2.1.6\derby-10.2.1.6.jar;C:\Documents and Settings\wli12\.m2\repository\org\jboss\cache\jbosscache-core\1.4.1.SP3\jbosscache-core-1.4.1.SP3.jar;C:\Documents and Settings\wli12\.m2\repository\jgroups\jgroups\2.4.4.GA-brew\jgroups-2.4.4.GA-brew.jar;C:\Documents and Settings\wli12\.m2\repository\org\jboss\portal\core\core\2.7.1.GA\core-2.7.1.GA.jar;C:\Documents and Settings\wli12\.m2\repository\org\jboss\portal\core\security\2.7.1.GA\security-2.7.1.GA.jar;C:\Documents and Settings\wli12\.m2\repository\org\jboss\portal\core\search\2.7.1.GA\search-2.7.1.GA.jar;C:\Documents and Settings\wli12\.m2\repository\org\jboss\portal\core\jems\2.7.1.GA\jems-2.7.1.GA.jar;C:\Documents and Settings\wli12\.m2\repository\org\jboss\portal\core\workflow\2.7.1.GA\workflow-2.7.1.GA.jar;C:\Documents and Settings\wli12\.m2\repository\org\jboss\portal\core\server\2.7.1.GA\server-2.7.1.GA.jar;C:\Documents and Settings\wli12\.m2\repository\org\jbpm\jbpm-jpdl\3.2.2\jbpm-jpdl-3.2.2.jar;C:\Documents and Settings\wli12\.m2\repository\jboss\jbossha\4.2.2.GA\jbossha-4.2.2.GA.jar;C:\Documents and Settings\wli12\.m2\repository\jboss\jboss\4.2.2.GA\jboss-4.2.2.GA.jar;" name="surefire.test.class.path"/>
    <property value="C:\DOCUME~1\wli12\LOCALS~1\Temp\" name="java.io.tmpdir"/>
    <property value="0f0d" name="env.PROCESSOR_REVISION"/>
    <property value="null" name="1"/>
    <property value="http://java.sun.com/cgi-bin/bugreport.cgi" name="java.vendor.url.bug"/>
    <property value="C:\WINDOWS" name="env.SystemRoot"/>
    <property value="web-proxy.sgp.hp.com" name="http.proxyHost"/>
    <property value="null" name="13"/>
    <property value="sun.awt.Win32GraphicsEnvironment" name="java.awt.graphicsenv"/>
    <property value="x86" name="os.arch"/>
    <property value="C:\Program Files\Java\jdk1.5.0_18\jre\lib\ext" name="java.ext.dirs"/>
    <property value="C:\levi\develop\workspace\ngp-new\hpsdf-ngp-custom-sbm-core" name="user.dir"/>
    <property value="
" name="line.separator"/>
    <property value="Java HotSpot(TM) Client VM" name="java.vm.name"/>
    <property value=".COM;.EXE;.BAT;.CMD;.VBS;.VBE;.JS;.JSE;.WSF;.WSH;.RB;.RBW" name="env.PATHEXT"/>
    <property value="C:\Ruby186\bin;C:\Program\PHP\;C:\WINDOWS\system32;C:\WINDOWS;C:\WINDOWS\System32\Wbem;C:\Program Files\ActivIdentity\ActivClient\;C:\Program Files\Microsoft SQL Server\80\Tools\Binn\;C:\Program Files\Microsoft SQL Server\90\Tools\binn\;C:\Program Files\TortoiseSVN\bin;C:\Program Files\Microsoft SQL Server\90\DTS\Binn\;C:\Program Files\Microsoft SQL Server\90\Tools\Binn\VSShell\Common7\IDE\;C:\Program Files\Microsoft Visual Studio 8\Common7\IDE\PrivateAssemblies\;C:\Program Files\IDM Computer Solutions\UltraEdit\;C:\Program Files\IDM Computer Solutions\UltraCompare\;C:\runnable\jadnt158" name="env.Path"/>
    <property value="C:\levi\develop\workspace\ngp-new\hpsdf-ngp-custom-sbm-core" name="basedir"/>
    <property value="C:\Program Files\VisualSVN Server\" name="env.VISUALSVN_SERVER"/>
    <property value="true" name="maven.mode.standalone"/>
    <property value="wli12" name="env.USERNAME"/>
    <property value="C:" name="env.SystemDrive"/>
    <property value="Cp1252" name="file.encoding"/>
    <property value="ASIAPACIFIC" name="env.USERDOMAIN"/>
    <property value="1.5" name="java.specification.version"/>
    <property value="C:\Program Files\Common Files\Sonic Shared\Sonic Central\" name="env.SonicCentral"/>
    <property value="6" name="env.PROCESSOR_LEVEL"/>
  </properties>
  <testcase classname="com.hp.sdf.ngp.sbm.storeclient.TestClientContentService" time="3.047" name="testCommentsWithCensorWords"/>
  <testcase classname="com.hp.sdf.ngp.sbm.storeclient.TestClientContentService" time="3.016" name="testConstructPurchaseHistoryExtend"/>
  <testcase classname="com.hp.sdf.ngp.sbm.storeclient.TestClientContentService" time="11.328" name="testAddPurchaseHistory"/>
  <testcase classname="com.hp.sdf.ngp.sbm.storeclient.TestClientContentService" time="4.125" name="testUpdatePurchaseHistory"/>
  <testcase classname="com.hp.sdf.ngp.sbm.storeclient.TestClientContentService" time="23.141" name="testSearchPurchaseHistory"/>
  <testcase classname="com.hp.sdf.ngp.sbm.storeclient.TestClientContentService" time="4.906" name="testGetContentItem"/>
  <testcase classname="com.hp.sdf.ngp.sbm.storeclient.TestClientContentService" time="8.875" name="testSearchContentItem"/>
  <testcase classname="com.hp.sdf.ngp.sbm.storeclient.TestClientContentService" time="10.219" name="testIsClientTester"/>
  <testcase classname="com.hp.sdf.ngp.sbm.storeclient.TestClientContentService" time="1.812" name="testAddSecurityToken"/>
  <testcase classname="com.hp.sdf.ngp.sbm.storeclient.TestClientContentService" time="3.375" name="testUpdateSecurityToken"/>
  <testcase classname="com.hp.sdf.ngp.sbm.storeclient.TestClientContentService" time="2.64" name="testDeleteSecurityToken"/>
  <testcase classname="com.hp.sdf.ngp.sbm.storeclient.TestClientContentService" time="4.891" name="testGetSecurityToken"/>
  <testcase classname="com.hp.sdf.ngp.sbm.storeclient.TestClientContentService" time="2.766" name="constructSecurityToken"/>
  <testcase classname="com.hp.sdf.ngp.sbm.storeclient.TestClientContentService" time="1.703" name="searchSecurityToken"/>
  <testcase classname="com.hp.sdf.ngp.sbm.storeclient.TestClientContentService" time="5.343" name="testSearchHandSetDevice"/>
  <testcase classname="com.hp.sdf.ngp.sbm.storeclient.TestClientContentService" time="1.469" name="testAddPurchaseHistoryWithNonexistentAsset"/>
  <testcase classname="com.hp.sdf.ngp.sbm.storeclient.TestClientContentService" time="4.547" name="testGetNonexistentContentItem"/>
  <testcase classname="com.hp.sdf.ngp.sbm.storeclient.TestClientContentService" time="6.516" name="testSearchContentItemWithMoreConditions"/>
  <testcase classname="com.hp.sdf.ngp.sbm.storeclient.TestClientContentService" time="1.484" name="testSearchPurchaseHistoryWithMoreConditions"/>
  <testcase classname="com.hp.sdf.ngp.sbm.storeclient.TestClientContentService" time="1.219" name="testSearchParentAssetVersionSummary"/>
  <testcase classname="com.hp.sdf.ngp.sbm.storeclient.TestClientContentService" time="1.109" name="testSearchBinaryVersionsV2"/>
  <testcase classname="com.hp.sdf.ngp.sbm.storeclient.TestClientContentService" time="0.985" name="testSearchParentAssetVersionSummaryByAssetCatId"/>
  <testcase classname="com.hp.sdf.ngp.sbm.storeclient.TestClientContentService" time="1" name="testSearchParentAssetVersionSummaryWithJoin"/>
  <testcase classname="com.hp.sdf.ngp.sbm.storeclient.TestClientContentService" time="1.203" name="testSearchBinaryVersionsWithUnSupportCompare"/>
  <testcase classname="com.hp.sdf.ngp.sbm.storeclient.TestClientContentService" time="2.297" name="testSearchBinaryVersionsByEavAndOrder"/>
  <testcase classname="com.hp.sdf.ngp.sbm.storeclient.TestClientContentService" time="2" name="testSearchParentAssetVersionSummaryEAV"/>
  <testcase classname="com.hp.sdf.ngp.sbm.storeclient.TestClientContentService" time="1.234" name="testSearchParentAssetVersionSummaryEAV2"/>
  <testcase classname="com.hp.sdf.ngp.sbm.storeclient.TestClientContentService" time="10.578" name="testSearchParentAssetVersionSummaryEAV3"/>
  <testcase classname="com.hp.sdf.ngp.sbm.storeclient.TestClientContentService" time="5.875" name="testSearchBug101"/>
  <testcase classname="com.hp.sdf.ngp.sbm.storeclient.TestClientContentService" time="1.891" name="testBug106"/>
  <testcase classname="com.hp.sdf.ngp.sbm.storeclient.TestClientContentService" time="5.468" name="testParentAsset"/>
  <testcase classname="com.hp.sdf.ngp.sbm.storeclient.TestClientContentService" time="1.094" name="testParentAssetVersionSummaryLowestPriceConditionDescriptor"/>
  <testcase classname="com.hp.sdf.ngp.sbm.storeclient.TestClientContentService" time="1.328" name="testBug120"/>
  <testcase classname="com.hp.sdf.ngp.sbm.storeclient.TestClientContentService" time="0.985" name="testBug121"/>
  <testcase classname="com.hp.sdf.ngp.sbm.storeclient.TestClientContentService" time="0.984" name="testBug103"/>
  <testcase classname="com.hp.sdf.ngp.sbm.storeclient.TestClientContentService" time="0.984" name="testBug127">
    <skipped/>
  </testcase>
  <testcase classname="com.hp.sdf.ngp.sbm.storeclient.TestClientContentService" time="2" name="testBug97"/>
  <testcase classname="com.hp.sdf.ngp.sbm.storeclient.TestClientContentService" time="1.375" name="testBug128"/>
  <testcase classname="com.hp.sdf.ngp.sbm.storeclient.TestClientContentService" time="1.797" name="testBug128_1"/>
  <testcase classname="com.hp.sdf.ngp.sbm.storeclient.TestClientContentService" time="8.031" name="tesBug129"/>
  <testcase classname="com.hp.sdf.ngp.sbm.storeclient.TestClientContentService" time="12.188" name="tesBug129_1"/>
  <testcase classname="com.hp.sdf.ngp.sbm.storeclient.TestClientContentService" time="8.656" name="testBug123_2"/>
  <testcase classname="com.hp.sdf.ngp.sbm.storeclient.TestClientContentService" time="9.578" name="testBug130"/>
  <testcase classname="com.hp.sdf.ngp.sbm.storeclient.TestClientContentService" time="12.156" name="testBug126"/>
  <testcase classname="com.hp.sdf.ngp.sbm.storeclient.TestClientContentService" time="2.86" name="testBug126_2"/>
  <testcase classname="com.hp.sdf.ngp.sbm.storeclient.TestClientContentService" time="2.172" name="testBug126_1">
    <error type="org.springframework.transaction.UnexpectedRollbackException" message="Transaction rolled back because it has been marked as rollback-only">org.springframework.transaction.UnexpectedRollbackException: Transaction rolled back because it has been marked as rollback-only
	at org.springframework.transaction.support.AbstractPlatformTransactionManager.commit(AbstractPlatformTransactionManager.java:717)
	at org.springframework.transaction.interceptor.TransactionAspectSupport.completeTransactionAfterThrowing(TransactionAspectSupport.java:432)
	at org.springframework.transaction.interceptor.TransactionInterceptor.invoke(TransactionInterceptor.java:111)
	at org.springframework.aop.framework.ReflectiveMethodInvocation.proceed(ReflectiveMethodInvocation.java:172)
	at org.springframework.aop.framework.Cglib2AopProxy$DynamicAdvisedInterceptor.intercept(Cglib2AopProxy.java:625)
	at com.hp.sdf.ngp.api.impl.assetcatalog.AssetCatalogServiceImpl$$EnhancerByCGLIB$$aff9d022.deleteBinaryVersion(&lt;generated&gt;)
	at com.hp.sdf.ngp.api.impl.delegate.AssetCatalogServiceDelegate.deleteBinaryVersion(AssetCatalogServiceDelegate.java:185)
	at com.hp.sdf.ngp.sbm.storeclient.TestClientContentService.testBug126_3(TestClientContentService.java:1227)
	at com.hp.sdf.ngp.sbm.storeclient.TestClientContentService.testBug126_1(TestClientContentService.java:1220)
	at sun.reflect.NativeMethodAccessorImpl.invoke0(Native Method)
	at sun.reflect.NativeMethodAccessorImpl.invoke(NativeMethodAccessorImpl.java:39)
	at sun.reflect.DelegatingMethodAccessorImpl.invoke(DelegatingMethodAccessorImpl.java:25)
	at java.lang.reflect.Method.invoke(Method.java:585)
	at org.junit.runners.model.FrameworkMethod$1.runReflectiveCall(FrameworkMethod.java:44)
	at org.junit.internal.runners.model.ReflectiveCallable.run(ReflectiveCallable.java:15)
	at org.junit.runners.model.FrameworkMethod.invokeExplosively(FrameworkMethod.java:41)
	at org.junit.internal.runners.statements.InvokeMethod.evaluate(InvokeMethod.java:20)
	at org.junit.internal.runners.statements.RunBefores.evaluate(RunBefores.java:28)
	at org.springframework.test.context.junit4.statements.RunBeforeTestMethodCallbacks.evaluate(RunBeforeTestMethodCallbacks.java:74)
	at org.junit.internal.runners.statements.RunAfters.evaluate(RunAfters.java:31)
	at org.springframework.test.context.junit4.statements.RunAfterTestMethodCallbacks.evaluate(RunAfterTestMethodCallbacks.java:82)
	at org.springframework.test.context.junit4.statements.SpringRepeat.evaluate(SpringRepeat.java:72)
	at org.springframework.test.context.junit4.SpringJUnit4ClassRunner.runChild(SpringJUnit4ClassRunner.java:240)
	at org.junit.runners.BlockJUnit4ClassRunner.runChild(BlockJUnit4ClassRunner.java:44)
	at org.junit.runners.ParentRunner.runChildren(ParentRunner.java:180)
	at org.junit.runners.ParentRunner.access$000(ParentRunner.java:41)
	at org.junit.runners.ParentRunner$1.evaluate(ParentRunner.java:173)
	at org.junit.internal.runners.statements.RunBefores.evaluate(RunBefores.java:28)
	at org.springframework.test.context.junit4.statements.RunBeforeTestClassCallbacks.evaluate(RunBeforeTestClassCallbacks.java:61)
	at org.junit.internal.runners.statements.RunAfters.evaluate(RunAfters.java:31)
	at org.springframework.test.context.junit4.statements.RunAfterTestClassCallbacks.evaluate(RunAfterTestClassCallbacks.java:70)
	at org.junit.runners.ParentRunner.run(ParentRunner.java:220)
	at org.springframework.test.context.junit4.SpringJUnit4ClassRunner.run(SpringJUnit4ClassRunner.java:180)
	at org.apache.maven.surefire.junit4.JUnit4TestSet.execute(JUnit4TestSet.java:62)
	at org.apache.maven.surefire.suite.AbstractDirectoryTestSuite.executeTestSet(AbstractDirectoryTestSuite.java:140)
	at org.apache.maven.surefire.suite.AbstractDirectoryTestSuite.execute(AbstractDirectoryTestSuite.java:127)
	at org.apache.maven.surefire.Surefire.run(Surefire.java:177)
	at sun.reflect.NativeMethodAccessorImpl.invoke0(Native Method)
	at sun.reflect.NativeMethodAccessorImpl.invoke(NativeMethodAccessorImpl.java:39)
	at sun.reflect.DelegatingMethodAccessorImpl.invoke(DelegatingMethodAccessorImpl.java:25)
	at java.lang.reflect.Method.invoke(Method.java:585)
	at org.apache.maven.surefire.booter.SurefireBooter.runSuitesInProcess(SurefireBooter.java:338)
	at org.apache.maven.surefire.booter.SurefireBooter.main(SurefireBooter.java:997)
</error>
    <system-out>Hibernate: 
    /* criteria query */ select
        distinct this_.id as y0_ 
    from
        AssetBinaryVersion this_ 
    left outer join
        AttributeValueChar attributev1_ 
            on this_.entityId=attributev1_.entityId 
    left outer join
        Attribute attribute2_ 
            on attributev1_.attributeID=attribute2_.attributeID 
    where
        this_.externalId=? 
        and (
            attributev1_.value=? 
            and attribute2_.attributeName=?
        ) limit ?
Hibernate: 
    /* criteria query */ select
        this_.id as id39_1_,
        this_.entityId as entityId39_1_,
        this_.brief as brief39_1_,
        this_.expireDate as expireDate39_1_,
        this_.externalId as externalId39_1_,
        this_.newArrivalDueDate as newArriv6_39_1_,
        this_.publishDate as publishD7_39_1_,
        this_.recommendDueDate as recommen8_39_1_,
        this_.recommendStartDate as recommen9_39_1_,
        this_.recommendUpdateDate as recomme10_39_1_,
        this_.ASSETID as ASSETID39_1_,
        this_.createDate as createDate39_1_,
        this_.thumbnailBigLocation as thumbna12_39_1_,
        this_.thumbnailMiddleLocation as thumbna13_39_1_,
        this_.thumbnailLocation as thumbna14_39_1_,
        this_.recommendOrder as recomme15_39_1_,
        this_.ownerAssetParentId as ownerAs16_39_1_,
        this_.updateDate as updateDate39_1_,
        this_.name as name39_1_,
        this_.location as location39_1_,
        this_.fileName as fileName39_1_,
        this_.fileSize as fileSize39_1_,
        this_.version as version39_1_,
        this_.description as descrip23_39_1_,
        this_.STATUSID as STATUSID39_1_,
        status2_.id as id67_0_,
        status2_.type as type67_0_,
        status2_.displayName as displayN3_67_0_,
        status2_.status as status67_0_ 
    from
        AssetBinaryVersion this_ 
    left outer join
        Status status2_ 
            on this_.STATUSID=status2_.id 
    where
        this_.id in (
            ?, ?
        )
Hibernate: 
    /* load com.hp.sdf.ngp.model.AssetBinaryVersion */ select
        assetbinar0_.id as id39_0_,
        assetbinar0_.entityId as entityId39_0_,
        assetbinar0_.brief as brief39_0_,
        assetbinar0_.expireDate as expireDate39_0_,
        assetbinar0_.externalId as externalId39_0_,
        assetbinar0_.newArrivalDueDate as newArriv6_39_0_,
        assetbinar0_.publishDate as publishD7_39_0_,
        assetbinar0_.recommendDueDate as recommen8_39_0_,
        assetbinar0_.recommendStartDate as recommen9_39_0_,
        assetbinar0_.recommendUpdateDate as recomme10_39_0_,
        assetbinar0_.ASSETID as ASSETID39_0_,
        assetbinar0_.createDate as createDate39_0_,
        assetbinar0_.thumbnailBigLocation as thumbna12_39_0_,
        assetbinar0_.thumbnailMiddleLocation as thumbna13_39_0_,
        assetbinar0_.thumbnailLocation as thumbna14_39_0_,
        assetbinar0_.recommendOrder as recomme15_39_0_,
        assetbinar0_.ownerAssetParentId as ownerAs16_39_0_,
        assetbinar0_.updateDate as updateDate39_0_,
        assetbinar0_.name as name39_0_,
        assetbinar0_.location as location39_0_,
        assetbinar0_.fileName as fileName39_0_,
        assetbinar0_.fileSize as fileSize39_0_,
        assetbinar0_.version as version39_0_,
        assetbinar0_.description as descrip23_39_0_,
        assetbinar0_.STATUSID as STATUSID39_0_ 
    from
        AssetBinaryVersion assetbinar0_ 
    where
        assetbinar0_.id=?
Hibernate: 
    /* load com.hp.sdf.ngp.eav.model.Entity */ select
        entity0_.entityID as entityID35_0_,
        entity0_.entityType as entityType35_0_ 
    from
        Entity entity0_ 
    where
        entity0_.entityID=?
Hibernate: 
    /* load com.hp.sdf.ngp.eav.model.Entity */ select
        entity0_.entityID as entityID35_0_,
        entity0_.entityType as entityType35_0_ 
    from
        Entity entity0_ 
    where
        entity0_.entityID=?
Hibernate: 
    /* load one-to-many com.hp.sdf.ngp.eav.model.Entity.attributes */ select
        attributes0_.ENTITYID as ENTITYID1_,
        attributes0_.id as id1_,
        attributes0_.id as id36_0_,
        attributes0_.attributeType as attribut2_36_0_,
        attributes0_.attributeValueID as attribut3_36_0_,
        attributes0_.ENTITYID as ENTITYID36_0_ 
    from
        EntityAttribute attributes0_ 
    where
        attributes0_.ENTITYID=?
Hibernate: 
    /* load com.hp.sdf.ngp.eav.model.AttributeValueChar */ select
        attributev0_.attributeValueID as attribut1_31_0_,
        attributev0_.entityId as entityId31_0_,
        attributev0_.attributeID as attribut4_31_0_,
        attributev0_.value as value31_0_ 
    from
        AttributeValueChar attributev0_ 
    where
        attributev0_.attributeValueID=?
Hibernate: 
    /* load com.hp.sdf.ngp.eav.model.AttributeValueChar */ select
        attributev0_.attributeValueID as attribut1_31_0_,
        attributev0_.entityId as entityId31_0_,
        attributev0_.attributeID as attribut4_31_0_,
        attributev0_.value as value31_0_ 
    from
        AttributeValueChar attributev0_ 
    where
        attributev0_.attributeValueID=?
Hibernate: 
    /* load com.hp.sdf.ngp.eav.model.Attribute */ select
        attribute0_.attributeID as attribut1_30_0_,
        attribute0_.attributeType as attribut2_30_0_,
        attribute0_.attributeName as attribut3_30_0_,
        attribute0_.attributeDesc as attribut4_30_0_ 
    from
        Attribute attribute0_ 
    where
        attribute0_.attributeID=?
Hibernate: 
    /* load com.hp.sdf.ngp.eav.model.Attribute */ select
        attribute0_.attributeID as attribut1_30_0_,
        attribute0_.attributeType as attribut2_30_0_,
        attribute0_.attributeName as attribut3_30_0_,
        attribute0_.attributeDesc as attribut4_30_0_ 
    from
        Attribute attribute0_ 
    where
        attribute0_.attributeID=?
Hibernate: 
    /* load com.hp.sdf.ngp.eav.model.AttributeValueNumber */ select
        attributev0_.attributeValueID as attribut1_34_0_,
        attributev0_.entityId as entityId34_0_,
        attributev0_.attributeID as attribut4_34_0_,
        attributev0_.value as value34_0_ 
    from
        AttributeValueNumber attributev0_ 
    where
        attributev0_.attributeValueID=?
Hibernate: 
    /* criteria query */ select
        distinct this_.attributeID as y0_ 
    from
        Attribute this_ 
    where
        this_.attributeName=? limit ?
Hibernate: 
    /* load com.hp.sdf.ngp.eav.model.Entity */ select
        entity0_.entityID as entityID35_0_,
        entity0_.entityType as entityType35_0_ 
    from
        Entity entity0_ 
    where
        entity0_.entityID=?
Hibernate: 
    /* load one-to-many com.hp.sdf.ngp.eav.model.Entity.attributes */ select
        attributes0_.ENTITYID as ENTITYID1_,
        attributes0_.id as id1_,
        attributes0_.id as id36_0_,
        attributes0_.attributeType as attribut2_36_0_,
        attributes0_.attributeValueID as attribut3_36_0_,
        attributes0_.ENTITYID as ENTITYID36_0_ 
    from
        EntityAttribute attributes0_ 
    where
        attributes0_.ENTITYID=?
Hibernate: 
    /* load com.hp.sdf.ngp.eav.model.AttributeValueChar */ select
        attributev0_.attributeValueID as attribut1_31_0_,
        attributev0_.entityId as entityId31_0_,
        attributev0_.attributeID as attribut4_31_0_,
        attributev0_.value as value31_0_ 
    from
        AttributeValueChar attributev0_ 
    where
        attributev0_.attributeValueID=?
Hibernate: 
    /* load com.hp.sdf.ngp.eav.model.Attribute */ select
        attribute0_.attributeID as attribut1_30_0_,
        attribute0_.attributeType as attribut2_30_0_,
        attribute0_.attributeName as attribut3_30_0_,
        attribute0_.attributeDesc as attribut4_30_0_ 
    from
        Attribute attribute0_ 
    where
        attribute0_.attributeID=?
Hibernate: 
    /* load com.hp.sdf.ngp.eav.model.AttributeValueNumber */ select
        attributev0_.attributeValueID as attribut1_34_0_,
        attributev0_.entityId as entityId34_0_,
        attributev0_.attributeID as attribut4_34_0_,
        attributev0_.value as value34_0_ 
    from
        AttributeValueNumber attributev0_ 
    where
        attributev0_.attributeValueID=?
Hibernate: 
    /* criteria query */ select
        distinct this_.id as y0_ 
    from
        AssetTagRelation this_ 
    where
        this_.ASSETID=? 
        and this_.VERSIONID=? limit ?
Hibernate: 
    /* load com.hp.sdf.ngp.model.AssetTagRelation */ select
        assettagre0_.id as id48_0_,
        assettagre0_.VERSIONID as VERSIONID48_0_,
        assettagre0_.ASSETID as ASSETID48_0_,
        assettagre0_.TAGID as TAGID48_0_ 
    from
        AssetTagRelation assettagre0_ 
    where
        assettagre0_.id=?
Hibernate: 
    /* load com.hp.sdf.ngp.model.Tag */ select
        tag0_.id as id70_0_,
        tag0_.name as name70_0_,
        tag0_.description as descript3_70_0_ 
    from
        Tag tag0_ 
    where
        tag0_.id=?
Hibernate: 
    /* load one-to-many com.hp.sdf.ngp.model.AssetBinaryVersion.screenShotses */ select
        screenshot0_.VERSIONID as VERSIONID1_,
        screenshot0_.id as id1_,
        screenshot0_.id as id63_0_,
        screenshot0_.VERSIONID as VERSIONID63_0_,
        screenshot0_.ASSETID as ASSETID63_0_,
        screenshot0_.createDate as createDate63_0_,
        screenshot0_.storeLocation as storeLoc3_63_0_,
        screenshot0_.mediaType as mediaType63_0_,
        screenshot0_.description as descript5_63_0_,
        screenshot0_.sequence as sequence63_0_ 
    from
        ScreenShots screenshot0_ 
    where
        screenshot0_.VERSIONID=?
Hibernate: 
    /* load com.hp.sdf.ngp.model.Asset */ select
        asset0_.id as id38_2_,
        asset0_.entityId as entityId38_2_,
        asset0_.brief as brief38_2_,
        asset0_.externalId as externalId38_2_,
        asset0_.newArrivalDueDate as newArriv5_38_2_,
        asset0_.publishDate as publishD6_38_2_,
        asset0_.recommendDueDate as recommen7_38_2_,
        asset0_.recommendStartDate as recommen8_38_2_,
        asset0_.recommendUpdateDate as recommen9_38_2_,
        asset0_.PARENTID as PARENTID38_2_,
        asset0_.PROVIDERID as PROVIDERID38_2_,
        asset0_.downloadCount as downloa10_38_2_,
        asset0_.docUrl as docUrl38_2_,
        asset0_.createDate as createDate38_2_,
        asset0_.currentVersionId as current13_38_2_,
        asset0_.averageUserRating as average14_38_2_,
        asset0_.thumbnailBigLocation as thumbna15_38_2_,
        asset0_.thumbnailMiddleLocation as thumbna16_38_2_,
        asset0_.thumbnailLocation as thumbna17_38_2_,
        asset0_.recommendOrder as recomme18_38_2_,
        asset0_.updateDate as updateDate38_2_,
        asset0_.authorid as authorid38_2_,
        asset0_.currentVersion as current21_38_2_,
        asset0_.assetHomePage as assetHo22_38_2_,
        asset0_.name as name38_2_,
        asset0_.source as source38_2_,
        asset0_.description as descrip25_38_2_,
        asset0_.STATUSID as STATUSID38_2_,
        assetratin1_.ASSETID as ASSETID4_,
        assetratin1_.id as id4_,
        assetratin1_.id as id46_0_,
        assetratin1_.ASSETID as ASSETID46_0_,
        assetratin1_.userid as userid46_0_,
        assetratin1_.rating as rating46_0_,
        assetratin1_.createDate as createDate46_0_,
        assetratin1_.description as descript5_46_0_,
        status2_.id as id67_1_,
        status2_.type as type67_1_,
        status2_.displayName as displayN3_67_1_,
        status2_.status as status67_1_ 
    from
        Asset asset0_ 
    left outer join
        AssetRating assetratin1_ 
            on asset0_.id=assetratin1_.ASSETID 
    inner join
        Status status2_ 
            on asset0_.STATUSID=status2_.id 
    where
        asset0_.id=?
Hibernate: 
    /* load one-to-many com.hp.sdf.ngp.model.AssetBinaryVersion.assetCategoryRelations */ select
        assetcateg0_.VERSIONID as VERSIONID1_,
        assetcateg0_.id as id1_,
        assetcateg0_.id as id40_0_,
        assetcateg0_.VERSIONID as VERSIONID40_0_,
        assetcateg0_.CTGID as CTGID40_0_,
        assetcateg0_.ASSETID as ASSETID40_0_ 
    from
        AssetCategoryRelation assetcateg0_ 
    where
        assetcateg0_.VERSIONID=?
Hibernate: 
    /* load com.hp.sdf.ngp.model.AssetRating */ select
        assetratin0_.id as id46_0_,
        assetratin0_.ASSETID as ASSETID46_0_,
        assetratin0_.userid as userid46_0_,
        assetratin0_.rating as rating46_0_,
        assetratin0_.createDate as createDate46_0_,
        assetratin0_.description as descript5_46_0_ 
    from
        AssetRating assetratin0_ 
    where
        assetratin0_.id=?
Hibernate: 
    /* load com.hp.sdf.ngp.model.Asset */ select
        asset0_.id as id38_1_,
        asset0_.entityId as entityId38_1_,
        asset0_.brief as brief38_1_,
        asset0_.externalId as externalId38_1_,
        asset0_.newArrivalDueDate as newArriv5_38_1_,
        asset0_.publishDate as publishD6_38_1_,
        asset0_.recommendDueDate as recommen7_38_1_,
        asset0_.recommendStartDate as recommen8_38_1_,
        asset0_.recommendUpdateDate as recommen9_38_1_,
        asset0_.PARENTID as PARENTID38_1_,
        asset0_.PROVIDERID as PROVIDERID38_1_,
        asset0_.downloadCount as downloa10_38_1_,
        asset0_.docUrl as docUrl38_1_,
        asset0_.createDate as createDate38_1_,
        asset0_.currentVersionId as current13_38_1_,
        asset0_.averageUserRating as average14_38_1_,
        asset0_.thumbnailBigLocation as thumbna15_38_1_,
        asset0_.thumbnailMiddleLocation as thumbna16_38_1_,
        asset0_.thumbnailLocation as thumbna17_38_1_,
        asset0_.recommendOrder as recomme18_38_1_,
        asset0_.updateDate as updateDate38_1_,
        asset0_.authorid as authorid38_1_,
        asset0_.currentVersion as current21_38_1_,
        asset0_.assetHomePage as assetHo22_38_1_,
        asset0_.name as name38_1_,
        asset0_.source as source38_1_,
        asset0_.description as descrip25_38_1_,
        asset0_.STATUSID as STATUSID38_1_,
        screenshot1_.ASSETID as ASSETID3_,
        screenshot1_.id as id3_,
        screenshot1_.id as id63_0_,
        screenshot1_.VERSIONID as VERSIONID63_0_,
        screenshot1_.ASSETID as ASSETID63_0_,
        screenshot1_.createDate as createDate63_0_,
        screenshot1_.storeLocation as storeLoc3_63_0_,
        screenshot1_.mediaType as mediaType63_0_,
        screenshot1_.description as descript5_63_0_,
        screenshot1_.sequence as sequence63_0_ 
    from
        Asset asset0_ 
    left outer join
        ScreenShots screenshot1_ 
            on asset0_.id=screenshot1_.ASSETID 
    where
        asset0_.id=?
Hibernate: 
    /* load one-to-many com.hp.sdf.ngp.model.Asset.assetRatings */ select
        assetratin0_.ASSETID as ASSETID1_,
        assetratin0_.id as id1_,
        assetratin0_.id as id46_0_,
        assetratin0_.ASSETID as ASSETID46_0_,
        assetratin0_.userid as userid46_0_,
        assetratin0_.rating as rating46_0_,
        assetratin0_.createDate as createDate46_0_,
        assetratin0_.description as descript5_46_0_ 
    from
        AssetRating assetratin0_ 
    where
        assetratin0_.ASSETID=?
Hibernate: 
    /* load one-to-many com.hp.sdf.ngp.model.Asset.assetPrices */ select
        assetprice0_.ASSETID as ASSETID1_,
        assetprice0_.id as id1_,
        assetprice0_.id as id45_0_,
        assetprice0_.VERSIONID as VERSIONID45_0_,
        assetprice0_.ASSETID as ASSETID45_0_,
        assetprice0_.amount as amount45_0_,
        assetprice0_.currency as currency45_0_ 
    from
        AssetPrice assetprice0_ 
    where
        assetprice0_.ASSETID=?
Hibernate: 
    /* criteria query */ select
        distinct this_.id as y0_ 
    from
        ScreenShots this_ 
    where
        this_.ASSETID=? limit ?
Hibernate: 
    /* criteria query */ select
        this_.id as id63_0_,
        this_.VERSIONID as VERSIONID63_0_,
        this_.ASSETID as ASSETID63_0_,
        this_.createDate as createDate63_0_,
        this_.storeLocation as storeLoc3_63_0_,
        this_.mediaType as mediaType63_0_,
        this_.description as descript5_63_0_,
        this_.sequence as sequence63_0_ 
    from
        ScreenShots this_ 
    where
        this_.id in (
            ?, ?, ?
        )
Hibernate: 
    /* load com.hp.sdf.ngp.model.AssetBinaryVersion */ select
        assetbinar0_.id as id39_1_,
        assetbinar0_.entityId as entityId39_1_,
        assetbinar0_.brief as brief39_1_,
        assetbinar0_.expireDate as expireDate39_1_,
        assetbinar0_.externalId as externalId39_1_,
        assetbinar0_.newArrivalDueDate as newArriv6_39_1_,
        assetbinar0_.publishDate as publishD7_39_1_,
        assetbinar0_.recommendDueDate as recommen8_39_1_,
        assetbinar0_.recommendStartDate as recommen9_39_1_,
        assetbinar0_.recommendUpdateDate as recomme10_39_1_,
        assetbinar0_.ASSETID as ASSETID39_1_,
        assetbinar0_.createDate as createDate39_1_,
        assetbinar0_.thumbnailBigLocation as thumbna12_39_1_,
        assetbinar0_.thumbnailMiddleLocation as thumbna13_39_1_,
        assetbinar0_.thumbnailLocation as thumbna14_39_1_,
        assetbinar0_.recommendOrder as recomme15_39_1_,
        assetbinar0_.ownerAssetParentId as ownerAs16_39_1_,
        assetbinar0_.updateDate as updateDate39_1_,
        assetbinar0_.name as name39_1_,
        assetbinar0_.location as location39_1_,
        assetbinar0_.fileName as fileName39_1_,
        assetbinar0_.fileSize as fileSize39_1_,
        assetbinar0_.version as version39_1_,
        assetbinar0_.description as descrip23_39_1_,
        assetbinar0_.STATUSID as STATUSID39_1_,
        status1_.id as id67_0_,
        status1_.type as type67_0_,
        status1_.displayName as displayN3_67_0_,
        status1_.status as status67_0_ 
    from
        AssetBinaryVersion assetbinar0_ 
    left outer join
        Status status1_ 
            on assetbinar0_.STATUSID=status1_.id 
    where
        assetbinar0_.id=?
Hibernate: 
    /* criteria query */ select
        distinct this_.id as y0_ 
    from
        AssetTagRelation this_ 
    where
        this_.ASSETID=? limit ?
Hibernate: 
    /* criteria query */ select
        this_.id as id48_0_,
        this_.VERSIONID as VERSIONID48_0_,
        this_.ASSETID as ASSETID48_0_,
        this_.TAGID as TAGID48_0_ 
    from
        AssetTagRelation this_ 
    where
        this_.id in (
            ?, ?, ?
        )
Hibernate: 
    /* load com.hp.sdf.ngp.model.Provider */ select
        provider0_.id as id59_1_,
        provider0_.entityId as entityId59_1_,
        provider0_.externalId as externalId59_1_,
        provider0_.email as email59_1_,
        provider0_.city as city59_1_,
        provider0_.phone as phone59_1_,
        provider0_.homePage as homePage59_1_,
        provider0_.streetAddress as streetAd8_59_1_,
        provider0_.commissionRate as commissi9_59_1_,
        provider0_.contractExpireDate as contrac10_59_1_,
        provider0_.contractStartDate as contrac11_59_1_,
        provider0_.settlementRate as settlem12_59_1_,
        provider0_.firstName as firstName59_1_,
        provider0_.lastName as lastName59_1_,
        provider0_.name as name59_1_,
        provider0_.priority as priority59_1_,
        provider0_.country as country59_1_,
        provider0_.locale as locale59_1_,
        provider0_.source as source59_1_,
        provider0_.STATUSID as STATUSID59_1_,
        provider0_.organization as organiz20_59_1_,
        status1_.id as id67_0_,
        status1_.type as type67_0_,
        status1_.displayName as displayN3_67_0_,
        status1_.status as status67_0_ 
    from
        ASSETPROVIDER provider0_ 
    left outer join
        Status status1_ 
            on provider0_.STATUSID=status1_.id 
    where
        provider0_.id=?
Hibernate: 
    /* load com.hp.sdf.ngp.model.ScreenShots */ select
        screenshot0_.id as id63_0_,
        screenshot0_.VERSIONID as VERSIONID63_0_,
        screenshot0_.ASSETID as ASSETID63_0_,
        screenshot0_.createDate as createDate63_0_,
        screenshot0_.storeLocation as storeLoc3_63_0_,
        screenshot0_.mediaType as mediaType63_0_,
        screenshot0_.description as descript5_63_0_,
        screenshot0_.sequence as sequence63_0_ 
    from
        ScreenShots screenshot0_ 
    where
        screenshot0_.id=?
Hibernate: 
    /* load com.hp.sdf.ngp.model.ScreenShots */ select
        screenshot0_.id as id63_0_,
        screenshot0_.VERSIONID as VERSIONID63_0_,
        screenshot0_.ASSETID as ASSETID63_0_,
        screenshot0_.createDate as createDate63_0_,
        screenshot0_.storeLocation as storeLoc3_63_0_,
        screenshot0_.mediaType as mediaType63_0_,
        screenshot0_.description as descript5_63_0_,
        screenshot0_.sequence as sequence63_0_ 
    from
        ScreenShots screenshot0_ 
    where
        screenshot0_.id=?
Hibernate: 
    /* load com.hp.sdf.ngp.model.ScreenShots */ select
        screenshot0_.id as id63_0_,
        screenshot0_.VERSIONID as VERSIONID63_0_,
        screenshot0_.ASSETID as ASSETID63_0_,
        screenshot0_.createDate as createDate63_0_,
        screenshot0_.storeLocation as storeLoc3_63_0_,
        screenshot0_.mediaType as mediaType63_0_,
        screenshot0_.description as descript5_63_0_,
        screenshot0_.sequence as sequence63_0_ 
    from
        ScreenShots screenshot0_ 
    where
        screenshot0_.id=?
Hibernate: 
    /* load com.hp.sdf.ngp.model.AssetPrice */ select
        assetprice0_.id as id45_0_,
        assetprice0_.VERSIONID as VERSIONID45_0_,
        assetprice0_.ASSETID as ASSETID45_0_,
        assetprice0_.amount as amount45_0_,
        assetprice0_.currency as currency45_0_ 
    from
        AssetPrice assetprice0_ 
    where
        assetprice0_.id=?
Hibernate: 
    /* load com.hp.sdf.ngp.model.AssetRating */ select
        assetratin0_.id as id46_0_,
        assetratin0_.ASSETID as ASSETID46_0_,
        assetratin0_.userid as userid46_0_,
        assetratin0_.rating as rating46_0_,
        assetratin0_.createDate as createDate46_0_,
        assetratin0_.description as descript5_46_0_ 
    from
        AssetRating assetratin0_ 
    where
        assetratin0_.id=?
Hibernate: 
    /* load com.hp.sdf.ngp.model.Asset */ select
        asset0_.id as id38_1_,
        asset0_.entityId as entityId38_1_,
        asset0_.brief as brief38_1_,
        asset0_.externalId as externalId38_1_,
        asset0_.newArrivalDueDate as newArriv5_38_1_,
        asset0_.publishDate as publishD6_38_1_,
        asset0_.recommendDueDate as recommen7_38_1_,
        asset0_.recommendStartDate as recommen8_38_1_,
        asset0_.recommendUpdateDate as recommen9_38_1_,
        asset0_.PARENTID as PARENTID38_1_,
        asset0_.PROVIDERID as PROVIDERID38_1_,
        asset0_.downloadCount as downloa10_38_1_,
        asset0_.docUrl as docUrl38_1_,
        asset0_.createDate as createDate38_1_,
        asset0_.currentVersionId as current13_38_1_,
        asset0_.averageUserRating as average14_38_1_,
        asset0_.thumbnailBigLocation as thumbna15_38_1_,
        asset0_.thumbnailMiddleLocation as thumbna16_38_1_,
        asset0_.thumbnailLocation as thumbna17_38_1_,
        asset0_.recommendOrder as recomme18_38_1_,
        asset0_.updateDate as updateDate38_1_,
        asset0_.authorid as authorid38_1_,
        asset0_.currentVersion as current21_38_1_,
        asset0_.assetHomePage as assetHo22_38_1_,
        asset0_.name as name38_1_,
        asset0_.source as source38_1_,
        asset0_.description as descrip25_38_1_,
        asset0_.STATUSID as STATUSID38_1_,
        screenshot1_.ASSETID as ASSETID3_,
        screenshot1_.id as id3_,
        screenshot1_.id as id63_0_,
        screenshot1_.VERSIONID as VERSIONID63_0_,
        screenshot1_.ASSETID as ASSETID63_0_,
        screenshot1_.createDate as createDate63_0_,
        screenshot1_.storeLocation as storeLoc3_63_0_,
        screenshot1_.mediaType as mediaType63_0_,
        screenshot1_.description as descript5_63_0_,
        screenshot1_.sequence as sequence63_0_ 
    from
        Asset asset0_ 
    left outer join
        ScreenShots screenshot1_ 
            on asset0_.id=screenshot1_.ASSETID 
    where
        asset0_.id=?
Hibernate: 
    /* load one-to-many com.hp.sdf.ngp.model.Asset.assetRatings */ select
        assetratin0_.ASSETID as ASSETID1_,
        assetratin0_.id as id1_,
        assetratin0_.id as id46_0_,
        assetratin0_.ASSETID as ASSETID46_0_,
        assetratin0_.userid as userid46_0_,
        assetratin0_.rating as rating46_0_,
        assetratin0_.createDate as createDate46_0_,
        assetratin0_.description as descript5_46_0_ 
    from
        AssetRating assetratin0_ 
    where
        assetratin0_.ASSETID=?
Hibernate: 
    /* load com.hp.sdf.ngp.eav.model.Entity */ select
        entity0_.entityID as entityID35_0_,
        entity0_.entityType as entityType35_0_ 
    from
        Entity entity0_ 
    where
        entity0_.entityID=?
Hibernate: 
    /* load com.hp.sdf.ngp.eav.model.Entity */ select
        entity0_.entityID as entityID35_0_,
        entity0_.entityType as entityType35_0_ 
    from
        Entity entity0_ 
    where
        entity0_.entityID=?
Hibernate: 
    /* load one-to-many com.hp.sdf.ngp.eav.model.Entity.attributes */ select
        attributes0_.ENTITYID as ENTITYID1_,
        attributes0_.id as id1_,
        attributes0_.id as id36_0_,
        attributes0_.attributeType as attribut2_36_0_,
        attributes0_.attributeValueID as attribut3_36_0_,
        attributes0_.ENTITYID as ENTITYID36_0_ 
    from
        EntityAttribute attributes0_ 
    where
        attributes0_.ENTITYID=?
Hibernate: 
    /* load com.hp.sdf.ngp.eav.model.AttributeValueChar */ select
        attributev0_.attributeValueID as attribut1_31_0_,
        attributev0_.entityId as entityId31_0_,
        attributev0_.attributeID as attribut4_31_0_,
        attributev0_.value as value31_0_ 
    from
        AttributeValueChar attributev0_ 
    where
        attributev0_.attributeValueID=?
Hibernate: 
    /* load com.hp.sdf.ngp.eav.model.AttributeValueChar */ select
        attributev0_.attributeValueID as attribut1_31_0_,
        attributev0_.entityId as entityId31_0_,
        attributev0_.attributeID as attribut4_31_0_,
        attributev0_.value as value31_0_ 
    from
        AttributeValueChar attributev0_ 
    where
        attributev0_.attributeValueID=?
Hibernate: 
    /* load com.hp.sdf.ngp.eav.model.Attribute */ select
        attribute0_.attributeID as attribut1_30_0_,
        attribute0_.attributeType as attribut2_30_0_,
        attribute0_.attributeName as attribut3_30_0_,
        attribute0_.attributeDesc as attribut4_30_0_ 
    from
        Attribute attribute0_ 
    where
        attribute0_.attributeID=?
Hibernate: 
    /* load com.hp.sdf.ngp.eav.model.Attribute */ select
        attribute0_.attributeID as attribut1_30_0_,
        attribute0_.attributeType as attribut2_30_0_,
        attribute0_.attributeName as attribut3_30_0_,
        attribute0_.attributeDesc as attribut4_30_0_ 
    from
        Attribute attribute0_ 
    where
        attribute0_.attributeID=?
Hibernate: 
    /* load com.hp.sdf.ngp.eav.model.AttributeValueNumber */ select
        attributev0_.attributeValueID as attribut1_34_0_,
        attributev0_.entityId as entityId34_0_,
        attributev0_.attributeID as attribut4_34_0_,
        attributev0_.value as value34_0_ 
    from
        AttributeValueNumber attributev0_ 
    where
        attributev0_.attributeValueID=?
Hibernate: 
    /* load com.hp.sdf.ngp.eav.model.AttributeValueNumber */ select
        attributev0_.attributeValueID as attribut1_34_0_,
        attributev0_.entityId as entityId34_0_,
        attributev0_.attributeID as attribut4_34_0_,
        attributev0_.value as value34_0_ 
    from
        AttributeValueNumber attributev0_ 
    where
        attributev0_.attributeValueID=?
Hibernate: 
    /* load com.hp.sdf.ngp.eav.model.Attribute */ select
        attribute0_.attributeID as attribut1_30_0_,
        attribute0_.attributeType as attribut2_30_0_,
        attribute0_.attributeName as attribut3_30_0_,
        attribute0_.attributeDesc as attribut4_30_0_ 
    from
        Attribute attribute0_ 
    where
        attribute0_.attributeID=?
Hibernate: 
    /* load com.hp.sdf.ngp.eav.model.Attribute */ select
        attribute0_.attributeID as attribut1_30_0_,
        attribute0_.attributeType as attribut2_30_0_,
        attribute0_.attributeName as attribut3_30_0_,
        attribute0_.attributeDesc as attribut4_30_0_ 
    from
        Attribute attribute0_ 
    where
        attribute0_.attributeID=?
Hibernate: 
    /* load com.hp.sdf.ngp.eav.model.AttributeValueChar */ select
        attributev0_.attributeValueID as attribut1_31_0_,
        attributev0_.entityId as entityId31_0_,
        attributev0_.attributeID as attribut4_31_0_,
        attributev0_.value as value31_0_ 
    from
        AttributeValueChar attributev0_ 
    where
        attributev0_.attributeValueID=?
Hibernate: 
    /* load com.hp.sdf.ngp.eav.model.AttributeValueChar */ select
        attributev0_.attributeValueID as attribut1_31_0_,
        attributev0_.entityId as entityId31_0_,
        attributev0_.attributeID as attribut4_31_0_,
        attributev0_.value as value31_0_ 
    from
        AttributeValueChar attributev0_ 
    where
        attributev0_.attributeValueID=?
Hibernate: 
    /* load com.hp.sdf.ngp.eav.model.Attribute */ select
        attribute0_.attributeID as attribut1_30_0_,
        attribute0_.attributeType as attribut2_30_0_,
        attribute0_.attributeName as attribut3_30_0_,
        attribute0_.attributeDesc as attribut4_30_0_ 
    from
        Attribute attribute0_ 
    where
        attribute0_.attributeID=?
Hibernate: 
    /* load com.hp.sdf.ngp.eav.model.AttributeValueDate */ select
        attributev0_.attributeValueID as attribut1_32_0_,
        attributev0_.entityId as entityId32_0_,
        attributev0_.attributeID as attribut4_32_0_,
        attributev0_.value as value32_0_ 
    from
        AttributeValueDate attributev0_ 
    where
        attributev0_.attributeValueID=?
Hibernate: 
    /* load com.hp.sdf.ngp.eav.model.AttributeValueDate */ select
        attributev0_.attributeValueID as attribut1_32_0_,
        attributev0_.entityId as entityId32_0_,
        attributev0_.attributeID as attribut4_32_0_,
        attributev0_.value as value32_0_ 
    from
        AttributeValueDate attributev0_ 
    where
        attributev0_.attributeValueID=?
Hibernate: 
    /* load com.hp.sdf.ngp.eav.model.Attribute */ select
        attribute0_.attributeID as attribut1_30_0_,
        attribute0_.attributeType as attribut2_30_0_,
        attribute0_.attributeName as attribut3_30_0_,
        attribute0_.attributeDesc as attribut4_30_0_ 
    from
        Attribute attribute0_ 
    where
        attribute0_.attributeID=?
Hibernate: 
    /* load com.hp.sdf.ngp.eav.model.Attribute */ select
        attribute0_.attributeID as attribut1_30_0_,
        attribute0_.attributeType as attribut2_30_0_,
        attribute0_.attributeName as attribut3_30_0_,
        attribute0_.attributeDesc as attribut4_30_0_ 
    from
        Attribute attribute0_ 
    where
        attribute0_.attributeID=?
Hibernate: 
    /* criteria query */ select
        distinct this_.attributeID as y0_ 
    from
        Attribute this_ 
    where
        this_.attributeName=? limit ?
Hibernate: 
    /* load com.hp.sdf.ngp.eav.model.Entity */ select
        entity0_.entityID as entityID35_0_,
        entity0_.entityType as entityType35_0_ 
    from
        Entity entity0_ 
    where
        entity0_.entityID=?
Hibernate: 
    /* load one-to-many com.hp.sdf.ngp.eav.model.Entity.attributes */ select
        attributes0_.ENTITYID as ENTITYID1_,
        attributes0_.id as id1_,
        attributes0_.id as id36_0_,
        attributes0_.attributeType as attribut2_36_0_,
        attributes0_.attributeValueID as attribut3_36_0_,
        attributes0_.ENTITYID as ENTITYID36_0_ 
    from
        EntityAttribute attributes0_ 
    where
        attributes0_.ENTITYID=?
Hibernate: 
    /* load com.hp.sdf.ngp.eav.model.AttributeValueChar */ select
        attributev0_.attributeValueID as attribut1_31_0_,
        attributev0_.entityId as entityId31_0_,
        attributev0_.attributeID as attribut4_31_0_,
        attributev0_.value as value31_0_ 
    from
        AttributeValueChar attributev0_ 
    where
        attributev0_.attributeValueID=?
Hibernate: 
    /* load com.hp.sdf.ngp.eav.model.Attribute */ select
        attribute0_.attributeID as attribut1_30_0_,
        attribute0_.attributeType as attribut2_30_0_,
        attribute0_.attributeName as attribut3_30_0_,
        attribute0_.attributeDesc as attribut4_30_0_ 
    from
        Attribute attribute0_ 
    where
        attribute0_.attributeID=?
Hibernate: 
    /* load com.hp.sdf.ngp.eav.model.AttributeValueNumber */ select
        attributev0_.attributeValueID as attribut1_34_0_,
        attributev0_.entityId as entityId34_0_,
        attributev0_.attributeID as attribut4_34_0_,
        attributev0_.value as value34_0_ 
    from
        AttributeValueNumber attributev0_ 
    where
        attributev0_.attributeValueID=?
Hibernate: 
    /* load com.hp.sdf.ngp.eav.model.Attribute */ select
        attribute0_.attributeID as attribut1_30_0_,
        attribute0_.attributeType as attribut2_30_0_,
        attribute0_.attributeName as attribut3_30_0_,
        attribute0_.attributeDesc as attribut4_30_0_ 
    from
        Attribute attribute0_ 
    where
        attribute0_.attributeID=?
Hibernate: 
    /* load com.hp.sdf.ngp.eav.model.AttributeValueChar */ select
        attributev0_.attributeValueID as attribut1_31_0_,
        attributev0_.entityId as entityId31_0_,
        attributev0_.attributeID as attribut4_31_0_,
        attributev0_.value as value31_0_ 
    from
        AttributeValueChar attributev0_ 
    where
        attributev0_.attributeValueID=?
Hibernate: 
    /* load com.hp.sdf.ngp.eav.model.Attribute */ select
        attribute0_.attributeID as attribut1_30_0_,
        attribute0_.attributeType as attribut2_30_0_,
        attribute0_.attributeName as attribut3_30_0_,
        attribute0_.attributeDesc as attribut4_30_0_ 
    from
        Attribute attribute0_ 
    where
        attribute0_.attributeID=?
Hibernate: 
    /* load com.hp.sdf.ngp.eav.model.AttributeValueDate */ select
        attributev0_.attributeValueID as attribut1_32_0_,
        attributev0_.entityId as entityId32_0_,
        attributev0_.attributeID as attribut4_32_0_,
        attributev0_.value as value32_0_ 
    from
        AttributeValueDate attributev0_ 
    where
        attributev0_.attributeValueID=?
Hibernate: 
    /* load com.hp.sdf.ngp.eav.model.Attribute */ select
        attribute0_.attributeID as attribut1_30_0_,
        attribute0_.attributeType as attribut2_30_0_,
        attribute0_.attributeName as attribut3_30_0_,
        attribute0_.attributeDesc as attribut4_30_0_ 
    from
        Attribute attribute0_ 
    where
        attribute0_.attributeID=?
Hibernate: 
    /* criteria query */ select
        distinct this_.attributeID as y0_ 
    from
        Attribute this_ 
    where
        this_.attributeName=? limit ?
Hibernate: 
    /* load com.hp.sdf.ngp.eav.model.Entity */ select
        entity0_.entityID as entityID35_0_,
        entity0_.entityType as entityType35_0_ 
    from
        Entity entity0_ 
    where
        entity0_.entityID=?
Hibernate: 
    /* load one-to-many com.hp.sdf.ngp.eav.model.Entity.attributes */ select
        attributes0_.ENTITYID as ENTITYID1_,
        attributes0_.id as id1_,
        attributes0_.id as id36_0_,
        attributes0_.attributeType as attribut2_36_0_,
        attributes0_.attributeValueID as attribut3_36_0_,
        attributes0_.ENTITYID as ENTITYID36_0_ 
    from
        EntityAttribute attributes0_ 
    where
        attributes0_.ENTITYID=?
Hibernate: 
    /* load com.hp.sdf.ngp.eav.model.AttributeValueChar */ select
        attributev0_.attributeValueID as attribut1_31_0_,
        attributev0_.entityId as entityId31_0_,
        attributev0_.attributeID as attribut4_31_0_,
        attributev0_.value as value31_0_ 
    from
        AttributeValueChar attributev0_ 
    where
        attributev0_.attributeValueID=?
Hibernate: 
    /* load com.hp.sdf.ngp.eav.model.Attribute */ select
        attribute0_.attributeID as attribut1_30_0_,
        attribute0_.attributeType as attribut2_30_0_,
        attribute0_.attributeName as attribut3_30_0_,
        attribute0_.attributeDesc as attribut4_30_0_ 
    from
        Attribute attribute0_ 
    where
        attribute0_.attributeID=?
Hibernate: 
    /* load com.hp.sdf.ngp.eav.model.AttributeValueNumber */ select
        attributev0_.attributeValueID as attribut1_34_0_,
        attributev0_.entityId as entityId34_0_,
        attributev0_.attributeID as attribut4_34_0_,
        attributev0_.value as value34_0_ 
    from
        AttributeValueNumber attributev0_ 
    where
        attributev0_.attributeValueID=?
Hibernate: 
    /* load com.hp.sdf.ngp.eav.model.Attribute */ select
        attribute0_.attributeID as attribut1_30_0_,
        attribute0_.attributeType as attribut2_30_0_,
        attribute0_.attributeName as attribut3_30_0_,
        attribute0_.attributeDesc as attribut4_30_0_ 
    from
        Attribute attribute0_ 
    where
        attribute0_.attributeID=?
Hibernate: 
    /* load com.hp.sdf.ngp.eav.model.AttributeValueChar */ select
        attributev0_.attributeValueID as attribut1_31_0_,
        attributev0_.entityId as entityId31_0_,
        attributev0_.attributeID as attribut4_31_0_,
        attributev0_.value as value31_0_ 
    from
        AttributeValueChar attributev0_ 
    where
        attributev0_.attributeValueID=?
Hibernate: 
    /* load com.hp.sdf.ngp.eav.model.Attribute */ select
        attribute0_.attributeID as attribut1_30_0_,
        attribute0_.attributeType as attribut2_30_0_,
        attribute0_.attributeName as attribut3_30_0_,
        attribute0_.attributeDesc as attribut4_30_0_ 
    from
        Attribute attribute0_ 
    where
        attribute0_.attributeID=?
Hibernate: 
    /* load com.hp.sdf.ngp.eav.model.AttributeValueDate */ select
        attributev0_.attributeValueID as attribut1_32_0_,
        attributev0_.entityId as entityId32_0_,
        attributev0_.attributeID as attribut4_32_0_,
        attributev0_.value as value32_0_ 
    from
        AttributeValueDate attributev0_ 
    where
        attributev0_.attributeValueID=?
Hibernate: 
    /* load com.hp.sdf.ngp.eav.model.Attribute */ select
        attribute0_.attributeID as attribut1_30_0_,
        attribute0_.attributeType as attribut2_30_0_,
        attribute0_.attributeName as attribut3_30_0_,
        attribute0_.attributeDesc as attribut4_30_0_ 
    from
        Attribute attribute0_ 
    where
        attribute0_.attributeID=?
Hibernate: 
    /* criteria query */ select
        distinct this_.attributeID as y0_ 
    from
        Attribute this_ 
    where
        this_.attributeName=? limit ?
Hibernate: 
    /* load com.hp.sdf.ngp.eav.model.Entity */ select
        entity0_.entityID as entityID35_0_,
        entity0_.entityType as entityType35_0_ 
    from
        Entity entity0_ 
    where
        entity0_.entityID=?
Hibernate: 
    /* load one-to-many com.hp.sdf.ngp.eav.model.Entity.attributes */ select
        attributes0_.ENTITYID as ENTITYID1_,
        attributes0_.id as id1_,
        attributes0_.id as id36_0_,
        attributes0_.attributeType as attribut2_36_0_,
        attributes0_.attributeValueID as attribut3_36_0_,
        attributes0_.ENTITYID as ENTITYID36_0_ 
    from
        EntityAttribute attributes0_ 
    where
        attributes0_.ENTITYID=?
Hibernate: 
    /* load com.hp.sdf.ngp.eav.model.AttributeValueChar */ select
        attributev0_.attributeValueID as attribut1_31_0_,
        attributev0_.entityId as entityId31_0_,
        attributev0_.attributeID as attribut4_31_0_,
        attributev0_.value as value31_0_ 
    from
        AttributeValueChar attributev0_ 
    where
        attributev0_.attributeValueID=?
Hibernate: 
    /* load com.hp.sdf.ngp.eav.model.Attribute */ select
        attribute0_.attributeID as attribut1_30_0_,
        attribute0_.attributeType as attribut2_30_0_,
        attribute0_.attributeName as attribut3_30_0_,
        attribute0_.attributeDesc as attribut4_30_0_ 
    from
        Attribute attribute0_ 
    where
        attribute0_.attributeID=?
Hibernate: 
    /* load com.hp.sdf.ngp.eav.model.AttributeValueNumber */ select
        attributev0_.attributeValueID as attribut1_34_0_,
        attributev0_.entityId as entityId34_0_,
        attributev0_.attributeID as attribut4_34_0_,
        attributev0_.value as value34_0_ 
    from
        AttributeValueNumber attributev0_ 
    where
        attributev0_.attributeValueID=?
Hibernate: 
    /* load com.hp.sdf.ngp.eav.model.Attribute */ select
        attribute0_.attributeID as attribut1_30_0_,
        attribute0_.attributeType as attribut2_30_0_,
        attribute0_.attributeName as attribut3_30_0_,
        attribute0_.attributeDesc as attribut4_30_0_ 
    from
        Attribute attribute0_ 
    where
        attribute0_.attributeID=?
Hibernate: 
    /* load com.hp.sdf.ngp.eav.model.AttributeValueChar */ select
        attributev0_.attributeValueID as attribut1_31_0_,
        attributev0_.entityId as entityId31_0_,
        attributev0_.attributeID as attribut4_31_0_,
        attributev0_.value as value31_0_ 
    from
        AttributeValueChar attributev0_ 
    where
        attributev0_.attributeValueID=?
Hibernate: 
    /* load com.hp.sdf.ngp.eav.model.Attribute */ select
        attribute0_.attributeID as attribut1_30_0_,
        attribute0_.attributeType as attribut2_30_0_,
        attribute0_.attributeName as attribut3_30_0_,
        attribute0_.attributeDesc as attribut4_30_0_ 
    from
        Attribute attribute0_ 
    where
        attribute0_.attributeID=?
Hibernate: 
    /* load com.hp.sdf.ngp.eav.model.AttributeValueDate */ select
        attributev0_.attributeValueID as attribut1_32_0_,
        attributev0_.entityId as entityId32_0_,
        attributev0_.attributeID as attribut4_32_0_,
        attributev0_.value as value32_0_ 
    from
        AttributeValueDate attributev0_ 
    where
        attributev0_.attributeValueID=?
Hibernate: 
    /* load com.hp.sdf.ngp.eav.model.Attribute */ select
        attribute0_.attributeID as attribut1_30_0_,
        attribute0_.attributeType as attribut2_30_0_,
        attribute0_.attributeName as attribut3_30_0_,
        attribute0_.attributeDesc as attribut4_30_0_ 
    from
        Attribute attribute0_ 
    where
        attribute0_.attributeID=?
Hibernate: 
    /* criteria query */ select
        distinct this_.id as y0_ 
    from
        Category this_ 
    left outer join
        AssetCategoryRelation assetcateg1_ 
            on this_.id=assetcateg1_.CTGID 
    left outer join
        Asset asset2_ 
            on assetcateg1_.ASSETID=asset2_.id 
    where
        asset2_.id=? limit ?
Hibernate: 
    /* load com.hp.sdf.ngp.model.Category */ select
        category0_.id as id50_0_,
        category0_.externalId as externalId50_0_,
        category0_.PARENTID as PARENTID50_0_,
        category0_.name as name50_0_,
        category0_.displayName as displayN4_50_0_,
        category0_.source as source50_0_,
        category0_.description as descript6_50_0_ 
    from
        Category category0_ 
    where
        category0_.id=?
Hibernate: 
    /* load one-to-many com.hp.sdf.ngp.model.Asset.assets */ select
        assets0_.PARENTID as PARENTID2_,
        assets0_.id as id2_,
        assets0_.id as id38_1_,
        assets0_.entityId as entityId38_1_,
        assets0_.brief as brief38_1_,
        assets0_.externalId as externalId38_1_,
        assets0_.newArrivalDueDate as newArriv5_38_1_,
        assets0_.publishDate as publishD6_38_1_,
        assets0_.recommendDueDate as recommen7_38_1_,
        assets0_.recommendStartDate as recommen8_38_1_,
        assets0_.recommendUpdateDate as recommen9_38_1_,
        assets0_.PARENTID as PARENTID38_1_,
        assets0_.PROVIDERID as PROVIDERID38_1_,
        assets0_.downloadCount as downloa10_38_1_,
        assets0_.docUrl as docUrl38_1_,
        assets0_.createDate as createDate38_1_,
        assets0_.currentVersionId as current13_38_1_,
        assets0_.averageUserRating as average14_38_1_,
        assets0_.thumbnailBigLocation as thumbna15_38_1_,
        assets0_.thumbnailMiddleLocation as thumbna16_38_1_,
        assets0_.thumbnailLocation as thumbna17_38_1_,
        assets0_.recommendOrder as recomme18_38_1_,
        assets0_.updateDate as updateDate38_1_,
        assets0_.authorid as authorid38_1_,
        assets0_.currentVersion as current21_38_1_,
        assets0_.assetHomePage as assetHo22_38_1_,
        assets0_.name as name38_1_,
        assets0_.source as source38_1_,
        assets0_.description as descrip25_38_1_,
        assets0_.STATUSID as STATUSID38_1_,
        status1_.id as id67_0_,
        status1_.type as type67_0_,
        status1_.displayName as displayN3_67_0_,
        status1_.status as status67_0_ 
    from
        Asset assets0_ 
    inner join
        Status status1_ 
            on assets0_.STATUSID=status1_.id 
    where
        assets0_.PARENTID=?
Hibernate: 
    /* load com.hp.sdf.ngp.model.AssetBinaryVersion */ select
        assetbinar0_.id as id39_0_,
        assetbinar0_.entityId as entityId39_0_,
        assetbinar0_.brief as brief39_0_,
        assetbinar0_.expireDate as expireDate39_0_,
        assetbinar0_.externalId as externalId39_0_,
        assetbinar0_.newArrivalDueDate as newArriv6_39_0_,
        assetbinar0_.publishDate as publishD7_39_0_,
        assetbinar0_.recommendDueDate as recommen8_39_0_,
        assetbinar0_.recommendStartDate as recommen9_39_0_,
        assetbinar0_.recommendUpdateDate as recomme10_39_0_,
        assetbinar0_.ASSETID as ASSETID39_0_,
        assetbinar0_.createDate as createDate39_0_,
        assetbinar0_.thumbnailBigLocation as thumbna12_39_0_,
        assetbinar0_.thumbnailMiddleLocation as thumbna13_39_0_,
        assetbinar0_.thumbnailLocation as thumbna14_39_0_,
        assetbinar0_.recommendOrder as recomme15_39_0_,
        assetbinar0_.ownerAssetParentId as ownerAs16_39_0_,
        assetbinar0_.updateDate as updateDate39_0_,
        assetbinar0_.name as name39_0_,
        assetbinar0_.location as location39_0_,
        assetbinar0_.fileName as fileName39_0_,
        assetbinar0_.fileSize as fileSize39_0_,
        assetbinar0_.version as version39_0_,
        assetbinar0_.description as descrip23_39_0_,
        assetbinar0_.STATUSID as STATUSID39_0_ 
    from
        AssetBinaryVersion assetbinar0_ 
    where
        assetbinar0_.id=?
Hibernate: 
    /* load com.hp.sdf.ngp.eav.model.Entity */ select
        entity0_.entityID as entityID35_0_,
        entity0_.entityType as entityType35_0_ 
    from
        Entity entity0_ 
    where
        entity0_.entityID=?
Hibernate: 
    /* load com.hp.sdf.ngp.eav.model.Entity */ select
        entity0_.entityID as entityID35_0_,
        entity0_.entityType as entityType35_0_ 
    from
        Entity entity0_ 
    where
        entity0_.entityID=?
Hibernate: 
    /* load one-to-many com.hp.sdf.ngp.eav.model.Entity.attributes */ select
        attributes0_.ENTITYID as ENTITYID1_,
        attributes0_.id as id1_,
        attributes0_.id as id36_0_,
        attributes0_.attributeType as attribut2_36_0_,
        attributes0_.attributeValueID as attribut3_36_0_,
        attributes0_.ENTITYID as ENTITYID36_0_ 
    from
        EntityAttribute attributes0_ 
    where
        attributes0_.ENTITYID=?
Hibernate: 
    /* load com.hp.sdf.ngp.eav.model.AttributeValueChar */ select
        attributev0_.attributeValueID as attribut1_31_0_,
        attributev0_.entityId as entityId31_0_,
        attributev0_.attributeID as attribut4_31_0_,
        attributev0_.value as value31_0_ 
    from
        AttributeValueChar attributev0_ 
    where
        attributev0_.attributeValueID=?
Hibernate: 
    /* load com.hp.sdf.ngp.eav.model.AttributeValueChar */ select
        attributev0_.attributeValueID as attribut1_31_0_,
        attributev0_.entityId as entityId31_0_,
        attributev0_.attributeID as attribut4_31_0_,
        attributev0_.value as value31_0_ 
    from
        AttributeValueChar attributev0_ 
    where
        attributev0_.attributeValueID=?
Hibernate: 
    /* load com.hp.sdf.ngp.eav.model.Attribute */ select
        attribute0_.attributeID as attribut1_30_0_,
        attribute0_.attributeType as attribut2_30_0_,
        attribute0_.attributeName as attribut3_30_0_,
        attribute0_.attributeDesc as attribut4_30_0_ 
    from
        Attribute attribute0_ 
    where
        attribute0_.attributeID=?
Hibernate: 
    /* criteria query */ select
        distinct this_.attributeID as y0_ 
    from
        Attribute this_ 
    where
        this_.attributeName=? limit ?
Hibernate: 
    /* load com.hp.sdf.ngp.eav.model.Entity */ select
        entity0_.entityID as entityID35_0_,
        entity0_.entityType as entityType35_0_ 
    from
        Entity entity0_ 
    where
        entity0_.entityID=?
Hibernate: 
    /* load one-to-many com.hp.sdf.ngp.eav.model.Entity.attributes */ select
        attributes0_.ENTITYID as ENTITYID1_,
        attributes0_.id as id1_,
        attributes0_.id as id36_0_,
        attributes0_.attributeType as attribut2_36_0_,
        attributes0_.attributeValueID as attribut3_36_0_,
        attributes0_.ENTITYID as ENTITYID36_0_ 
    from
        EntityAttribute attributes0_ 
    where
        attributes0_.ENTITYID=?
Hibernate: 
    /* load com.hp.sdf.ngp.eav.model.AttributeValueChar */ select
        attributev0_.attributeValueID as attribut1_31_0_,
        attributev0_.entityId as entityId31_0_,
        attributev0_.attributeID as attribut4_31_0_,
        attributev0_.value as value31_0_ 
    from
        AttributeValueChar attributev0_ 
    where
        attributev0_.attributeValueID=?
Hibernate: 
    /* load com.hp.sdf.ngp.eav.model.Attribute */ select
        attribute0_.attributeID as attribut1_30_0_,
        attribute0_.attributeType as attribut2_30_0_,
        attribute0_.attributeName as attribut3_30_0_,
        attribute0_.attributeDesc as attribut4_30_0_ 
    from
        Attribute attribute0_ 
    where
        attribute0_.attributeID=?
Hibernate: 
    /* criteria query */ select
        distinct this_.id as y0_ 
    from
        AssetTagRelation this_ 
    where
        this_.ASSETID=? 
        and this_.VERSIONID=? limit ?
Hibernate: 
    /* load one-to-many com.hp.sdf.ngp.model.AssetBinaryVersion.screenShotses */ select
        screenshot0_.VERSIONID as VERSIONID1_,
        screenshot0_.id as id1_,
        screenshot0_.id as id63_0_,
        screenshot0_.VERSIONID as VERSIONID63_0_,
        screenshot0_.ASSETID as ASSETID63_0_,
        screenshot0_.createDate as createDate63_0_,
        screenshot0_.storeLocation as storeLoc3_63_0_,
        screenshot0_.mediaType as mediaType63_0_,
        screenshot0_.description as descript5_63_0_,
        screenshot0_.sequence as sequence63_0_ 
    from
        ScreenShots screenshot0_ 
    where
        screenshot0_.VERSIONID=?
Hibernate: 
    /* load one-to-many com.hp.sdf.ngp.model.AssetBinaryVersion.assetCategoryRelations */ select
        assetcateg0_.VERSIONID as VERSIONID1_,
        assetcateg0_.id as id1_,
        assetcateg0_.id as id40_0_,
        assetcateg0_.VERSIONID as VERSIONID40_0_,
        assetcateg0_.CTGID as CTGID40_0_,
        assetcateg0_.ASSETID as ASSETID40_0_ 
    from
        AssetCategoryRelation assetcateg0_ 
    where
        assetcateg0_.VERSIONID=?
Hibernate: 
    /* load com.hp.sdf.ngp.model.ScreenShots */ select
        screenshot0_.id as id63_0_,
        screenshot0_.VERSIONID as VERSIONID63_0_,
        screenshot0_.ASSETID as ASSETID63_0_,
        screenshot0_.createDate as createDate63_0_,
        screenshot0_.storeLocation as storeLoc3_63_0_,
        screenshot0_.mediaType as mediaType63_0_,
        screenshot0_.description as descript5_63_0_,
        screenshot0_.sequence as sequence63_0_ 
    from
        ScreenShots screenshot0_ 
    where
        screenshot0_.id=?
Hibernate: 
    /* load com.hp.sdf.ngp.model.ScreenShots */ select
        screenshot0_.id as id63_0_,
        screenshot0_.VERSIONID as VERSIONID63_0_,
        screenshot0_.ASSETID as ASSETID63_0_,
        screenshot0_.createDate as createDate63_0_,
        screenshot0_.storeLocation as storeLoc3_63_0_,
        screenshot0_.mediaType as mediaType63_0_,
        screenshot0_.description as descript5_63_0_,
        screenshot0_.sequence as sequence63_0_ 
    from
        ScreenShots screenshot0_ 
    where
        screenshot0_.id=?
Hibernate: 
    /* load com.hp.sdf.ngp.model.ScreenShots */ select
        screenshot0_.id as id63_0_,
        screenshot0_.VERSIONID as VERSIONID63_0_,
        screenshot0_.ASSETID as ASSETID63_0_,
        screenshot0_.createDate as createDate63_0_,
        screenshot0_.storeLocation as storeLoc3_63_0_,
        screenshot0_.mediaType as mediaType63_0_,
        screenshot0_.description as descript5_63_0_,
        screenshot0_.sequence as sequence63_0_ 
    from
        ScreenShots screenshot0_ 
    where
        screenshot0_.id=?
Hibernate: 
    /* load com.hp.sdf.ngp.model.AssetRating */ select
        assetratin0_.id as id46_0_,
        assetratin0_.ASSETID as ASSETID46_0_,
        assetratin0_.userid as userid46_0_,
        assetratin0_.rating as rating46_0_,
        assetratin0_.createDate as createDate46_0_,
        assetratin0_.description as descript5_46_0_ 
    from
        AssetRating assetratin0_ 
    where
        assetratin0_.id=?
Hibernate: 
    /* load com.hp.sdf.ngp.model.Asset */ select
        asset0_.id as id38_1_,
        asset0_.entityId as entityId38_1_,
        asset0_.brief as brief38_1_,
        asset0_.externalId as externalId38_1_,
        asset0_.newArrivalDueDate as newArriv5_38_1_,
        asset0_.publishDate as publishD6_38_1_,
        asset0_.recommendDueDate as recommen7_38_1_,
        asset0_.recommendStartDate as recommen8_38_1_,
        asset0_.recommendUpdateDate as recommen9_38_1_,
        asset0_.PARENTID as PARENTID38_1_,
        asset0_.PROVIDERID as PROVIDERID38_1_,
        asset0_.downloadCount as downloa10_38_1_,
        asset0_.docUrl as docUrl38_1_,
        asset0_.createDate as createDate38_1_,
        asset0_.currentVersionId as current13_38_1_,
        asset0_.averageUserRating as average14_38_1_,
        asset0_.thumbnailBigLocation as thumbna15_38_1_,
        asset0_.thumbnailMiddleLocation as thumbna16_38_1_,
        asset0_.thumbnailLocation as thumbna17_38_1_,
        asset0_.recommendOrder as recomme18_38_1_,
        asset0_.updateDate as updateDate38_1_,
        asset0_.authorid as authorid38_1_,
        asset0_.currentVersion as current21_38_1_,
        asset0_.assetHomePage as assetHo22_38_1_,
        asset0_.name as name38_1_,
        asset0_.source as source38_1_,
        asset0_.description as descrip25_38_1_,
        asset0_.STATUSID as STATUSID38_1_,
        screenshot1_.ASSETID as ASSETID3_,
        screenshot1_.id as id3_,
        screenshot1_.id as id63_0_,
        screenshot1_.VERSIONID as VERSIONID63_0_,
        screenshot1_.ASSETID as ASSETID63_0_,
        screenshot1_.createDate as createDate63_0_,
        screenshot1_.storeLocation as storeLoc3_63_0_,
        screenshot1_.mediaType as mediaType63_0_,
        screenshot1_.description as descript5_63_0_,
        screenshot1_.sequence as sequence63_0_ 
    from
        Asset asset0_ 
    left outer join
        ScreenShots screenshot1_ 
            on asset0_.id=screenshot1_.ASSETID 
    where
        asset0_.id=?
Hibernate: 
    /* load one-to-many com.hp.sdf.ngp.model.Asset.assetRatings */ select
        assetratin0_.ASSETID as ASSETID1_,
        assetratin0_.id as id1_,
        assetratin0_.id as id46_0_,
        assetratin0_.ASSETID as ASSETID46_0_,
        assetratin0_.userid as userid46_0_,
        assetratin0_.rating as rating46_0_,
        assetratin0_.createDate as createDate46_0_,
        assetratin0_.description as descript5_46_0_ 
    from
        AssetRating assetratin0_ 
    where
        assetratin0_.ASSETID=?
Hibernate: 
    /* load one-to-many com.hp.sdf.ngp.model.Asset.assetPrices */ select
        assetprice0_.ASSETID as ASSETID1_,
        assetprice0_.id as id1_,
        assetprice0_.id as id45_0_,
        assetprice0_.VERSIONID as VERSIONID45_0_,
        assetprice0_.ASSETID as ASSETID45_0_,
        assetprice0_.amount as amount45_0_,
        assetprice0_.currency as currency45_0_ 
    from
        AssetPrice assetprice0_ 
    where
        assetprice0_.ASSETID=?
Hibernate: 
    /* criteria query */ select
        distinct this_.id as y0_ 
    from
        ScreenShots this_ 
    where
        this_.ASSETID=? limit ?
Hibernate: 
    /* criteria query */ select
        distinct this_.id as y0_ 
    from
        AssetTagRelation this_ 
    where
        this_.ASSETID=? limit ?
Hibernate: 
    /* load com.hp.sdf.ngp.model.ScreenShots */ select
        screenshot0_.id as id63_0_,
        screenshot0_.VERSIONID as VERSIONID63_0_,
        screenshot0_.ASSETID as ASSETID63_0_,
        screenshot0_.createDate as createDate63_0_,
        screenshot0_.storeLocation as storeLoc3_63_0_,
        screenshot0_.mediaType as mediaType63_0_,
        screenshot0_.description as descript5_63_0_,
        screenshot0_.sequence as sequence63_0_ 
    from
        ScreenShots screenshot0_ 
    where
        screenshot0_.id=?
Hibernate: 
    /* load com.hp.sdf.ngp.model.ScreenShots */ select
        screenshot0_.id as id63_0_,
        screenshot0_.VERSIONID as VERSIONID63_0_,
        screenshot0_.ASSETID as ASSETID63_0_,
        screenshot0_.createDate as createDate63_0_,
        screenshot0_.storeLocation as storeLoc3_63_0_,
        screenshot0_.mediaType as mediaType63_0_,
        screenshot0_.description as descript5_63_0_,
        screenshot0_.sequence as sequence63_0_ 
    from
        ScreenShots screenshot0_ 
    where
        screenshot0_.id=?
Hibernate: 
    /* load com.hp.sdf.ngp.model.ScreenShots */ select
        screenshot0_.id as id63_0_,
        screenshot0_.VERSIONID as VERSIONID63_0_,
        screenshot0_.ASSETID as ASSETID63_0_,
        screenshot0_.createDate as createDate63_0_,
        screenshot0_.storeLocation as storeLoc3_63_0_,
        screenshot0_.mediaType as mediaType63_0_,
        screenshot0_.description as descript5_63_0_,
        screenshot0_.sequence as sequence63_0_ 
    from
        ScreenShots screenshot0_ 
    where
        screenshot0_.id=?
Hibernate: 
    /* load com.hp.sdf.ngp.model.AssetPrice */ select
        assetprice0_.id as id45_0_,
        assetprice0_.VERSIONID as VERSIONID45_0_,
        assetprice0_.ASSETID as ASSETID45_0_,
        assetprice0_.amount as amount45_0_,
        assetprice0_.currency as currency45_0_ 
    from
        AssetPrice assetprice0_ 
    where
        assetprice0_.id=?
Hibernate: 
    /* load com.hp.sdf.ngp.model.AssetRating */ select
        assetratin0_.id as id46_0_,
        assetratin0_.ASSETID as ASSETID46_0_,
        assetratin0_.userid as userid46_0_,
        assetratin0_.rating as rating46_0_,
        assetratin0_.createDate as createDate46_0_,
        assetratin0_.description as descript5_46_0_ 
    from
        AssetRating assetratin0_ 
    where
        assetratin0_.id=?
Hibernate: 
    /* load com.hp.sdf.ngp.model.Asset */ select
        asset0_.id as id38_1_,
        asset0_.entityId as entityId38_1_,
        asset0_.brief as brief38_1_,
        asset0_.externalId as externalId38_1_,
        asset0_.newArrivalDueDate as newArriv5_38_1_,
        asset0_.publishDate as publishD6_38_1_,
        asset0_.recommendDueDate as recommen7_38_1_,
        asset0_.recommendStartDate as recommen8_38_1_,
        asset0_.recommendUpdateDate as recommen9_38_1_,
        asset0_.PARENTID as PARENTID38_1_,
        asset0_.PROVIDERID as PROVIDERID38_1_,
        asset0_.downloadCount as downloa10_38_1_,
        asset0_.docUrl as docUrl38_1_,
        asset0_.createDate as createDate38_1_,
        asset0_.currentVersionId as current13_38_1_,
        asset0_.averageUserRating as average14_38_1_,
        asset0_.thumbnailBigLocation as thumbna15_38_1_,
        asset0_.thumbnailMiddleLocation as thumbna16_38_1_,
        asset0_.thumbnailLocation as thumbna17_38_1_,
        asset0_.recommendOrder as recomme18_38_1_,
        asset0_.updateDate as updateDate38_1_,
        asset0_.authorid as authorid38_1_,
        asset0_.currentVersion as current21_38_1_,
        asset0_.assetHomePage as assetHo22_38_1_,
        asset0_.name as name38_1_,
        asset0_.source as source38_1_,
        asset0_.description as descrip25_38_1_,
        asset0_.STATUSID as STATUSID38_1_,
        screenshot1_.ASSETID as ASSETID3_,
        screenshot1_.id as id3_,
        screenshot1_.id as id63_0_,
        screenshot1_.VERSIONID as VERSIONID63_0_,
        screenshot1_.ASSETID as ASSETID63_0_,
        screenshot1_.createDate as createDate63_0_,
        screenshot1_.storeLocation as storeLoc3_63_0_,
        screenshot1_.mediaType as mediaType63_0_,
        screenshot1_.description as descript5_63_0_,
        screenshot1_.sequence as sequence63_0_ 
    from
        Asset asset0_ 
    left outer join
        ScreenShots screenshot1_ 
            on asset0_.id=screenshot1_.ASSETID 
    where
        asset0_.id=?
Hibernate: 
    /* load one-to-many com.hp.sdf.ngp.model.Asset.assetRatings */ select
        assetratin0_.ASSETID as ASSETID1_,
        assetratin0_.id as id1_,
        assetratin0_.id as id46_0_,
        assetratin0_.ASSETID as ASSETID46_0_,
        assetratin0_.userid as userid46_0_,
        assetratin0_.rating as rating46_0_,
        assetratin0_.createDate as createDate46_0_,
        assetratin0_.description as descript5_46_0_ 
    from
        AssetRating assetratin0_ 
    where
        assetratin0_.ASSETID=?
Hibernate: 
    /* load com.hp.sdf.ngp.eav.model.Entity */ select
        entity0_.entityID as entityID35_0_,
        entity0_.entityType as entityType35_0_ 
    from
        Entity entity0_ 
    where
        entity0_.entityID=?
Hibernate: 
    /* load one-to-many com.hp.sdf.ngp.eav.model.Entity.attributes */ select
        attributes0_.ENTITYID as ENTITYID1_,
        attributes0_.id as id1_,
        attributes0_.id as id36_0_,
        attributes0_.attributeType as attribut2_36_0_,
        attributes0_.attributeValueID as attribut3_36_0_,
        attributes0_.ENTITYID as ENTITYID36_0_ 
    from
        EntityAttribute attributes0_ 
    where
        attributes0_.ENTITYID=?
Hibernate: 
    /* load com.hp.sdf.ngp.eav.model.AttributeValueChar */ select
        attributev0_.attributeValueID as attribut1_31_0_,
        attributev0_.entityId as entityId31_0_,
        attributev0_.attributeID as attribut4_31_0_,
        attributev0_.value as value31_0_ 
    from
        AttributeValueChar attributev0_ 
    where
        attributev0_.attributeValueID=?
Hibernate: 
    /* load com.hp.sdf.ngp.eav.model.Attribute */ select
        attribute0_.attributeID as attribut1_30_0_,
        attribute0_.attributeType as attribut2_30_0_,
        attribute0_.attributeName as attribut3_30_0_,
        attribute0_.attributeDesc as attribut4_30_0_ 
    from
        Attribute attribute0_ 
    where
        attribute0_.attributeID=?
Hibernate: 
    /* load com.hp.sdf.ngp.eav.model.AttributeValueNumber */ select
        attributev0_.attributeValueID as attribut1_34_0_,
        attributev0_.entityId as entityId34_0_,
        attributev0_.attributeID as attribut4_34_0_,
        attributev0_.value as value34_0_ 
    from
        AttributeValueNumber attributev0_ 
    where
        attributev0_.attributeValueID=?
Hibernate: 
    /* load com.hp.sdf.ngp.eav.model.Attribute */ select
        attribute0_.attributeID as attribut1_30_0_,
        attribute0_.attributeType as attribut2_30_0_,
        attribute0_.attributeName as attribut3_30_0_,
        attribute0_.attributeDesc as attribut4_30_0_ 
    from
        Attribute attribute0_ 
    where
        attribute0_.attributeID=?
Hibernate: 
    /* load com.hp.sdf.ngp.eav.model.AttributeValueChar */ select
        attributev0_.attributeValueID as attribut1_31_0_,
        attributev0_.entityId as entityId31_0_,
        attributev0_.attributeID as attribut4_31_0_,
        attributev0_.value as value31_0_ 
    from
        AttributeValueChar attributev0_ 
    where
        attributev0_.attributeValueID=?
Hibernate: 
    /* load com.hp.sdf.ngp.eav.model.Attribute */ select
        attribute0_.attributeID as attribut1_30_0_,
        attribute0_.attributeType as attribut2_30_0_,
        attribute0_.attributeName as attribut3_30_0_,
        attribute0_.attributeDesc as attribut4_30_0_ 
    from
        Attribute attribute0_ 
    where
        attribute0_.attributeID=?
Hibernate: 
    /* load com.hp.sdf.ngp.eav.model.AttributeValueDate */ select
        attributev0_.attributeValueID as attribut1_32_0_,
        attributev0_.entityId as entityId32_0_,
        attributev0_.attributeID as attribut4_32_0_,
        attributev0_.value as value32_0_ 
    from
        AttributeValueDate attributev0_ 
    where
        attributev0_.attributeValueID=?
Hibernate: 
    /* load com.hp.sdf.ngp.eav.model.Attribute */ select
        attribute0_.attributeID as attribut1_30_0_,
        attribute0_.attributeType as attribut2_30_0_,
        attribute0_.attributeName as attribut3_30_0_,
        attribute0_.attributeDesc as attribut4_30_0_ 
    from
        Attribute attribute0_ 
    where
        attribute0_.attributeID=?
Hibernate: 
    /* criteria query */ select
        distinct this_.attributeID as y0_ 
    from
        Attribute this_ 
    where
        this_.attributeName=? limit ?
Hibernate: 
    /* load com.hp.sdf.ngp.eav.model.Entity */ select
        entity0_.entityID as entityID35_0_,
        entity0_.entityType as entityType35_0_ 
    from
        Entity entity0_ 
    where
        entity0_.entityID=?
Hibernate: 
    /* load one-to-many com.hp.sdf.ngp.eav.model.Entity.attributes */ select
        attributes0_.ENTITYID as ENTITYID1_,
        attributes0_.id as id1_,
        attributes0_.id as id36_0_,
        attributes0_.attributeType as attribut2_36_0_,
        attributes0_.attributeValueID as attribut3_36_0_,
        attributes0_.ENTITYID as ENTITYID36_0_ 
    from
        EntityAttribute attributes0_ 
    where
        attributes0_.ENTITYID=?
Hibernate: 
    /* load com.hp.sdf.ngp.eav.model.AttributeValueChar */ select
        attributev0_.attributeValueID as attribut1_31_0_,
        attributev0_.entityId as entityId31_0_,
        attributev0_.attributeID as attribut4_31_0_,
        attributev0_.value as value31_0_ 
    from
        AttributeValueChar attributev0_ 
    where
        attributev0_.attributeValueID=?
Hibernate: 
    /* load com.hp.sdf.ngp.eav.model.Attribute */ select
        attribute0_.attributeID as attribut1_30_0_,
        attribute0_.attributeType as attribut2_30_0_,
        attribute0_.attributeName as attribut3_30_0_,
        attribute0_.attributeDesc as attribut4_30_0_ 
    from
        Attribute attribute0_ 
    where
        attribute0_.attributeID=?
Hibernate: 
    /* load com.hp.sdf.ngp.eav.model.AttributeValueNumber */ select
        attributev0_.attributeValueID as attribut1_34_0_,
        attributev0_.entityId as entityId34_0_,
        attributev0_.attributeID as attribut4_34_0_,
        attributev0_.value as value34_0_ 
    from
        AttributeValueNumber attributev0_ 
    where
        attributev0_.attributeValueID=?
Hibernate: 
    /* load com.hp.sdf.ngp.eav.model.Attribute */ select
        attribute0_.attributeID as attribut1_30_0_,
        attribute0_.attributeType as attribut2_30_0_,
        attribute0_.attributeName as attribut3_30_0_,
        attribute0_.attributeDesc as attribut4_30_0_ 
    from
        Attribute attribute0_ 
    where
        attribute0_.attributeID=?
Hibernate: 
    /* load com.hp.sdf.ngp.eav.model.AttributeValueChar */ select
        attributev0_.attributeValueID as attribut1_31_0_,
        attributev0_.entityId as entityId31_0_,
        attributev0_.attributeID as attribut4_31_0_,
        attributev0_.value as value31_0_ 
    from
        AttributeValueChar attributev0_ 
    where
        attributev0_.attributeValueID=?
Hibernate: 
    /* load com.hp.sdf.ngp.eav.model.Attribute */ select
        attribute0_.attributeID as attribut1_30_0_,
        attribute0_.attributeType as attribut2_30_0_,
        attribute0_.attributeName as attribut3_30_0_,
        attribute0_.attributeDesc as attribut4_30_0_ 
    from
        Attribute attribute0_ 
    where
        attribute0_.attributeID=?
Hibernate: 
    /* load com.hp.sdf.ngp.eav.model.AttributeValueDate */ select
        attributev0_.attributeValueID as attribut1_32_0_,
        attributev0_.entityId as entityId32_0_,
        attributev0_.attributeID as attribut4_32_0_,
        attributev0_.value as value32_0_ 
    from
        AttributeValueDate attributev0_ 
    where
        attributev0_.attributeValueID=?
Hibernate: 
    /* load com.hp.sdf.ngp.eav.model.Attribute */ select
        attribute0_.attributeID as attribut1_30_0_,
        attribute0_.attributeType as attribut2_30_0_,
        attribute0_.attributeName as attribut3_30_0_,
        attribute0_.attributeDesc as attribut4_30_0_ 
    from
        Attribute attribute0_ 
    where
        attribute0_.attributeID=?
Hibernate: 
    /* criteria query */ select
        distinct this_.attributeID as y0_ 
    from
        Attribute this_ 
    where
        this_.attributeName=? limit ?
Hibernate: 
    /* load com.hp.sdf.ngp.eav.model.Entity */ select
        entity0_.entityID as entityID35_0_,
        entity0_.entityType as entityType35_0_ 
    from
        Entity entity0_ 
    where
        entity0_.entityID=?
Hibernate: 
    /* load one-to-many com.hp.sdf.ngp.eav.model.Entity.attributes */ select
        attributes0_.ENTITYID as ENTITYID1_,
        attributes0_.id as id1_,
        attributes0_.id as id36_0_,
        attributes0_.attributeType as attribut2_36_0_,
        attributes0_.attributeValueID as attribut3_36_0_,
        attributes0_.ENTITYID as ENTITYID36_0_ 
    from
        EntityAttribute attributes0_ 
    where
        attributes0_.ENTITYID=?
Hibernate: 
    /* load com.hp.sdf.ngp.eav.model.AttributeValueChar */ select
        attributev0_.attributeValueID as attribut1_31_0_,
        attributev0_.entityId as entityId31_0_,
        attributev0_.attributeID as attribut4_31_0_,
        attributev0_.value as value31_0_ 
    from
        AttributeValueChar attributev0_ 
    where
        attributev0_.attributeValueID=?
Hibernate: 
    /* load com.hp.sdf.ngp.eav.model.Attribute */ select
        attribute0_.attributeID as attribut1_30_0_,
        attribute0_.attributeType as attribut2_30_0_,
        attribute0_.attributeName as attribut3_30_0_,
        attribute0_.attributeDesc as attribut4_30_0_ 
    from
        Attribute attribute0_ 
    where
        attribute0_.attributeID=?
Hibernate: 
    /* load com.hp.sdf.ngp.eav.model.AttributeValueNumber */ select
        attributev0_.attributeValueID as attribut1_34_0_,
        attributev0_.entityId as entityId34_0_,
        attributev0_.attributeID as attribut4_34_0_,
        attributev0_.value as value34_0_ 
    from
        AttributeValueNumber attributev0_ 
    where
        attributev0_.attributeValueID=?
Hibernate: 
    /* load com.hp.sdf.ngp.eav.model.Attribute */ select
        attribute0_.attributeID as attribut1_30_0_,
        attribute0_.attributeType as attribut2_30_0_,
        attribute0_.attributeName as attribut3_30_0_,
        attribute0_.attributeDesc as attribut4_30_0_ 
    from
        Attribute attribute0_ 
    where
        attribute0_.attributeID=?
Hibernate: 
    /* load com.hp.sdf.ngp.eav.model.AttributeValueChar */ select
        attributev0_.attributeValueID as attribut1_31_0_,
        attributev0_.entityId as entityId31_0_,
        attributev0_.attributeID as attribut4_31_0_,
        attributev0_.value as value31_0_ 
    from
        AttributeValueChar attributev0_ 
    where
        attributev0_.attributeValueID=?
Hibernate: 
    /* load com.hp.sdf.ngp.eav.model.Attribute */ select
        attribute0_.attributeID as attribut1_30_0_,
        attribute0_.attributeType as attribut2_30_0_,
        attribute0_.attributeName as attribut3_30_0_,
        attribute0_.attributeDesc as attribut4_30_0_ 
    from
        Attribute attribute0_ 
    where
        attribute0_.attributeID=?
Hibernate: 
    /* load com.hp.sdf.ngp.eav.model.AttributeValueDate */ select
        attributev0_.attributeValueID as attribut1_32_0_,
        attributev0_.entityId as entityId32_0_,
        attributev0_.attributeID as attribut4_32_0_,
        attributev0_.value as value32_0_ 
    from
        AttributeValueDate attributev0_ 
    where
        attributev0_.attributeValueID=?
Hibernate: 
    /* load com.hp.sdf.ngp.eav.model.Attribute */ select
        attribute0_.attributeID as attribut1_30_0_,
        attribute0_.attributeType as attribut2_30_0_,
        attribute0_.attributeName as attribut3_30_0_,
        attribute0_.attributeDesc as attribut4_30_0_ 
    from
        Attribute attribute0_ 
    where
        attribute0_.attributeID=?
Hibernate: 
    /* criteria query */ select
        distinct this_.attributeID as y0_ 
    from
        Attribute this_ 
    where
        this_.attributeName=? limit ?
Hibernate: 
    /* load com.hp.sdf.ngp.eav.model.Entity */ select
        entity0_.entityID as entityID35_0_,
        entity0_.entityType as entityType35_0_ 
    from
        Entity entity0_ 
    where
        entity0_.entityID=?
Hibernate: 
    /* load one-to-many com.hp.sdf.ngp.eav.model.Entity.attributes */ select
        attributes0_.ENTITYID as ENTITYID1_,
        attributes0_.id as id1_,
        attributes0_.id as id36_0_,
        attributes0_.attributeType as attribut2_36_0_,
        attributes0_.attributeValueID as attribut3_36_0_,
        attributes0_.ENTITYID as ENTITYID36_0_ 
    from
        EntityAttribute attributes0_ 
    where
        attributes0_.ENTITYID=?
Hibernate: 
    /* load com.hp.sdf.ngp.eav.model.AttributeValueChar */ select
        attributev0_.attributeValueID as attribut1_31_0_,
        attributev0_.entityId as entityId31_0_,
        attributev0_.attributeID as attribut4_31_0_,
        attributev0_.value as value31_0_ 
    from
        AttributeValueChar attributev0_ 
    where
        attributev0_.attributeValueID=?
Hibernate: 
    /* load com.hp.sdf.ngp.eav.model.Attribute */ select
        attribute0_.attributeID as attribut1_30_0_,
        attribute0_.attributeType as attribut2_30_0_,
        attribute0_.attributeName as attribut3_30_0_,
        attribute0_.attributeDesc as attribut4_30_0_ 
    from
        Attribute attribute0_ 
    where
        attribute0_.attributeID=?
Hibernate: 
    /* load com.hp.sdf.ngp.eav.model.AttributeValueNumber */ select
        attributev0_.attributeValueID as attribut1_34_0_,
        attributev0_.entityId as entityId34_0_,
        attributev0_.attributeID as attribut4_34_0_,
        attributev0_.value as value34_0_ 
    from
        AttributeValueNumber attributev0_ 
    where
        attributev0_.attributeValueID=?
Hibernate: 
    /* load com.hp.sdf.ngp.eav.model.Attribute */ select
        attribute0_.attributeID as attribut1_30_0_,
        attribute0_.attributeType as attribut2_30_0_,
        attribute0_.attributeName as attribut3_30_0_,
        attribute0_.attributeDesc as attribut4_30_0_ 
    from
        Attribute attribute0_ 
    where
        attribute0_.attributeID=?
Hibernate: 
    /* load com.hp.sdf.ngp.eav.model.AttributeValueChar */ select
        attributev0_.attributeValueID as attribut1_31_0_,
        attributev0_.entityId as entityId31_0_,
        attributev0_.attributeID as attribut4_31_0_,
        attributev0_.value as value31_0_ 
    from
        AttributeValueChar attributev0_ 
    where
        attributev0_.attributeValueID=?
Hibernate: 
    /* load com.hp.sdf.ngp.eav.model.Attribute */ select
        attribute0_.attributeID as attribut1_30_0_,
        attribute0_.attributeType as attribut2_30_0_,
        attribute0_.attributeName as attribut3_30_0_,
        attribute0_.attributeDesc as attribut4_30_0_ 
    from
        Attribute attribute0_ 
    where
        attribute0_.attributeID=?
Hibernate: 
    /* load com.hp.sdf.ngp.eav.model.AttributeValueDate */ select
        attributev0_.attributeValueID as attribut1_32_0_,
        attributev0_.entityId as entityId32_0_,
        attributev0_.attributeID as attribut4_32_0_,
        attributev0_.value as value32_0_ 
    from
        AttributeValueDate attributev0_ 
    where
        attributev0_.attributeValueID=?
Hibernate: 
    /* load com.hp.sdf.ngp.eav.model.Attribute */ select
        attribute0_.attributeID as attribut1_30_0_,
        attribute0_.attributeType as attribut2_30_0_,
        attribute0_.attributeName as attribut3_30_0_,
        attribute0_.attributeDesc as attribut4_30_0_ 
    from
        Attribute attribute0_ 
    where
        attribute0_.attributeID=?
Hibernate: 
    /* criteria query */ select
        distinct this_.id as y0_ 
    from
        Category this_ 
    left outer join
        AssetCategoryRelation assetcateg1_ 
            on this_.id=assetcateg1_.CTGID 
    left outer join
        Asset asset2_ 
            on assetcateg1_.ASSETID=asset2_.id 
    where
        asset2_.id=? limit ?
Hibernate: 
    /* load one-to-many com.hp.sdf.ngp.model.Asset.assets */ select
        assets0_.PARENTID as PARENTID2_,
        assets0_.id as id2_,
        assets0_.id as id38_1_,
        assets0_.entityId as entityId38_1_,
        assets0_.brief as brief38_1_,
        assets0_.externalId as externalId38_1_,
        assets0_.newArrivalDueDate as newArriv5_38_1_,
        assets0_.publishDate as publishD6_38_1_,
        assets0_.recommendDueDate as recommen7_38_1_,
        assets0_.recommendStartDate as recommen8_38_1_,
        assets0_.recommendUpdateDate as recommen9_38_1_,
        assets0_.PARENTID as PARENTID38_1_,
        assets0_.PROVIDERID as PROVIDERID38_1_,
        assets0_.downloadCount as downloa10_38_1_,
        assets0_.docUrl as docUrl38_1_,
        assets0_.createDate as createDate38_1_,
        assets0_.currentVersionId as current13_38_1_,
        assets0_.averageUserRating as average14_38_1_,
        assets0_.thumbnailBigLocation as thumbna15_38_1_,
        assets0_.thumbnailMiddleLocation as thumbna16_38_1_,
        assets0_.thumbnailLocation as thumbna17_38_1_,
        assets0_.recommendOrder as recomme18_38_1_,
        assets0_.updateDate as updateDate38_1_,
        assets0_.authorid as authorid38_1_,
        assets0_.currentVersion as current21_38_1_,
        assets0_.assetHomePage as assetHo22_38_1_,
        assets0_.name as name38_1_,
        assets0_.source as source38_1_,
        assets0_.description as descrip25_38_1_,
        assets0_.STATUSID as STATUSID38_1_,
        status1_.id as id67_0_,
        status1_.type as type67_0_,
        status1_.displayName as displayN3_67_0_,
        status1_.status as status67_0_ 
    from
        Asset assets0_ 
    inner join
        Status status1_ 
            on assets0_.STATUSID=status1_.id 
    where
        assets0_.PARENTID=?
Hibernate: 
    /* load com.hp.sdf.ngp.model.AssetBinaryVersion */ select
        assetbinar0_.id as id39_1_,
        assetbinar0_.entityId as entityId39_1_,
        assetbinar0_.brief as brief39_1_,
        assetbinar0_.expireDate as expireDate39_1_,
        assetbinar0_.externalId as externalId39_1_,
        assetbinar0_.newArrivalDueDate as newArriv6_39_1_,
        assetbinar0_.publishDate as publishD7_39_1_,
        assetbinar0_.recommendDueDate as recommen8_39_1_,
        assetbinar0_.recommendStartDate as recommen9_39_1_,
        assetbinar0_.recommendUpdateDate as recomme10_39_1_,
        assetbinar0_.ASSETID as ASSETID39_1_,
        assetbinar0_.createDate as createDate39_1_,
        assetbinar0_.thumbnailBigLocation as thumbna12_39_1_,
        assetbinar0_.thumbnailMiddleLocation as thumbna13_39_1_,
        assetbinar0_.thumbnailLocation as thumbna14_39_1_,
        assetbinar0_.recommendOrder as recomme15_39_1_,
        assetbinar0_.ownerAssetParentId as ownerAs16_39_1_,
        assetbinar0_.updateDate as updateDate39_1_,
        assetbinar0_.name as name39_1_,
        assetbinar0_.location as location39_1_,
        assetbinar0_.fileName as fileName39_1_,
        assetbinar0_.fileSize as fileSize39_1_,
        assetbinar0_.version as version39_1_,
        assetbinar0_.description as descrip23_39_1_,
        assetbinar0_.STATUSID as STATUSID39_1_,
        status1_.id as id67_0_,
        status1_.type as type67_0_,
        status1_.displayName as displayN3_67_0_,
        status1_.status as status67_0_ 
    from
        AssetBinaryVersion assetbinar0_ 
    left outer join
        Status status1_ 
            on assetbinar0_.STATUSID=status1_.id 
    where
        assetbinar0_.id=?
Hibernate: 
    /* load com.hp.sdf.ngp.model.AssetBinaryVersion */ select
        assetbinar0_.id as id39_0_,
        assetbinar0_.entityId as entityId39_0_,
        assetbinar0_.brief as brief39_0_,
        assetbinar0_.expireDate as expireDate39_0_,
        assetbinar0_.externalId as externalId39_0_,
        assetbinar0_.newArrivalDueDate as newArriv6_39_0_,
        assetbinar0_.publishDate as publishD7_39_0_,
        assetbinar0_.recommendDueDate as recommen8_39_0_,
        assetbinar0_.recommendStartDate as recommen9_39_0_,
        assetbinar0_.recommendUpdateDate as recomme10_39_0_,
        assetbinar0_.ASSETID as ASSETID39_0_,
        assetbinar0_.createDate as createDate39_0_,
        assetbinar0_.thumbnailBigLocation as thumbna12_39_0_,
        assetbinar0_.thumbnailMiddleLocation as thumbna13_39_0_,
        assetbinar0_.thumbnailLocation as thumbna14_39_0_,
        assetbinar0_.recommendOrder as recomme15_39_0_,
        assetbinar0_.ownerAssetParentId as ownerAs16_39_0_,
        assetbinar0_.updateDate as updateDate39_0_,
        assetbinar0_.name as name39_0_,
        assetbinar0_.location as location39_0_,
        assetbinar0_.fileName as fileName39_0_,
        assetbinar0_.fileSize as fileSize39_0_,
        assetbinar0_.version as version39_0_,
        assetbinar0_.description as descrip23_39_0_,
        assetbinar0_.STATUSID as STATUSID39_0_ 
    from
        AssetBinaryVersion assetbinar0_ 
    where
        assetbinar0_.id=?
Hibernate: 
    /* criteria query */ select
        distinct this_.id as y0_ 
    from
        BinaryFile this_ 
    where
        this_.fileLocation=? limit ?
Hibernate: 
    /* load one-to-many com.hp.sdf.ngp.model.AssetBinaryVersion.assetPrices */ select
        assetprice0_.VERSIONID as VERSIONID1_,
        assetprice0_.id as id1_,
        assetprice0_.id as id45_0_,
        assetprice0_.VERSIONID as VERSIONID45_0_,
        assetprice0_.ASSETID as ASSETID45_0_,
        assetprice0_.amount as amount45_0_,
        assetprice0_.currency as currency45_0_ 
    from
        AssetPrice assetprice0_ 
    where
        assetprice0_.VERSIONID=?
Hibernate: 
    /* load one-to-many com.hp.sdf.ngp.model.AssetBinaryVersion.assetLifecycleActions */ select
        assetlifec0_.ASSETBINARYVERSIONID as ASSETBI13_3_,
        assetlifec0_.id as id3_,
        assetlifec0_.id as id41_2_,
        assetlifec0_.ASSETBINARYVERSIONID as ASSETBI13_41_2_,
        assetlifec0_.result as result41_2_,
        assetlifec0_.ASSETID as ASSETID41_2_,
        assetlifec0_.comments as comments41_2_,
        assetlifec0_.completeDate as complete4_41_2_,
        assetlifec0_.createDate as createDate41_2_,
        assetlifec0_.event as event41_2_,
        assetlifec0_.submitterid as submitte7_41_2_,
        assetlifec0_.commentType as commentT8_41_2_,
        assetlifec0_.notificationDate as notifica9_41_2_,
        assetlifec0_.ownerid as ownerid41_2_,
        assetlifec0_.POSTSTATUSID as POSTSTA15_41_2_,
        assetlifec0_.PRESTATUSID as PRESTAT14_41_2_,
        assetlifec0_.processStatus as process11_41_2_,
        assetlifec0_.description as descrip12_41_2_,
        status1_.id as id67_0_,
        status1_.type as type67_0_,
        status1_.displayName as displayN3_67_0_,
        status1_.status as status67_0_,
        status2_.id as id67_1_,
        status2_.type as type67_1_,
        status2_.displayName as displayN3_67_1_,
        status2_.status as status67_1_ 
    from
        AssetLifecycleAction assetlifec0_ 
    left outer join
        Status status1_ 
            on assetlifec0_.POSTSTATUSID=status1_.id 
    left outer join
        Status status2_ 
            on assetlifec0_.PRESTATUSID=status2_.id 
    where
        assetlifec0_.ASSETBINARYVERSIONID=?
Hibernate: 
    /* load one-to-many com.hp.sdf.ngp.model.AssetBinaryVersion.assetRestrictionRelations */ select
        assetrestr0_.VERSIONID as VERSIONID1_,
        assetrestr0_.id as id1_,
        assetrestr0_.id as id47_0_,
        assetrestr0_.VERSIONID as VERSIONID47_0_,
        assetrestr0_.ASSETID as ASSETID47_0_,
        assetrestr0_.RESTRICTIONID as RESTRICT2_47_0_ 
    from
        AssetRestrictionRelation assetrestr0_ 
    where
        assetrestr0_.VERSIONID=?
Hibernate: 
    /* load one-to-many com.hp.sdf.ngp.model.AssetBinaryVersion.assetTagRelations */ select
        assettagre0_.VERSIONID as VERSIONID1_,
        assettagre0_.id as id1_,
        assettagre0_.id as id48_0_,
        assettagre0_.VERSIONID as VERSIONID48_0_,
        assettagre0_.ASSETID as ASSETID48_0_,
        assettagre0_.TAGID as TAGID48_0_ 
    from
        AssetTagRelation assettagre0_ 
    where
        assettagre0_.VERSIONID=?
Hibernate: 
    /* load com.hp.sdf.ngp.model.Asset */ select
        asset0_.id as id38_2_,
        asset0_.entityId as entityId38_2_,
        asset0_.brief as brief38_2_,
        asset0_.externalId as externalId38_2_,
        asset0_.newArrivalDueDate as newArriv5_38_2_,
        asset0_.publishDate as publishD6_38_2_,
        asset0_.recommendDueDate as recommen7_38_2_,
        asset0_.recommendStartDate as recommen8_38_2_,
        asset0_.recommendUpdateDate as recommen9_38_2_,
        asset0_.PARENTID as PARENTID38_2_,
        asset0_.PROVIDERID as PROVIDERID38_2_,
        asset0_.downloadCount as downloa10_38_2_,
        asset0_.docUrl as docUrl38_2_,
        asset0_.createDate as createDate38_2_,
        asset0_.currentVersionId as current13_38_2_,
        asset0_.averageUserRating as average14_38_2_,
        asset0_.thumbnailBigLocation as thumbna15_38_2_,
        asset0_.thumbnailMiddleLocation as thumbna16_38_2_,
        asset0_.thumbnailLocation as thumbna17_38_2_,
        asset0_.recommendOrder as recomme18_38_2_,
        asset0_.updateDate as updateDate38_2_,
        asset0_.authorid as authorid38_2_,
        asset0_.currentVersion as current21_38_2_,
        asset0_.assetHomePage as assetHo22_38_2_,
        asset0_.name as name38_2_,
        asset0_.source as source38_2_,
        asset0_.description as descrip25_38_2_,
        asset0_.STATUSID as STATUSID38_2_,
        assetratin1_.ASSETID as ASSETID4_,
        assetratin1_.id as id4_,
        assetratin1_.id as id46_0_,
        assetratin1_.ASSETID as ASSETID46_0_,
        assetratin1_.userid as userid46_0_,
        assetratin1_.rating as rating46_0_,
        assetratin1_.createDate as createDate46_0_,
        assetratin1_.description as descript5_46_0_,
        status2_.id as id67_1_,
        status2_.type as type67_1_,
        status2_.displayName as displayN3_67_1_,
        status2_.status as status67_1_ 
    from
        Asset asset0_ 
    left outer join
        AssetRating assetratin1_ 
            on asset0_.id=assetratin1_.ASSETID 
    inner join
        Status status2_ 
            on asset0_.STATUSID=status2_.id 
    where
        asset0_.id=?
Hibernate: 
    /* load one-to-many com.hp.sdf.ngp.model.Asset.assetTagRelations */ select
        assettagre0_.ASSETID as ASSETID1_,
        assettagre0_.id as id1_,
        assettagre0_.id as id48_0_,
        assettagre0_.VERSIONID as VERSIONID48_0_,
        assettagre0_.ASSETID as ASSETID48_0_,
        assettagre0_.TAGID as TAGID48_0_ 
    from
        AssetTagRelation assettagre0_ 
    where
        assettagre0_.ASSETID=?
Hibernate: 
    /* delete com.hp.sdf.ngp.model.AssetTagRelation */ delete 
        from
            AssetTagRelation 
        where
            id=?
Hibernate: 
    /* load one-to-many com.hp.sdf.ngp.model.AssetBinaryVersion.assetCategoryRelations */ select
        assetcateg0_.VERSIONID as VERSIONID1_,
        assetcateg0_.id as id1_,
        assetcateg0_.id as id40_0_,
        assetcateg0_.VERSIONID as VERSIONID40_0_,
        assetcateg0_.CTGID as CTGID40_0_,
        assetcateg0_.ASSETID as ASSETID40_0_ 
    from
        AssetCategoryRelation assetcateg0_ 
    where
        assetcateg0_.VERSIONID=?
Hibernate: 
    /* load one-to-many com.hp.sdf.ngp.model.AssetBinaryVersion.screenShotses */ select
        screenshot0_.VERSIONID as VERSIONID1_,
        screenshot0_.id as id1_,
        screenshot0_.id as id63_0_,
        screenshot0_.VERSIONID as VERSIONID63_0_,
        screenshot0_.ASSETID as ASSETID63_0_,
        screenshot0_.createDate as createDate63_0_,
        screenshot0_.storeLocation as storeLoc3_63_0_,
        screenshot0_.mediaType as mediaType63_0_,
        screenshot0_.description as descript5_63_0_,
        screenshot0_.sequence as sequence63_0_ 
    from
        ScreenShots screenshot0_ 
    where
        screenshot0_.VERSIONID=?
Hibernate: 
    /* load one-to-many com.hp.sdf.ngp.model.Asset.screenShotses */ select
        screenshot0_.ASSETID as ASSETID1_,
        screenshot0_.id as id1_,
        screenshot0_.id as id63_0_,
        screenshot0_.VERSIONID as VERSIONID63_0_,
        screenshot0_.ASSETID as ASSETID63_0_,
        screenshot0_.createDate as createDate63_0_,
        screenshot0_.storeLocation as storeLoc3_63_0_,
        screenshot0_.mediaType as mediaType63_0_,
        screenshot0_.description as descript5_63_0_,
        screenshot0_.sequence as sequence63_0_ 
    from
        ScreenShots screenshot0_ 
    where
        screenshot0_.ASSETID=?
Hibernate: 
    /* delete com.hp.sdf.ngp.model.ScreenShots */ delete 
        from
            ScreenShots 
        where
            id=?
Hibernate: 
    /* load com.hp.sdf.ngp.eav.model.Entity */ select
        entity0_.entityID as entityID35_0_,
        entity0_.entityType as entityType35_0_ 
    from
        Entity entity0_ 
    where
        entity0_.entityID=?
Hibernate: 
    /* load com.hp.sdf.ngp.eav.model.Entity */ select
        entity0_.entityID as entityID35_0_,
        entity0_.entityType as entityType35_0_ 
    from
        Entity entity0_ 
    where
        entity0_.entityID=?
Hibernate: 
    /* load one-to-many com.hp.sdf.ngp.eav.model.Entity.attributes */ select
        attributes0_.ENTITYID as ENTITYID1_,
        attributes0_.id as id1_,
        attributes0_.id as id36_0_,
        attributes0_.attributeType as attribut2_36_0_,
        attributes0_.attributeValueID as attribut3_36_0_,
        attributes0_.ENTITYID as ENTITYID36_0_ 
    from
        EntityAttribute attributes0_ 
    where
        attributes0_.ENTITYID=?
Hibernate: 
    /* load com.hp.sdf.ngp.eav.model.AttributeValueChar */ select
        attributev0_.attributeValueID as attribut1_31_0_,
        attributev0_.entityId as entityId31_0_,
        attributev0_.attributeID as attribut4_31_0_,
        attributev0_.value as value31_0_ 
    from
        AttributeValueChar attributev0_ 
    where
        attributev0_.attributeValueID=?
Hibernate: 
    /* load com.hp.sdf.ngp.eav.model.AttributeValueChar */ select
        attributev0_.attributeValueID as attribut1_31_0_,
        attributev0_.entityId as entityId31_0_,
        attributev0_.attributeID as attribut4_31_0_,
        attributev0_.value as value31_0_ 
    from
        AttributeValueChar attributev0_ 
    where
        attributev0_.attributeValueID=?
Hibernate: 
    /* load com.hp.sdf.ngp.eav.model.Attribute */ select
        attribute0_.attributeID as attribut1_30_0_,
        attribute0_.attributeType as attribut2_30_0_,
        attribute0_.attributeName as attribut3_30_0_,
        attribute0_.attributeDesc as attribut4_30_0_ 
    from
        Attribute attribute0_ 
    where
        attribute0_.attributeID=?
Hibernate: 
    /* load com.hp.sdf.ngp.eav.model.Attribute */ select
        attribute0_.attributeID as attribut1_30_0_,
        attribute0_.attributeType as attribut2_30_0_,
        attribute0_.attributeName as attribut3_30_0_,
        attribute0_.attributeDesc as attribut4_30_0_ 
    from
        Attribute attribute0_ 
    where
        attribute0_.attributeID=?
Hibernate: 
    /* load com.hp.sdf.ngp.eav.model.AttributeValueNumber */ select
        attributev0_.attributeValueID as attribut1_34_0_,
        attributev0_.entityId as entityId34_0_,
        attributev0_.attributeID as attribut4_34_0_,
        attributev0_.value as value34_0_ 
    from
        AttributeValueNumber attributev0_ 
    where
        attributev0_.attributeValueID=?
Hibernate: 
    /* load com.hp.sdf.ngp.eav.model.AttributeValueChar */ select
        attributev0_.attributeValueID as attribut1_31_0_,
        attributev0_.entityId as entityId31_0_,
        attributev0_.attributeID as attribut4_31_0_,
        attributev0_.value as value31_0_ 
    from
        AttributeValueChar attributev0_ 
    where
        attributev0_.attributeValueID=?
Hibernate: 
    /* delete com.hp.sdf.ngp.eav.model.AttributeValueChar */ delete 
        from
            AttributeValueChar 
        where
            attributeValueID=?
Hibernate: 
    /* load com.hp.sdf.ngp.eav.model.AttributeValueNumber */ select
        attributev0_.attributeValueID as attribut1_34_0_,
        attributev0_.entityId as entityId34_0_,
        attributev0_.attributeID as attribut4_34_0_,
        attributev0_.value as value34_0_ 
    from
        AttributeValueNumber attributev0_ 
    where
        attributev0_.attributeValueID=?
</system-out>
    <system-err>java.lang.IllegalArgumentException: entity can not be null.
	at org.springframework.util.Assert.notNull(Assert.java:112)
	at com.hp.sdf.ngp.dao.BaseDao.remove(BaseDao.java:144)
	at com.hp.sdf.ngp.dao.BaseDao.remove(BaseDao.java:193)
	at com.hp.sdf.ngp.eav.impl.EavRepositoryImpl.deleteEntity(EavRepositoryImpl.java:82)
	at com.hp.sdf.ngp.eav.impl.EavRepositoryImpl$$FastClassByCGLIB$$5f842e73.invoke(&lt;generated&gt;)
	at net.sf.cglib.proxy.MethodProxy.invoke(MethodProxy.java:149)
	at org.springframework.aop.framework.Cglib2AopProxy$CglibMethodInvocation.invokeJoinpoint(Cglib2AopProxy.java:692)
	at org.springframework.aop.framework.ReflectiveMethodInvocation.proceed(ReflectiveMethodInvocation.java:150)
	at org.springframework.transaction.interceptor.TransactionInterceptor.invoke(TransactionInterceptor.java:107)
	at org.springframework.aop.framework.ReflectiveMethodInvocation.proceed(ReflectiveMethodInvocation.java:172)
	at org.springframework.aop.framework.Cglib2AopProxy$DynamicAdvisedInterceptor.intercept(Cglib2AopProxy.java:625)
	at com.hp.sdf.ngp.eav.impl.EavRepositoryImpl$$EnhancerByCGLIB$$5a459fbd.deleteEntity(&lt;generated&gt;)
	at com.hp.sdf.ngp.service.impl.ApplicationServiceImpl.deleteAssetBinary(ApplicationServiceImpl.java:1485)
	at com.hp.sdf.ngp.service.impl.ApplicationServiceImpl$$FastClassByCGLIB$$f4cdb9d1.invoke(&lt;generated&gt;)
	at net.sf.cglib.proxy.MethodProxy.invoke(MethodProxy.java:149)
	at org.springframework.aop.framework.Cglib2AopProxy$CglibMethodInvocation.invokeJoinpoint(Cglib2AopProxy.java:692)
	at org.springframework.aop.framework.ReflectiveMethodInvocation.proceed(ReflectiveMethodInvocation.java:150)
	at org.springframework.transaction.interceptor.TransactionInterceptor.invoke(TransactionInterceptor.java:107)
	at org.springframework.aop.framework.ReflectiveMethodInvocation.proceed(ReflectiveMethodInvocation.java:172)
	at org.springframework.aop.framework.Cglib2AopProxy$DynamicAdvisedInterceptor.intercept(Cglib2AopProxy.java:625)
	at com.hp.sdf.ngp.service.impl.ApplicationServiceImpl$$EnhancerByCGLIB$$6dd5379b.deleteAssetBinary(&lt;generated&gt;)
	at com.hp.sdf.ngp.api.impl.assetcatalog.AssetCatalogServiceImpl.deleteBinaryVersion(AssetCatalogServiceImpl.java:718)
	at com.hp.sdf.ngp.api.impl.assetcatalog.AssetCatalogServiceImpl$$FastClassByCGLIB$$eb88a218.invoke(&lt;generated&gt;)
	at net.sf.cglib.proxy.MethodProxy.invoke(MethodProxy.java:149)
	at org.springframework.aop.framework.Cglib2AopProxy$CglibMethodInvocation.invokeJoinpoint(Cglib2AopProxy.java:692)
	at org.springframework.aop.framework.ReflectiveMethodInvocation.proceed(ReflectiveMethodInvocation.java:150)
	at org.springframework.transaction.interceptor.TransactionInterceptor.invoke(TransactionInterceptor.java:107)
	at org.springframework.aop.framework.ReflectiveMethodInvocation.proceed(ReflectiveMethodInvocation.java:172)
	at org.springframework.aop.framework.Cglib2AopProxy$DynamicAdvisedInterceptor.intercept(Cglib2AopProxy.java:625)
	at com.hp.sdf.ngp.api.impl.assetcatalog.AssetCatalogServiceImpl$$EnhancerByCGLIB$$aff9d022.deleteBinaryVersion(&lt;generated&gt;)
	at com.hp.sdf.ngp.api.impl.delegate.AssetCatalogServiceDelegate.deleteBinaryVersion(AssetCatalogServiceDelegate.java:185)
	at com.hp.sdf.ngp.sbm.storeclient.TestClientContentService.testBug126_3(TestClientContentService.java:1227)
	at com.hp.sdf.ngp.sbm.storeclient.TestClientContentService.testBug126_1(TestClientContentService.java:1220)
	at sun.reflect.NativeMethodAccessorImpl.invoke0(Native Method)
	at sun.reflect.NativeMethodAccessorImpl.invoke(NativeMethodAccessorImpl.java:39)
	at sun.reflect.DelegatingMethodAccessorImpl.invoke(DelegatingMethodAccessorImpl.java:25)
	at java.lang.reflect.Method.invoke(Method.java:585)
	at org.junit.runners.model.FrameworkMethod$1.runReflectiveCall(FrameworkMethod.java:44)
	at org.junit.internal.runners.model.ReflectiveCallable.run(ReflectiveCallable.java:15)
	at org.junit.runners.model.FrameworkMethod.invokeExplosively(FrameworkMethod.java:41)
	at org.junit.internal.runners.statements.InvokeMethod.evaluate(InvokeMethod.java:20)
	at org.junit.internal.runners.statements.RunBefores.evaluate(RunBefores.java:28)
	at org.springframework.test.context.junit4.statements.RunBeforeTestMethodCallbacks.evaluate(RunBeforeTestMethodCallbacks.java:74)
	at org.junit.internal.runners.statements.RunAfters.evaluate(RunAfters.java:31)
	at org.springframework.test.context.junit4.statements.RunAfterTestMethodCallbacks.evaluate(RunAfterTestMethodCallbacks.java:82)
	at org.springframework.test.context.junit4.statements.SpringRepeat.evaluate(SpringRepeat.java:72)
	at org.springframework.test.context.junit4.SpringJUnit4ClassRunner.runChild(SpringJUnit4ClassRunner.java:240)
	at org.junit.runners.BlockJUnit4ClassRunner.runChild(BlockJUnit4ClassRunner.java:44)
	at org.junit.runners.ParentRunner.runChildren(ParentRunner.java:180)
	at org.junit.runners.ParentRunner.access$000(ParentRunner.java:41)
	at org.junit.runners.ParentRunner$1.evaluate(ParentRunner.java:173)
	at org.junit.internal.runners.statements.RunBefores.evaluate(RunBefores.java:28)
	at org.springframework.test.context.junit4.statements.RunBeforeTestClassCallbacks.evaluate(RunBeforeTestClassCallbacks.java:61)
	at org.junit.internal.runners.statements.RunAfters.evaluate(RunAfters.java:31)
	at org.springframework.test.context.junit4.statements.RunAfterTestClassCallbacks.evaluate(RunAfterTestClassCallbacks.java:70)
	at org.junit.runners.ParentRunner.run(ParentRunner.java:220)
	at org.springframework.test.context.junit4.SpringJUnit4ClassRunner.run(SpringJUnit4ClassRunner.java:180)
	at org.apache.maven.surefire.junit4.JUnit4TestSet.execute(JUnit4TestSet.java:62)
	at org.apache.maven.surefire.suite.AbstractDirectoryTestSuite.executeTestSet(AbstractDirectoryTestSuite.java:140)
	at org.apache.maven.surefire.suite.AbstractDirectoryTestSuite.execute(AbstractDirectoryTestSuite.java:127)
	at org.apache.maven.surefire.Surefire.run(Surefire.java:177)
	at sun.reflect.NativeMethodAccessorImpl.invoke0(Native Method)
	at sun.reflect.NativeMethodAccessorImpl.invoke(NativeMethodAccessorImpl.java:39)
	at sun.reflect.DelegatingMethodAccessorImpl.invoke(DelegatingMethodAccessorImpl.java:25)
	at java.lang.reflect.Method.invoke(Method.java:585)
	at org.apache.maven.surefire.booter.SurefireBooter.runSuitesInProcess(SurefireBooter.java:338)
	at org.apache.maven.surefire.booter.SurefireBooter.main(SurefireBooter.java:997)
</system-err>
  </testcase>
  <testcase classname="com.hp.sdf.ngp.sbm.storeclient.TestClientContentService" time="2.203" name="testBug113"/>
  <testcase classname="com.hp.sdf.ngp.sbm.storeclient.TestClientContentService" time="1.547" name="testBug136"/>
  <testcase classname="com.hp.sdf.ngp.sbm.storeclient.TestClientContentService" time="1.359" name="testBug137"/>
  <testcase classname="com.hp.sdf.ngp.sbm.storeclient.TestClientContentService" time="2.391" name="testBug138"/>
</testsuite>